#
# There is insufficient memory for the Java Runtime Environment to continue.
# Native memory allocation (mmap) failed to map 53477376 bytes for Failed to commit area from 0x0000000712000000 to 0x0000000715300000 of length 53477376.
# Possible reasons:
#   The system is out of physical RAM or swap space
#   The process is running with CompressedOops enabled, and the Java Heap may be blocking the growth of the native heap
# Possible solutions:
#   Reduce memory load on the system
#   Increase physical memory or swap space
#   Check if swap backing store is full
#   Decrease Java heap size (-Xmx/-Xms)
#   Decrease number of Java threads
#   Decrease Java thread stack sizes (-Xss)
#   Set larger code cache with -XX:ReservedCodeCacheSize=
#   JVM is running with Zero Based Compressed Oops mode in which the Java heap is
#     placed in the first 32GB address space. The Java Heap base address is the
#     maximum limit for the native heap growth. Please use -XX:HeapBaseMinAddress
#     to set the Java Heap base and to place the Java Heap above 32GB virtual address.
# This output file may be truncated or incomplete.
#
#  Out of Memory Error (./open/src/hotspot/os/windows/os_windows.cpp:3292), pid=18156, tid=18528
#
# JRE version: Java(TM) SE Runtime Environment 18.9 (11.0.19+9) (build 11.0.19+9-LTS-224)
# Java VM: Java HotSpot(TM) 64-Bit Server VM 18.9 (11.0.19+9-LTS-224, mixed mode, tiered, compressed oops, g1 gc, windows-amd64)
# No core dump will be written. Minidumps are not enabled by default on client versions of Windows
#

---------------  S U M M A R Y ------------

Command Line: -javaagent:C:\\Users\\JUNIOR\\.m2\\repository\\org\\jacoco\\org.jacoco.agent\\0.8.7\\org.jacoco.agent-0.8.7-runtime.jar=destfile=D:\\JAVA_PROYECTOS\\Practica_Experto_Junior_Salinas\\target\\jacoco.exec,excludes=com/PracticaExperto/Practica_Experto_Junior_Salinas/controller/**:com/PracticaExperto/Practica_Experto_Junior_Salinas/model/**:com/PracticaExperto/Practica_Experto_Junior_Salinas/repository/**:com/PracticaExperto/Practica_Experto_Junior_Salinas/service/AutorService.class:com/PracticaExperto/Practica_Experto_Junior_Salinas/service/DireccionService.class:com/PracticaExperto/Practica_Experto_Junior_Salinas/PracticaExpertoJuniorSalinasApplication.class C:\Users\JUNIOR\AppData\Local\Temp\surefire13786779263821996455\surefirebooter7244694097907693049.jar C:\Users\JUNIOR\AppData\Local\Temp\surefire13786779263821996455 2023-09-26T00-57-28_642-jvmRun1 surefire13942604176691543631tmp surefire_014025317573431111488tmp

Host: Intel(R) Core(TM) i7-8750H CPU @ 2.20GHz, 12 cores, 15G,  Windows 11 , 64 bit Build 22621 (10.0.22621.1778)
Time: Tue Sep 26 00:57:32 2023 Hora est. Pacífico, Sudamérica elapsed time: 3.417871 seconds (0d 0h 0m 3s)

---------------  T H R E A D  ---------------

Current thread (0x00000251bf376000):  VMThread "VM Thread" [stack: 0x000000b098300000,0x000000b098400000] [id=18528]

Stack: [0x000000b098300000,0x000000b098400000]
[error occurred during error reporting (printing stack bounds), id 0xc0000005, EXCEPTION_ACCESS_VIOLATION (0xc0000005) at pc=0x00000251a39b0f2d]

Native frames: (J=compiled Java code, j=interpreted, Vv=VM code, C=native code)
V  [jvm.dll+0x65fe1a]
V  [jvm.dll+0x7a2bbf]
V  [jvm.dll+0x7a4289]
V  [jvm.dll+0x7a4885]
V  [jvm.dll+0x7a483b]
V  [jvm.dll+0x65f323]
V  [jvm.dll+0x65fa18]
C  [ntdll.dll+0xa3cff]
C  [ntdll.dll+0x1e456]
C  [ntdll.dll+0xa2cee]
C  0x00000251a39b0f2d

VM_Operation (0x000000b097df9aa0): CollectForMetadataAllocation, mode: safepoint, requested by thread 0x000002519c2de000


---------------  P R O C E S S  ---------------

Threads class SMR info:
_java_thread_list=0x00000251c340ab90, length=14, elements={
0x000002519c2de000, 0x00000251bf379800, 0x00000251bf37c000, 0x00000251bfc96800,
0x00000251bfc98800, 0x00000251bfc9a000, 0x00000251bfc9b000, 0x00000251bfc3f000,
0x00000251bfc4c800, 0x00000251bfe05000, 0x00000251bfe3d800, 0x00000251c0634000,
0x00000251c0f85000, 0x00000251c06c3000
}

Java Threads: ( => current thread )
  0x000002519c2de000 JavaThread "main" [_thread_blocked, id=25940, stack(0x000000b097d00000,0x000000b097e00000)]
  0x00000251bf379800 JavaThread "Reference Handler" daemon [_thread_blocked, id=19664, stack(0x000000b098400000,0x000000b098500000)]
  0x00000251bf37c000 JavaThread "Finalizer" daemon [_thread_blocked, id=28056, stack(0x000000b098500000,0x000000b098600000)]
  0x00000251bfc96800 JavaThread "Signal Dispatcher" daemon [_thread_blocked, id=10508, stack(0x000000b098600000,0x000000b098700000)]
  0x00000251bfc98800 JavaThread "Attach Listener" daemon [_thread_blocked, id=5932, stack(0x000000b098700000,0x000000b098800000)]
  0x00000251bfc9a000 JavaThread "Service Thread" daemon [_thread_blocked, id=27176, stack(0x000000b098800000,0x000000b098900000)]
  0x00000251bfc9b000 JavaThread "C2 CompilerThread0" daemon [_thread_blocked, id=19136, stack(0x000000b098900000,0x000000b098a00000)]
  0x00000251bfc3f000 JavaThread "C1 CompilerThread0" daemon [_thread_blocked, id=17260, stack(0x000000b098a00000,0x000000b098b00000)]
  0x00000251bfc4c800 JavaThread "Sweeper thread" daemon [_thread_blocked, id=5156, stack(0x000000b098b00000,0x000000b098c00000)]
  0x00000251bfe05000 JavaThread "Common-Cleaner" daemon [_thread_blocked, id=25008, stack(0x000000b098c00000,0x000000b098d00000)]
  0x00000251bfe3d800 JavaThread "C2 CompilerThread1" daemon [_thread_blocked, id=9336, stack(0x000000b098d00000,0x000000b098e00000)]
  0x00000251c0634000 JavaThread "surefire-forkedjvm-command-thread" daemon [_thread_in_native, id=13500, stack(0x000000b098f00000,0x000000b099000000)]
  0x00000251c0f85000 JavaThread "surefire-forkedjvm-ping-30s" daemon [_thread_blocked, id=11860, stack(0x000000b099000000,0x000000b099100000)]
  0x00000251c06c3000 JavaThread "C2 CompilerThread2" daemon [_thread_in_native, id=11832, stack(0x000000b099100000,0x000000b099200000)]

Other Threads:
=>0x00000251bf376000 VMThread "VM Thread" [stack: 0x000000b098300000,0x000000b098400000] [id=18528]
  0x00000251c0725800 WatcherThread [stack: 0x000000b098e00000,0x000000b098f00000] [id=16152]
  0x000002519c2f3800 GCTaskThread "GC Thread#0" [stack: 0x000000b097e00000,0x000000b097f00000] [id=21292]
  0x00000251c0f86000 GCTaskThread "GC Thread#1" [stack: 0x000000b099200000,0x000000b099300000] [id=26820]
  0x00000251c0c16800 GCTaskThread "GC Thread#2" [stack: 0x000000b099300000,0x000000b099400000] [id=22276]
  0x00000251c0c17000 GCTaskThread "GC Thread#3" [stack: 0x000000b099400000,0x000000b099500000] [id=5008]
  0x00000251c06c0800 GCTaskThread "GC Thread#4" [stack: 0x000000b099500000,0x000000b099600000] [id=26828]
  0x00000251c06c1000 GCTaskThread "GC Thread#5" [stack: 0x000000b099600000,0x000000b099700000] [id=26748]
  0x000002519c34f800 ConcurrentGCThread "G1 Main Marker" [stack: 0x000000b097f00000,0x000000b098000000] [id=15032]
  0x000002519c351800 ConcurrentGCThread "G1 Conc#0" [stack: 0x000000b098000000,0x000000b098100000] [id=9820]
  0x00000251c25db000 ConcurrentGCThread "G1 Conc#1" [stack: 0x000000b099700000,0x000000b099800000] [id=6128]
  0x00000251c31af000 ConcurrentGCThread "G1 Conc#2" [stack: 0x000000b099800000,0x000000b099900000] [id=22820]
  0x00000251bf25f800 ConcurrentGCThread "G1 Refine#0" [stack: 0x000000b098100000,0x000000b098200000] [id=3580]
  0x00000251bf262800 ConcurrentGCThread "G1 Young RemSet Sampling" [stack: 0x000000b098200000,0x000000b098300000] [id=8992]

Threads with active compile tasks:
C2 CompilerThread0     3433 3786       4       org.jacoco.agent.rt.internal_3570298.asm.ClassWriter::toByteArray (1535 bytes)
C1 CompilerThread0     3433 3840       3       org.jacoco.agent.rt.internal_3570298.asm.AnnotationWriter::putAnnotations (67 bytes)
C2 CompilerThread1     3433 3828       4       java.lang.StringLatin1::toUpperCase (180 bytes)
C2 CompilerThread2     3433 3633       4       java.net.URLStreamHandler::parseURL (1201 bytes)

VM state:at safepoint (normal execution)

VM Mutex/Monitor currently owned by a thread:  ([mutex/lock_event])
[0x000002519c2dac40] Threads_lock - owner thread: 0x00000251bf376000
[0x000002519c2da8e0] Heap_lock - owner thread: 0x000002519c2de000

Heap address: 0x0000000702200000, size: 4062 MB, Compressed Oops mode: Zero based, Oop shift amount: 3
Narrow klass base: 0x0000000800000000, Narrow klass shift: 0
Compressed class space size: 1073741824 Address: 0x0000000800000000

Heap:
 garbage-first heap   total 312320K, used 13678K [0x0000000702200000, 0x0000000800000000)
  region size 1024K, 9 young (9216K), 9 survivors (9216K)
 Metaspace       used 34324K, capacity 35368K, committed 35584K, reserved 1081344K
  class space    used 3663K, capacity 4086K, committed 4096K, reserved 1048576K
Heap Regions: E=young(eden), S=young(survivor), O=old, HS=humongous(starts), HC=humongous(continues), CS=collection set, F=free, A=archive, TAMS=top-at-mark-start (previous, next)
|   0|0x0000000702200000, 0x0000000702300000, 0x0000000702300000|100%|HS|  |TAMS 0x0000000702300000, 0x0000000702300000| Complete 
|   1|0x0000000702300000, 0x0000000702400000, 0x0000000702400000|100%| O|  |TAMS 0x0000000702400000, 0x0000000702400000| Untracked 
|   2|0x0000000702400000, 0x0000000702500000, 0x0000000702500000|100%| O|  |TAMS 0x0000000702500000, 0x0000000702500000| Untracked 
|   3|0x0000000702500000, 0x0000000702600000, 0x0000000702600000|100%| O|  |TAMS 0x0000000702600000, 0x0000000702600000| Untracked 
|   4|0x0000000702600000, 0x0000000702694400, 0x0000000702700000| 57%| O|  |TAMS 0x0000000702694400, 0x0000000702694400| Untracked 
|   5|0x0000000702700000, 0x0000000702700000, 0x0000000702800000|  0%| F|  |TAMS 0x0000000702700000, 0x0000000702700000| Untracked 
|   6|0x0000000702800000, 0x0000000702800000, 0x0000000702900000|  0%| F|  |TAMS 0x0000000702800000, 0x0000000702800000| Untracked 
|   7|0x0000000702900000, 0x0000000702900000, 0x0000000702a00000|  0%| F|  |TAMS 0x0000000702900000, 0x0000000702900000| Untracked 
|   8|0x0000000702a00000, 0x0000000702a00000, 0x0000000702b00000|  0%| F|  |TAMS 0x0000000702a00000, 0x0000000702a00000| Untracked 
|   9|0x0000000702b00000, 0x0000000702b00000, 0x0000000702c00000|  0%| F|  |TAMS 0x0000000702b00000, 0x0000000702b00000| Untracked 
|  10|0x0000000702c00000, 0x0000000702c00000, 0x0000000702d00000|  0%| F|  |TAMS 0x0000000702c00000, 0x0000000702c00000| Untracked 
|  11|0x0000000702d00000, 0x0000000702d00000, 0x0000000702e00000|  0%| F|  |TAMS 0x0000000702d00000, 0x0000000702d00000| Untracked 
|  12|0x0000000702e00000, 0x0000000702e00000, 0x0000000702f00000|  0%| F|  |TAMS 0x0000000702e00000, 0x0000000702e00000| Untracked 
|  13|0x0000000702f00000, 0x0000000702f00000, 0x0000000703000000|  0%| F|  |TAMS 0x0000000702f00000, 0x0000000702f00000| Untracked 
|  14|0x0000000703000000, 0x0000000703000000, 0x0000000703100000|  0%| F|  |TAMS 0x0000000703000000, 0x0000000703000000| Untracked 
|  15|0x0000000703100000, 0x0000000703100000, 0x0000000703200000|  0%| F|  |TAMS 0x0000000703100000, 0x0000000703100000| Untracked 
|  16|0x0000000703200000, 0x0000000703200000, 0x0000000703300000|  0%| F|  |TAMS 0x0000000703200000, 0x0000000703200000| Untracked 
|  17|0x0000000703300000, 0x0000000703300000, 0x0000000703400000|  0%| F|  |TAMS 0x0000000703300000, 0x0000000703300000| Untracked 
|  18|0x0000000703400000, 0x0000000703400000, 0x0000000703500000|  0%| F|  |TAMS 0x0000000703400000, 0x0000000703400000| Untracked 
|  19|0x0000000703500000, 0x0000000703500000, 0x0000000703600000|  0%| F|  |TAMS 0x0000000703500000, 0x0000000703500000| Untracked 
|  20|0x0000000703600000, 0x0000000703600000, 0x0000000703700000|  0%| F|  |TAMS 0x0000000703600000, 0x0000000703600000| Untracked 
|  21|0x0000000703700000, 0x0000000703700000, 0x0000000703800000|  0%| F|  |TAMS 0x0000000703700000, 0x0000000703700000| Untracked 
|  22|0x0000000703800000, 0x0000000703800000, 0x0000000703900000|  0%| F|  |TAMS 0x0000000703800000, 0x0000000703800000| Untracked 
|  23|0x0000000703900000, 0x0000000703900000, 0x0000000703a00000|  0%| F|  |TAMS 0x0000000703900000, 0x0000000703900000| Untracked 
|  24|0x0000000703a00000, 0x0000000703a00000, 0x0000000703b00000|  0%| F|  |TAMS 0x0000000703a00000, 0x0000000703a00000| Untracked 
|  25|0x0000000703b00000, 0x0000000703b00000, 0x0000000703c00000|  0%| F|  |TAMS 0x0000000703b00000, 0x0000000703b00000| Untracked 
|  26|0x0000000703c00000, 0x0000000703c00000, 0x0000000703d00000|  0%| F|  |TAMS 0x0000000703c00000, 0x0000000703c00000| Untracked 
|  27|0x0000000703d00000, 0x0000000703d00000, 0x0000000703e00000|  0%| F|  |TAMS 0x0000000703d00000, 0x0000000703d00000| Untracked 
|  28|0x0000000703e00000, 0x0000000703e00000, 0x0000000703f00000|  0%| F|  |TAMS 0x0000000703e00000, 0x0000000703e00000| Untracked 
|  29|0x0000000703f00000, 0x0000000703f00000, 0x0000000704000000|  0%| F|  |TAMS 0x0000000703f00000, 0x0000000703f00000| Untracked 
|  30|0x0000000704000000, 0x0000000704000000, 0x0000000704100000|  0%| F|  |TAMS 0x0000000704000000, 0x0000000704000000| Untracked 
|  31|0x0000000704100000, 0x0000000704100000, 0x0000000704200000|  0%| F|  |TAMS 0x0000000704100000, 0x0000000704100000| Untracked 
|  32|0x0000000704200000, 0x0000000704200000, 0x0000000704300000|  0%| F|  |TAMS 0x0000000704200000, 0x0000000704200000| Untracked 
|  33|0x0000000704300000, 0x0000000704300000, 0x0000000704400000|  0%| F|  |TAMS 0x0000000704300000, 0x0000000704300000| Untracked 
|  34|0x0000000704400000, 0x0000000704400000, 0x0000000704500000|  0%| F|  |TAMS 0x0000000704400000, 0x0000000704400000| Untracked 
|  35|0x0000000704500000, 0x0000000704500000, 0x0000000704600000|  0%| F|  |TAMS 0x0000000704500000, 0x0000000704500000| Untracked 
|  36|0x0000000704600000, 0x0000000704600000, 0x0000000704700000|  0%| F|  |TAMS 0x0000000704600000, 0x0000000704600000| Untracked 
|  37|0x0000000704700000, 0x0000000704700000, 0x0000000704800000|  0%| F|  |TAMS 0x0000000704700000, 0x0000000704700000| Untracked 
|  38|0x0000000704800000, 0x0000000704800000, 0x0000000704900000|  0%| F|  |TAMS 0x0000000704800000, 0x0000000704800000| Untracked 
|  39|0x0000000704900000, 0x0000000704900000, 0x0000000704a00000|  0%| F|  |TAMS 0x0000000704900000, 0x0000000704900000| Untracked 
|  40|0x0000000704a00000, 0x0000000704a00000, 0x0000000704b00000|  0%| F|  |TAMS 0x0000000704a00000, 0x0000000704a00000| Untracked 
|  41|0x0000000704b00000, 0x0000000704b00000, 0x0000000704c00000|  0%| F|  |TAMS 0x0000000704b00000, 0x0000000704b00000| Untracked 
|  42|0x0000000704c00000, 0x0000000704c00000, 0x0000000704d00000|  0%| F|  |TAMS 0x0000000704c00000, 0x0000000704c00000| Untracked 
|  43|0x0000000704d00000, 0x0000000704d00000, 0x0000000704e00000|  0%| F|  |TAMS 0x0000000704d00000, 0x0000000704d00000| Untracked 
|  44|0x0000000704e00000, 0x0000000704e00000, 0x0000000704f00000|  0%| F|  |TAMS 0x0000000704e00000, 0x0000000704e00000| Untracked 
|  45|0x0000000704f00000, 0x0000000704f00000, 0x0000000705000000|  0%| F|  |TAMS 0x0000000704f00000, 0x0000000704f00000| Untracked 
|  46|0x0000000705000000, 0x0000000705000000, 0x0000000705100000|  0%| F|  |TAMS 0x0000000705000000, 0x0000000705000000| Untracked 
|  47|0x0000000705100000, 0x0000000705100000, 0x0000000705200000|  0%| F|  |TAMS 0x0000000705100000, 0x0000000705100000| Untracked 
|  48|0x0000000705200000, 0x0000000705200000, 0x0000000705300000|  0%| F|  |TAMS 0x0000000705200000, 0x0000000705200000| Untracked 
|  49|0x0000000705300000, 0x0000000705300000, 0x0000000705400000|  0%| F|  |TAMS 0x0000000705300000, 0x0000000705300000| Untracked 
|  50|0x0000000705400000, 0x0000000705400000, 0x0000000705500000|  0%| F|  |TAMS 0x0000000705400000, 0x0000000705400000| Untracked 
|  51|0x0000000705500000, 0x0000000705500000, 0x0000000705600000|  0%| F|  |TAMS 0x0000000705500000, 0x0000000705500000| Untracked 
|  52|0x0000000705600000, 0x0000000705600000, 0x0000000705700000|  0%| F|  |TAMS 0x0000000705600000, 0x0000000705600000| Untracked 
|  53|0x0000000705700000, 0x0000000705700000, 0x0000000705800000|  0%| F|  |TAMS 0x0000000705700000, 0x0000000705700000| Untracked 
|  54|0x0000000705800000, 0x0000000705800000, 0x0000000705900000|  0%| F|  |TAMS 0x0000000705800000, 0x0000000705800000| Untracked 
|  55|0x0000000705900000, 0x0000000705900000, 0x0000000705a00000|  0%| F|  |TAMS 0x0000000705900000, 0x0000000705900000| Untracked 
|  56|0x0000000705a00000, 0x0000000705a00000, 0x0000000705b00000|  0%| F|  |TAMS 0x0000000705a00000, 0x0000000705a00000| Untracked 
|  57|0x0000000705b00000, 0x0000000705b00000, 0x0000000705c00000|  0%| F|  |TAMS 0x0000000705b00000, 0x0000000705b00000| Untracked 
|  58|0x0000000705c00000, 0x0000000705c00000, 0x0000000705d00000|  0%| F|  |TAMS 0x0000000705c00000, 0x0000000705c00000| Untracked 
|  59|0x0000000705d00000, 0x0000000705d00000, 0x0000000705e00000|  0%| F|  |TAMS 0x0000000705d00000, 0x0000000705d00000| Untracked 
|  60|0x0000000705e00000, 0x0000000705e00000, 0x0000000705f00000|  0%| F|  |TAMS 0x0000000705e00000, 0x0000000705e00000| Untracked 
|  61|0x0000000705f00000, 0x0000000705f00000, 0x0000000706000000|  0%| F|  |TAMS 0x0000000705f00000, 0x0000000705f00000| Untracked 
|  62|0x0000000706000000, 0x0000000706000000, 0x0000000706100000|  0%| F|  |TAMS 0x0000000706000000, 0x0000000706000000| Untracked 
|  63|0x0000000706100000, 0x0000000706100000, 0x0000000706200000|  0%| F|  |TAMS 0x0000000706100000, 0x0000000706100000| Untracked 
|  64|0x0000000706200000, 0x0000000706200000, 0x0000000706300000|  0%| F|  |TAMS 0x0000000706200000, 0x0000000706200000| Untracked 
|  65|0x0000000706300000, 0x0000000706300000, 0x0000000706400000|  0%| F|  |TAMS 0x0000000706300000, 0x0000000706300000| Untracked 
|  66|0x0000000706400000, 0x0000000706400000, 0x0000000706500000|  0%| F|  |TAMS 0x0000000706400000, 0x0000000706400000| Untracked 
|  67|0x0000000706500000, 0x0000000706500000, 0x0000000706600000|  0%| F|  |TAMS 0x0000000706500000, 0x0000000706500000| Untracked 
|  68|0x0000000706600000, 0x0000000706600000, 0x0000000706700000|  0%| F|  |TAMS 0x0000000706600000, 0x0000000706600000| Untracked 
|  69|0x0000000706700000, 0x0000000706700000, 0x0000000706800000|  0%| F|  |TAMS 0x0000000706700000, 0x0000000706700000| Untracked 
|  70|0x0000000706800000, 0x0000000706800000, 0x0000000706900000|  0%| F|  |TAMS 0x0000000706800000, 0x0000000706800000| Untracked 
|  71|0x0000000706900000, 0x0000000706900000, 0x0000000706a00000|  0%| F|  |TAMS 0x0000000706900000, 0x0000000706900000| Untracked 
|  72|0x0000000706a00000, 0x0000000706a00000, 0x0000000706b00000|  0%| F|  |TAMS 0x0000000706a00000, 0x0000000706a00000| Untracked 
|  73|0x0000000706b00000, 0x0000000706b00000, 0x0000000706c00000|  0%| F|  |TAMS 0x0000000706b00000, 0x0000000706b00000| Untracked 
|  74|0x0000000706c00000, 0x0000000706c00000, 0x0000000706d00000|  0%| F|  |TAMS 0x0000000706c00000, 0x0000000706c00000| Untracked 
|  75|0x0000000706d00000, 0x0000000706d00000, 0x0000000706e00000|  0%| F|  |TAMS 0x0000000706d00000, 0x0000000706d00000| Untracked 
|  76|0x0000000706e00000, 0x0000000706e00000, 0x0000000706f00000|  0%| F|  |TAMS 0x0000000706e00000, 0x0000000706e00000| Untracked 
|  77|0x0000000706f00000, 0x0000000706f00000, 0x0000000707000000|  0%| F|  |TAMS 0x0000000706f00000, 0x0000000706f00000| Untracked 
|  78|0x0000000707000000, 0x0000000707000000, 0x0000000707100000|  0%| F|  |TAMS 0x0000000707000000, 0x0000000707000000| Untracked 
|  79|0x0000000707100000, 0x0000000707100000, 0x0000000707200000|  0%| F|  |TAMS 0x0000000707100000, 0x0000000707100000| Untracked 
|  80|0x0000000707200000, 0x0000000707200000, 0x0000000707300000|  0%| F|  |TAMS 0x0000000707200000, 0x0000000707200000| Untracked 
|  81|0x0000000707300000, 0x0000000707300000, 0x0000000707400000|  0%| F|  |TAMS 0x0000000707300000, 0x0000000707300000| Untracked 
|  82|0x0000000707400000, 0x0000000707400000, 0x0000000707500000|  0%| F|  |TAMS 0x0000000707400000, 0x0000000707400000| Untracked 
|  83|0x0000000707500000, 0x0000000707500000, 0x0000000707600000|  0%| F|  |TAMS 0x0000000707500000, 0x0000000707500000| Untracked 
|  84|0x0000000707600000, 0x0000000707600000, 0x0000000707700000|  0%| F|  |TAMS 0x0000000707600000, 0x0000000707600000| Untracked 
|  85|0x0000000707700000, 0x0000000707700000, 0x0000000707800000|  0%| F|  |TAMS 0x0000000707700000, 0x0000000707700000| Untracked 
|  86|0x0000000707800000, 0x0000000707800000, 0x0000000707900000|  0%| F|  |TAMS 0x0000000707800000, 0x0000000707800000| Untracked 
|  87|0x0000000707900000, 0x0000000707900000, 0x0000000707a00000|  0%| F|  |TAMS 0x0000000707900000, 0x0000000707900000| Untracked 
|  88|0x0000000707a00000, 0x0000000707a00000, 0x0000000707b00000|  0%| F|  |TAMS 0x0000000707a00000, 0x0000000707a00000| Untracked 
|  89|0x0000000707b00000, 0x0000000707b00000, 0x0000000707c00000|  0%| F|  |TAMS 0x0000000707b00000, 0x0000000707b00000| Untracked 
|  90|0x0000000707c00000, 0x0000000707c00000, 0x0000000707d00000|  0%| F|  |TAMS 0x0000000707c00000, 0x0000000707c00000| Untracked 
|  91|0x0000000707d00000, 0x0000000707d00000, 0x0000000707e00000|  0%| F|  |TAMS 0x0000000707d00000, 0x0000000707d00000| Untracked 
|  92|0x0000000707e00000, 0x0000000707e00000, 0x0000000707f00000|  0%| F|  |TAMS 0x0000000707e00000, 0x0000000707e00000| Untracked 
|  93|0x0000000707f00000, 0x0000000707f00000, 0x0000000708000000|  0%| F|  |TAMS 0x0000000707f00000, 0x0000000707f00000| Untracked 
|  94|0x0000000708000000, 0x0000000708000000, 0x0000000708100000|  0%| F|  |TAMS 0x0000000708000000, 0x0000000708000000| Untracked 
|  95|0x0000000708100000, 0x0000000708100000, 0x0000000708200000|  0%| F|  |TAMS 0x0000000708100000, 0x0000000708100000| Untracked 
|  96|0x0000000708200000, 0x0000000708200000, 0x0000000708300000|  0%| F|  |TAMS 0x0000000708200000, 0x0000000708200000| Untracked 
|  97|0x0000000708300000, 0x0000000708300000, 0x0000000708400000|  0%| F|  |TAMS 0x0000000708300000, 0x0000000708300000| Untracked 
|  98|0x0000000708400000, 0x0000000708400000, 0x0000000708500000|  0%| F|  |TAMS 0x0000000708400000, 0x0000000708400000| Untracked 
|  99|0x0000000708500000, 0x0000000708500000, 0x0000000708600000|  0%| F|  |TAMS 0x0000000708500000, 0x0000000708500000| Untracked 
| 100|0x0000000708600000, 0x0000000708600000, 0x0000000708700000|  0%| F|  |TAMS 0x0000000708600000, 0x0000000708600000| Untracked 
| 101|0x0000000708700000, 0x0000000708700000, 0x0000000708800000|  0%| F|  |TAMS 0x0000000708700000, 0x0000000708700000| Untracked 
| 102|0x0000000708800000, 0x0000000708800000, 0x0000000708900000|  0%| F|  |TAMS 0x0000000708800000, 0x0000000708800000| Untracked 
| 103|0x0000000708900000, 0x0000000708900000, 0x0000000708a00000|  0%| F|  |TAMS 0x0000000708900000, 0x0000000708900000| Untracked 
| 104|0x0000000708a00000, 0x0000000708a00000, 0x0000000708b00000|  0%| F|  |TAMS 0x0000000708a00000, 0x0000000708a00000| Untracked 
| 105|0x0000000708b00000, 0x0000000708b00000, 0x0000000708c00000|  0%| F|  |TAMS 0x0000000708b00000, 0x0000000708b00000| Untracked 
| 106|0x0000000708c00000, 0x0000000708c00000, 0x0000000708d00000|  0%| F|  |TAMS 0x0000000708c00000, 0x0000000708c00000| Untracked 
| 107|0x0000000708d00000, 0x0000000708d00000, 0x0000000708e00000|  0%| F|  |TAMS 0x0000000708d00000, 0x0000000708d00000| Untracked 
| 108|0x0000000708e00000, 0x0000000708e00000, 0x0000000708f00000|  0%| F|  |TAMS 0x0000000708e00000, 0x0000000708e00000| Untracked 
| 109|0x0000000708f00000, 0x0000000708f00000, 0x0000000709000000|  0%| F|  |TAMS 0x0000000708f00000, 0x0000000708f00000| Untracked 
| 110|0x0000000709000000, 0x0000000709000000, 0x0000000709100000|  0%| F|  |TAMS 0x0000000709000000, 0x0000000709000000| Untracked 
| 111|0x0000000709100000, 0x0000000709100000, 0x0000000709200000|  0%| F|  |TAMS 0x0000000709100000, 0x0000000709100000| Untracked 
| 112|0x0000000709200000, 0x0000000709200000, 0x0000000709300000|  0%| F|  |TAMS 0x0000000709200000, 0x0000000709200000| Untracked 
| 113|0x0000000709300000, 0x0000000709300000, 0x0000000709400000|  0%| F|  |TAMS 0x0000000709300000, 0x0000000709300000| Untracked 
| 114|0x0000000709400000, 0x0000000709400000, 0x0000000709500000|  0%| F|  |TAMS 0x0000000709400000, 0x0000000709400000| Untracked 
| 115|0x0000000709500000, 0x0000000709500000, 0x0000000709600000|  0%| F|  |TAMS 0x0000000709500000, 0x0000000709500000| Untracked 
| 116|0x0000000709600000, 0x0000000709600000, 0x0000000709700000|  0%| F|  |TAMS 0x0000000709600000, 0x0000000709600000| Untracked 
| 117|0x0000000709700000, 0x0000000709700000, 0x0000000709800000|  0%| F|  |TAMS 0x0000000709700000, 0x0000000709700000| Untracked 
| 118|0x0000000709800000, 0x0000000709800000, 0x0000000709900000|  0%| F|  |TAMS 0x0000000709800000, 0x0000000709800000| Untracked 
| 119|0x0000000709900000, 0x0000000709900000, 0x0000000709a00000|  0%| F|  |TAMS 0x0000000709900000, 0x0000000709900000| Untracked 
| 120|0x0000000709a00000, 0x0000000709a00000, 0x0000000709b00000|  0%| F|  |TAMS 0x0000000709a00000, 0x0000000709a00000| Untracked 
| 121|0x0000000709b00000, 0x0000000709b00000, 0x0000000709c00000|  0%| F|  |TAMS 0x0000000709b00000, 0x0000000709b00000| Untracked 
| 122|0x0000000709c00000, 0x0000000709c00000, 0x0000000709d00000|  0%| F|  |TAMS 0x0000000709c00000, 0x0000000709c00000| Untracked 
| 123|0x0000000709d00000, 0x0000000709d00000, 0x0000000709e00000|  0%| F|  |TAMS 0x0000000709d00000, 0x0000000709d00000| Untracked 
| 124|0x0000000709e00000, 0x0000000709e00000, 0x0000000709f00000|  0%| F|  |TAMS 0x0000000709e00000, 0x0000000709e00000| Untracked 
| 125|0x0000000709f00000, 0x0000000709f00000, 0x000000070a000000|  0%| F|  |TAMS 0x0000000709f00000, 0x0000000709f00000| Untracked 
| 126|0x000000070a000000, 0x000000070a000000, 0x000000070a100000|  0%| F|  |TAMS 0x000000070a000000, 0x000000070a000000| Untracked 
| 127|0x000000070a100000, 0x000000070a100000, 0x000000070a200000|  0%| F|  |TAMS 0x000000070a100000, 0x000000070a100000| Untracked 
| 128|0x000000070a200000, 0x000000070a200000, 0x000000070a300000|  0%| F|  |TAMS 0x000000070a200000, 0x000000070a200000| Untracked 
| 129|0x000000070a300000, 0x000000070a300000, 0x000000070a400000|  0%| F|  |TAMS 0x000000070a300000, 0x000000070a300000| Untracked 
| 130|0x000000070a400000, 0x000000070a400000, 0x000000070a500000|  0%| F|  |TAMS 0x000000070a400000, 0x000000070a400000| Untracked 
| 131|0x000000070a500000, 0x000000070a500000, 0x000000070a600000|  0%| F|  |TAMS 0x000000070a500000, 0x000000070a500000| Untracked 
| 132|0x000000070a600000, 0x000000070a600000, 0x000000070a700000|  0%| F|  |TAMS 0x000000070a600000, 0x000000070a600000| Untracked 
| 133|0x000000070a700000, 0x000000070a700000, 0x000000070a800000|  0%| F|  |TAMS 0x000000070a700000, 0x000000070a700000| Untracked 
| 134|0x000000070a800000, 0x000000070a800000, 0x000000070a900000|  0%| F|  |TAMS 0x000000070a800000, 0x000000070a800000| Untracked 
| 135|0x000000070a900000, 0x000000070a900000, 0x000000070aa00000|  0%| F|  |TAMS 0x000000070a900000, 0x000000070a900000| Untracked 
| 136|0x000000070aa00000, 0x000000070aa00000, 0x000000070ab00000|  0%| F|  |TAMS 0x000000070aa00000, 0x000000070aa00000| Untracked 
| 137|0x000000070ab00000, 0x000000070ab00000, 0x000000070ac00000|  0%| F|  |TAMS 0x000000070ab00000, 0x000000070ab00000| Untracked 
| 138|0x000000070ac00000, 0x000000070ac00000, 0x000000070ad00000|  0%| F|  |TAMS 0x000000070ac00000, 0x000000070ac00000| Untracked 
| 139|0x000000070ad00000, 0x000000070ad00000, 0x000000070ae00000|  0%| F|  |TAMS 0x000000070ad00000, 0x000000070ad00000| Untracked 
| 140|0x000000070ae00000, 0x000000070ae00000, 0x000000070af00000|  0%| F|  |TAMS 0x000000070ae00000, 0x000000070ae00000| Untracked 
| 141|0x000000070af00000, 0x000000070af00000, 0x000000070b000000|  0%| F|  |TAMS 0x000000070af00000, 0x000000070af00000| Untracked 
| 142|0x000000070b000000, 0x000000070b000000, 0x000000070b100000|  0%| F|  |TAMS 0x000000070b000000, 0x000000070b000000| Untracked 
| 143|0x000000070b100000, 0x000000070b100000, 0x000000070b200000|  0%| F|  |TAMS 0x000000070b100000, 0x000000070b100000| Untracked 
| 144|0x000000070b200000, 0x000000070b200000, 0x000000070b300000|  0%| F|  |TAMS 0x000000070b200000, 0x000000070b200000| Untracked 
| 145|0x000000070b300000, 0x000000070b300000, 0x000000070b400000|  0%| F|  |TAMS 0x000000070b300000, 0x000000070b300000| Untracked 
| 146|0x000000070b400000, 0x000000070b400000, 0x000000070b500000|  0%| F|  |TAMS 0x000000070b400000, 0x000000070b400000| Untracked 
| 147|0x000000070b500000, 0x000000070b500000, 0x000000070b600000|  0%| F|  |TAMS 0x000000070b500000, 0x000000070b500000| Untracked 
| 148|0x000000070b600000, 0x000000070b600000, 0x000000070b700000|  0%| F|  |TAMS 0x000000070b600000, 0x000000070b600000| Untracked 
| 149|0x000000070b700000, 0x000000070b700000, 0x000000070b800000|  0%| F|  |TAMS 0x000000070b700000, 0x000000070b700000| Untracked 
| 150|0x000000070b800000, 0x000000070b800000, 0x000000070b900000|  0%| F|  |TAMS 0x000000070b800000, 0x000000070b800000| Untracked 
| 151|0x000000070b900000, 0x000000070b900000, 0x000000070ba00000|  0%| F|  |TAMS 0x000000070b900000, 0x000000070b900000| Untracked 
| 152|0x000000070ba00000, 0x000000070ba00000, 0x000000070bb00000|  0%| F|  |TAMS 0x000000070ba00000, 0x000000070ba00000| Untracked 
| 153|0x000000070bb00000, 0x000000070bb00000, 0x000000070bc00000|  0%| F|  |TAMS 0x000000070bb00000, 0x000000070bb00000| Untracked 
| 154|0x000000070bc00000, 0x000000070bc00000, 0x000000070bd00000|  0%| F|  |TAMS 0x000000070bc00000, 0x000000070bc00000| Untracked 
| 155|0x000000070bd00000, 0x000000070bd00000, 0x000000070be00000|  0%| F|  |TAMS 0x000000070bd00000, 0x000000070bd00000| Untracked 
| 156|0x000000070be00000, 0x000000070be00000, 0x000000070bf00000|  0%| F|  |TAMS 0x000000070be00000, 0x000000070be00000| Untracked 
| 157|0x000000070bf00000, 0x000000070bf00000, 0x000000070c000000|  0%| F|  |TAMS 0x000000070bf00000, 0x000000070bf00000| Untracked 
| 158|0x000000070c000000, 0x000000070c000000, 0x000000070c100000|  0%| F|  |TAMS 0x000000070c000000, 0x000000070c000000| Untracked 
| 159|0x000000070c100000, 0x000000070c100000, 0x000000070c200000|  0%| F|  |TAMS 0x000000070c100000, 0x000000070c100000| Untracked 
| 160|0x000000070c200000, 0x000000070c200000, 0x000000070c300000|  0%| F|  |TAMS 0x000000070c200000, 0x000000070c200000| Untracked 
| 161|0x000000070c300000, 0x000000070c300000, 0x000000070c400000|  0%| F|  |TAMS 0x000000070c300000, 0x000000070c300000| Untracked 
| 162|0x000000070c400000, 0x000000070c400000, 0x000000070c500000|  0%| F|  |TAMS 0x000000070c400000, 0x000000070c400000| Untracked 
| 163|0x000000070c500000, 0x000000070c500000, 0x000000070c600000|  0%| F|  |TAMS 0x000000070c500000, 0x000000070c500000| Untracked 
| 164|0x000000070c600000, 0x000000070c600000, 0x000000070c700000|  0%| F|  |TAMS 0x000000070c600000, 0x000000070c600000| Untracked 
| 165|0x000000070c700000, 0x000000070c700000, 0x000000070c800000|  0%| F|  |TAMS 0x000000070c700000, 0x000000070c700000| Untracked 
| 166|0x000000070c800000, 0x000000070c800000, 0x000000070c900000|  0%| F|  |TAMS 0x000000070c800000, 0x000000070c800000| Untracked 
| 167|0x000000070c900000, 0x000000070c900000, 0x000000070ca00000|  0%| F|  |TAMS 0x000000070c900000, 0x000000070c900000| Untracked 
| 168|0x000000070ca00000, 0x000000070ca00000, 0x000000070cb00000|  0%| F|  |TAMS 0x000000070ca00000, 0x000000070ca00000| Untracked 
| 169|0x000000070cb00000, 0x000000070cb00000, 0x000000070cc00000|  0%| F|  |TAMS 0x000000070cb00000, 0x000000070cb00000| Untracked 
| 170|0x000000070cc00000, 0x000000070cc00000, 0x000000070cd00000|  0%| F|  |TAMS 0x000000070cc00000, 0x000000070cc00000| Untracked 
| 171|0x000000070cd00000, 0x000000070cd00000, 0x000000070ce00000|  0%| F|  |TAMS 0x000000070cd00000, 0x000000070cd00000| Untracked 
| 172|0x000000070ce00000, 0x000000070ce00000, 0x000000070cf00000|  0%| F|  |TAMS 0x000000070ce00000, 0x000000070ce00000| Untracked 
| 173|0x000000070cf00000, 0x000000070cf00000, 0x000000070d000000|  0%| F|  |TAMS 0x000000070cf00000, 0x000000070cf00000| Untracked 
| 174|0x000000070d000000, 0x000000070d000000, 0x000000070d100000|  0%| F|  |TAMS 0x000000070d000000, 0x000000070d000000| Untracked 
| 175|0x000000070d100000, 0x000000070d100000, 0x000000070d200000|  0%| F|  |TAMS 0x000000070d100000, 0x000000070d100000| Untracked 
| 176|0x000000070d200000, 0x000000070d200000, 0x000000070d300000|  0%| F|  |TAMS 0x000000070d200000, 0x000000070d200000| Untracked 
| 177|0x000000070d300000, 0x000000070d300000, 0x000000070d400000|  0%| F|  |TAMS 0x000000070d300000, 0x000000070d300000| Untracked 
| 178|0x000000070d400000, 0x000000070d400000, 0x000000070d500000|  0%| F|  |TAMS 0x000000070d400000, 0x000000070d400000| Untracked 
| 179|0x000000070d500000, 0x000000070d5c7440, 0x000000070d600000| 77%| S|CS|TAMS 0x000000070d500000, 0x000000070d500000| Complete 
| 180|0x000000070d600000, 0x000000070d700000, 0x000000070d700000|100%| S|CS|TAMS 0x000000070d600000, 0x000000070d600000| Complete 
| 181|0x000000070d700000, 0x000000070d800000, 0x000000070d800000|100%| S|CS|TAMS 0x000000070d700000, 0x000000070d700000| Complete 
| 182|0x000000070d800000, 0x000000070d900000, 0x000000070d900000|100%| S|CS|TAMS 0x000000070d800000, 0x000000070d800000| Complete 
| 183|0x000000070d900000, 0x000000070da00000, 0x000000070da00000|100%| S|CS|TAMS 0x000000070d900000, 0x000000070d900000| Complete 
| 184|0x000000070da00000, 0x000000070db00000, 0x000000070db00000|100%| S|CS|TAMS 0x000000070da00000, 0x000000070da00000| Complete 
| 185|0x000000070db00000, 0x000000070dc00000, 0x000000070dc00000|100%| S|CS|TAMS 0x000000070db00000, 0x000000070db00000| Complete 
| 186|0x000000070dc00000, 0x000000070dd00000, 0x000000070dd00000|100%| S|CS|TAMS 0x000000070dc00000, 0x000000070dc00000| Complete 
| 187|0x000000070dd00000, 0x000000070de00000, 0x000000070de00000|100%| S|CS|TAMS 0x000000070dd00000, 0x000000070dd00000| Complete 
| 188|0x000000070de00000, 0x000000070de00000, 0x000000070df00000|  0%| F|  |TAMS 0x000000070de00000, 0x000000070de00000| Untracked 
| 189|0x000000070df00000, 0x000000070df00000, 0x000000070e000000|  0%| F|  |TAMS 0x000000070df00000, 0x000000070df00000| Untracked 
| 190|0x000000070e000000, 0x000000070e000000, 0x000000070e100000|  0%| F|  |TAMS 0x000000070e000000, 0x000000070e000000| Untracked 
| 191|0x000000070e100000, 0x000000070e100000, 0x000000070e200000|  0%| F|  |TAMS 0x000000070e100000, 0x000000070e100000| Untracked 
| 192|0x000000070e200000, 0x000000070e200000, 0x000000070e300000|  0%| F|  |TAMS 0x000000070e200000, 0x000000070e200000| Untracked 
| 193|0x000000070e300000, 0x000000070e300000, 0x000000070e400000|  0%| F|  |TAMS 0x000000070e300000, 0x000000070e300000| Untracked 
| 194|0x000000070e400000, 0x000000070e400000, 0x000000070e500000|  0%| F|  |TAMS 0x000000070e400000, 0x000000070e400000| Untracked 
| 195|0x000000070e500000, 0x000000070e500000, 0x000000070e600000|  0%| F|  |TAMS 0x000000070e500000, 0x000000070e500000| Untracked 
| 196|0x000000070e600000, 0x000000070e600000, 0x000000070e700000|  0%| F|  |TAMS 0x000000070e600000, 0x000000070e600000| Untracked 
| 197|0x000000070e700000, 0x000000070e700000, 0x000000070e800000|  0%| F|  |TAMS 0x000000070e700000, 0x000000070e700000| Untracked 
| 198|0x000000070e800000, 0x000000070e800000, 0x000000070e900000|  0%| F|  |TAMS 0x000000070e800000, 0x000000070e800000| Untracked 
| 199|0x000000070e900000, 0x000000070e900000, 0x000000070ea00000|  0%| F|  |TAMS 0x000000070e900000, 0x000000070e900000| Untracked 
| 200|0x000000070ea00000, 0x000000070ea00000, 0x000000070eb00000|  0%| F|  |TAMS 0x000000070ea00000, 0x000000070ea00000| Untracked 
| 201|0x000000070eb00000, 0x000000070eb00000, 0x000000070ec00000|  0%| F|  |TAMS 0x000000070eb00000, 0x000000070eb00000| Untracked 
| 202|0x000000070ec00000, 0x000000070ec00000, 0x000000070ed00000|  0%| F|  |TAMS 0x000000070ec00000, 0x000000070ec00000| Untracked 
| 203|0x000000070ed00000, 0x000000070ed00000, 0x000000070ee00000|  0%| F|  |TAMS 0x000000070ed00000, 0x000000070ed00000| Untracked 
| 204|0x000000070ee00000, 0x000000070ee00000, 0x000000070ef00000|  0%| F|  |TAMS 0x000000070ee00000, 0x000000070ee00000| Untracked 
| 205|0x000000070ef00000, 0x000000070ef00000, 0x000000070f000000|  0%| F|  |TAMS 0x000000070ef00000, 0x000000070ef00000| Untracked 
| 206|0x000000070f000000, 0x000000070f000000, 0x000000070f100000|  0%| F|  |TAMS 0x000000070f000000, 0x000000070f000000| Untracked 
| 207|0x000000070f100000, 0x000000070f100000, 0x000000070f200000|  0%| F|  |TAMS 0x000000070f100000, 0x000000070f100000| Untracked 
| 208|0x000000070f200000, 0x000000070f200000, 0x000000070f300000|  0%| F|  |TAMS 0x000000070f200000, 0x000000070f200000| Untracked 
| 209|0x000000070f300000, 0x000000070f300000, 0x000000070f400000|  0%| F|  |TAMS 0x000000070f300000, 0x000000070f300000| Untracked 
| 210|0x000000070f400000, 0x000000070f400000, 0x000000070f500000|  0%| F|  |TAMS 0x000000070f400000, 0x000000070f400000| Untracked 
| 211|0x000000070f500000, 0x000000070f500000, 0x000000070f600000|  0%| F|  |TAMS 0x000000070f500000, 0x000000070f500000| Untracked 
| 212|0x000000070f600000, 0x000000070f600000, 0x000000070f700000|  0%| F|  |TAMS 0x000000070f600000, 0x000000070f600000| Untracked 
| 213|0x000000070f700000, 0x000000070f700000, 0x000000070f800000|  0%| F|  |TAMS 0x000000070f700000, 0x000000070f700000| Untracked 
| 214|0x000000070f800000, 0x000000070f800000, 0x000000070f900000|  0%| F|  |TAMS 0x000000070f800000, 0x000000070f800000| Untracked 
| 215|0x000000070f900000, 0x000000070f900000, 0x000000070fa00000|  0%| F|  |TAMS 0x000000070f900000, 0x000000070f900000| Untracked 
| 216|0x000000070fa00000, 0x000000070fa00000, 0x000000070fb00000|  0%| F|  |TAMS 0x000000070fa00000, 0x000000070fa00000| Untracked 
| 217|0x000000070fb00000, 0x000000070fb00000, 0x000000070fc00000|  0%| F|  |TAMS 0x000000070fb00000, 0x000000070fb00000| Untracked 
| 218|0x000000070fc00000, 0x000000070fc00000, 0x000000070fd00000|  0%| F|  |TAMS 0x000000070fc00000, 0x000000070fc00000| Untracked 
| 219|0x000000070fd00000, 0x000000070fd00000, 0x000000070fe00000|  0%| F|  |TAMS 0x000000070fd00000, 0x000000070fd00000| Untracked 
| 220|0x000000070fe00000, 0x000000070fe00000, 0x000000070ff00000|  0%| F|  |TAMS 0x000000070fe00000, 0x000000070fe00000| Untracked 
| 221|0x000000070ff00000, 0x000000070ff00000, 0x0000000710000000|  0%| F|  |TAMS 0x000000070ff00000, 0x000000070ff00000| Untracked 
| 222|0x0000000710000000, 0x0000000710000000, 0x0000000710100000|  0%| F|  |TAMS 0x0000000710000000, 0x0000000710000000| Untracked 
| 223|0x0000000710100000, 0x0000000710100000, 0x0000000710200000|  0%| F|  |TAMS 0x0000000710100000, 0x0000000710100000| Untracked 
| 224|0x0000000710200000, 0x0000000710200000, 0x0000000710300000|  0%| F|  |TAMS 0x0000000710200000, 0x0000000710200000| Untracked 
| 225|0x0000000710300000, 0x0000000710300000, 0x0000000710400000|  0%| F|  |TAMS 0x0000000710300000, 0x0000000710300000| Untracked 
| 226|0x0000000710400000, 0x0000000710400000, 0x0000000710500000|  0%| F|  |TAMS 0x0000000710400000, 0x0000000710400000| Untracked 
| 227|0x0000000710500000, 0x0000000710500000, 0x0000000710600000|  0%| F|  |TAMS 0x0000000710500000, 0x0000000710500000| Untracked 
| 228|0x0000000710600000, 0x0000000710600000, 0x0000000710700000|  0%| F|  |TAMS 0x0000000710600000, 0x0000000710600000| Untracked 
| 229|0x0000000710700000, 0x0000000710700000, 0x0000000710800000|  0%| F|  |TAMS 0x0000000710700000, 0x0000000710700000| Untracked 
| 230|0x0000000710800000, 0x0000000710800000, 0x0000000710900000|  0%| F|  |TAMS 0x0000000710800000, 0x0000000710800000| Untracked 
| 231|0x0000000710900000, 0x0000000710900000, 0x0000000710a00000|  0%| F|  |TAMS 0x0000000710900000, 0x0000000710900000| Untracked 
| 232|0x0000000710a00000, 0x0000000710a00000, 0x0000000710b00000|  0%| F|  |TAMS 0x0000000710a00000, 0x0000000710a00000| Untracked 
| 233|0x0000000710b00000, 0x0000000710b00000, 0x0000000710c00000|  0%| F|  |TAMS 0x0000000710b00000, 0x0000000710b00000| Untracked 
| 234|0x0000000710c00000, 0x0000000710c00000, 0x0000000710d00000|  0%| F|  |TAMS 0x0000000710c00000, 0x0000000710c00000| Untracked 
| 235|0x0000000710d00000, 0x0000000710d00000, 0x0000000710e00000|  0%| F|  |TAMS 0x0000000710d00000, 0x0000000710d00000| Untracked 
| 236|0x0000000710e00000, 0x0000000710e00000, 0x0000000710f00000|  0%| F|  |TAMS 0x0000000710e00000, 0x0000000710e00000| Untracked 
| 237|0x0000000710f00000, 0x0000000710f00000, 0x0000000711000000|  0%| F|  |TAMS 0x0000000710f00000, 0x0000000710f00000| Untracked 
| 238|0x0000000711000000, 0x0000000711000000, 0x0000000711100000|  0%| F|  |TAMS 0x0000000711000000, 0x0000000711000000| Untracked 
| 239|0x0000000711100000, 0x0000000711100000, 0x0000000711200000|  0%| F|  |TAMS 0x0000000711100000, 0x0000000711100000| Untracked 
| 240|0x0000000711200000, 0x0000000711200000, 0x0000000711300000|  0%| F|  |TAMS 0x0000000711200000, 0x0000000711200000| Untracked 
| 241|0x0000000711300000, 0x0000000711300000, 0x0000000711400000|  0%| F|  |TAMS 0x0000000711300000, 0x0000000711300000| Untracked 
| 242|0x0000000711400000, 0x0000000711400000, 0x0000000711500000|  0%| F|  |TAMS 0x0000000711400000, 0x0000000711400000| Untracked 
| 243|0x0000000711500000, 0x0000000711500000, 0x0000000711600000|  0%| F|  |TAMS 0x0000000711500000, 0x0000000711500000| Untracked 
| 244|0x0000000711600000, 0x0000000711600000, 0x0000000711700000|  0%| F|  |TAMS 0x0000000711600000, 0x0000000711600000| Untracked 
| 245|0x0000000711700000, 0x0000000711700000, 0x0000000711800000|  0%| F|  |TAMS 0x0000000711700000, 0x0000000711700000| Untracked 
| 246|0x0000000711800000, 0x0000000711800000, 0x0000000711900000|  0%| F|  |TAMS 0x0000000711800000, 0x0000000711800000| Untracked 
| 247|0x0000000711900000, 0x0000000711900000, 0x0000000711a00000|  0%| F|  |TAMS 0x0000000711900000, 0x0000000711900000| Untracked 
| 248|0x0000000711a00000, 0x0000000711a00000, 0x0000000711b00000|  0%| F|  |TAMS 0x0000000711a00000, 0x0000000711a00000| Untracked 
| 249|0x0000000711b00000, 0x0000000711b00000, 0x0000000711c00000|  0%| F|  |TAMS 0x0000000711b00000, 0x0000000711b00000| Untracked 
| 250|0x0000000711c00000, 0x0000000711c00000, 0x0000000711d00000|  0%| F|  |TAMS 0x0000000711c00000, 0x0000000711c00000| Untracked 
| 251|0x0000000711d00000, 0x0000000711d00000, 0x0000000711e00000|  0%| F|  |TAMS 0x0000000711d00000, 0x0000000711d00000| Untracked 
| 252|0x0000000711e00000, 0x0000000711e00000, 0x0000000711f00000|  0%| F|  |TAMS 0x0000000711e00000, 0x0000000711e00000| Untracked 
| 253|0x0000000711f00000, 0x0000000711f00000, 0x0000000712000000|  0%| F|  |TAMS 0x0000000711f00000, 0x0000000711f00000| Untracked 

Card table byte_map: [0x00000251b36f0000,0x00000251b3ee0000] _byte_map_base: 0x00000251afedf000

Marking Bits (Prev, Next): (CMBitMap*) 0x000002519c33f050, (CMBitMap*) 0x000002519c33f018
 Prev Bits: [0x00000251b8650000, 0x00000251bc5c8000)
 Next Bits: [0x00000251b46d0000, 0x00000251b8648000)

Polling page: 0x000002519a2f0000

Metaspace:

Usage:
  Non-class:     30.55 MB capacity,    29.94 MB ( 98%) used,   501.49 KB (  2%) free+waste,   119.31 KB ( <1%) overhead. 
      Class:      3.99 MB capacity,     3.58 MB ( 90%) used,   362.17 KB (  9%) free+waste,    60.25 KB (  1%) overhead. 
       Both:     34.54 MB capacity,    33.52 MB ( 97%) used,   863.66 KB (  2%) free+waste,   179.56 KB ( <1%) overhead. 

Virtual space:
  Non-class space:       32.00 MB reserved,      30.75 MB ( 96%) committed 
      Class space:        1.00 GB reserved,       4.00 MB ( <1%) committed 
             Both:        1.03 GB reserved,      34.75 MB (  3%) committed 

Chunk freelists:
   Non-Class:  1.75 KB
       Class:  1.25 KB
        Both:  3.00 KB

CodeHeap 'non-profiled nmethods': size=120000Kb used=2295Kb max_used=2295Kb free=117704Kb
 bounds [0x00000251ab480000, 0x00000251ab6f0000, 0x00000251b29b0000]
CodeHeap 'profiled nmethods': size=120000Kb used=8671Kb max_used=8671Kb free=111328Kb
 bounds [0x00000251a3f50000, 0x00000251a47d0000, 0x00000251ab480000]
CodeHeap 'non-nmethods': size=5760Kb used=1143Kb max_used=1190Kb free=4616Kb
 bounds [0x00000251a39b0000, 0x00000251a3c20000, 0x00000251a3f50000]
 total_blobs=4262 nmethods=3795 adapters=378
 compilation: enabled
              stopped_count=0, restarted_count=0
 full_count=0

Compilation events (10 events):
Event: 3.406 Thread 0x00000251bfc9b000 nmethod 3785 0x00000251ab6b9a10 code [0x00000251ab6b9d00, 0x00000251ab6bcbe0]
Event: 3.406 Thread 0x00000251bfc9b000 3786       4       org.jacoco.agent.rt.internal_3570298.asm.ClassWriter::toByteArray (1535 bytes)
Event: 3.406 Thread 0x00000251bfc3f000 nmethod 3835 0x00000251a47c0d90 code [0x00000251a47c1440, 0x00000251a47c5b28]
Event: 3.406 Thread 0x00000251bfc3f000 3834       3       jdk.internal.misc.Unsafe::pickPos (14 bytes)
Event: 3.406 Thread 0x00000251bfc3f000 nmethod 3834 0x00000251a47c7010 code [0x00000251a47c71a0, 0x00000251a47c7298]
Event: 3.406 Thread 0x00000251bfc3f000 3836  s    3       java.io.ByteArrayOutputStream::writeTo (14 bytes)
Event: 3.407 Thread 0x00000251bfc3f000 nmethod 3836 0x00000251a47c7310 code [0x00000251a47c74c0, 0x00000251a47c7828]
Event: 3.407 Thread 0x00000251bfc3f000 3839       3       org.springframework.context.annotation.ConditionEvaluator$ConditionContextImpl::getBeanFactory (14 bytes)
Event: 3.407 Thread 0x00000251bfc3f000 nmethod 3839 0x00000251a47c7910 code [0x00000251a47c7ac0, 0x00000251a47c7c28]
Event: 3.408 Thread 0x00000251bfc3f000 3840       3       org.jacoco.agent.rt.internal_3570298.asm.AnnotationWriter::putAnnotations (67 bytes)

GC Heap History (9 events):
Event: 0.426 GC heap before
{Heap before GC invocations=0 (full 0):
 garbage-first heap   total 260096K, used 24576K [0x0000000702200000, 0x0000000800000000)
  region size 1024K, 24 young (24576K), 0 survivors (0K)
 Metaspace       used 10655K, capacity 10892K, committed 11008K, reserved 1058816K
  class space    used 961K, capacity 1012K, committed 1024K, reserved 1048576K
}
Event: 0.430 GC heap after
{Heap after GC invocations=1 (full 0):
 garbage-first heap   total 260096K, used 7761K [0x0000000702200000, 0x0000000800000000)
  region size 1024K, 3 young (3072K), 3 survivors (3072K)
 Metaspace       used 10655K, capacity 10892K, committed 11008K, reserved 1058816K
  class space    used 961K, capacity 1012K, committed 1024K, reserved 1048576K
}
Event: 1.836 GC heap before
{Heap before GC invocations=1 (full 0):
 garbage-first heap   total 260096K, used 152145K [0x0000000702200000, 0x0000000800000000)
  region size 1024K, 145 young (148480K), 3 survivors (3072K)
 Metaspace       used 20517K, capacity 21121K, committed 21248K, reserved 1069056K
  class space    used 2056K, capacity 2275K, committed 2304K, reserved 1048576K
}
Event: 1.843 GC heap after
{Heap after GC invocations=2 (full 0):
 garbage-first heap   total 260096K, used 9346K [0x0000000702200000, 0x0000000800000000)
  region size 1024K, 5 young (5120K), 5 survivors (5120K)
 Metaspace       used 20517K, capacity 21121K, committed 21248K, reserved 1069056K
  class space    used 2056K, capacity 2275K, committed 2304K, reserved 1048576K
}
Event: 2.429 GC heap before
{Heap before GC invocations=3 (full 0):
 garbage-first heap   total 260096K, used 112770K [0x0000000702200000, 0x0000000800000000)
  region size 1024K, 106 young (108544K), 5 survivors (5120K)
 Metaspace       used 25663K, capacity 26497K, committed 26624K, reserved 1073152K
  class space    used 2711K, capacity 3039K, committed 3072K, reserved 1048576K
}
Event: 2.437 GC heap after
{Heap after GC invocations=4 (full 0):
 garbage-first heap   total 260096K, used 11203K [0x0000000702200000, 0x0000000800000000)
  region size 1024K, 7 young (7168K), 7 survivors (7168K)
 Metaspace       used 25663K, capacity 26497K, committed 26624K, reserved 1073152K
  class space    used 2711K, capacity 3039K, committed 3072K, reserved 1048576K
}
Event: 2.835 GC heap before
{Heap before GC invocations=4 (full 0):
 garbage-first heap   total 260096K, used 159683K [0x0000000702200000, 0x0000000800000000)
  region size 1024K, 152 young (155648K), 7 survivors (7168K)
 Metaspace       used 31308K, capacity 32202K, committed 32384K, reserved 1077248K
  class space    used 3314K, capacity 3658K, committed 3712K, reserved 1048576K
}
Event: 2.842 GC heap after
{Heap after GC invocations=5 (full 0):
 garbage-first heap   total 260096K, used 12753K [0x0000000702200000, 0x0000000800000000)
  region size 1024K, 8 young (8192K), 8 survivors (8192K)
 Metaspace       used 31308K, capacity 32202K, committed 32384K, reserved 1077248K
  class space    used 3314K, capacity 3658K, committed 3712K, reserved 1048576K
}
Event: 3.408 GC heap before
{Heap before GC invocations=5 (full 0):
 garbage-first heap   total 260096K, used 79313K [0x0000000702200000, 0x0000000800000000)
  region size 1024K, 74 young (75776K), 8 survivors (8192K)
 Metaspace       used 34324K, capacity 35368K, committed 35584K, reserved 1081344K
  class space    used 3663K, capacity 4086K, committed 4096K, reserved 1048576K
}

Deoptimization events (10 events):
Event: 2.480 Thread 0x00000251c3d4f000 Uncommon trap: reason=unstable_if action=reinterpret pc=0x00000251ab5663bc method=org.jacoco.agent.rt.internal_3570298.asm.Frame.setInputFrameFromDescriptor(Lorg/jacoco/agent/rt/internal_3570298/asm/SymbolTable;ILjava/lang/String;I)V @ 131 c2
Event: 2.549 Thread 0x00000251c3d4f000 Uncommon trap: reason=unstable_if action=reinterpret pc=0x00000251ab519cec method=org.jacoco.agent.rt.internal_3570298.asm.commons.AnalyzerAdapter.pop(Ljava/lang/String;)V @ 77 c2
Event: 2.682 Thread 0x000002519c2de000 Uncommon trap: reason=bimorphic_or_optimized_type_check action=maybe_recompile pc=0x00000251ab51ab2c method=java.util.HashMap.getNode(ILjava/lang/Object;)Ljava/util/HashMap$Node; @ 126 c2
Event: 2.741 Thread 0x000002519c2de000 Uncommon trap: reason=bimorphic_or_optimized_type_check action=maybe_recompile pc=0x00000251ab51ab2c method=java.util.HashMap.getNode(ILjava/lang/Object;)Ljava/util/HashMap$Node; @ 126 c2
Event: 2.857 Thread 0x00000251c3d4f000 Uncommon trap: reason=unstable_if action=reinterpret pc=0x00000251ab5fd294 method=jdk.internal.org.objectweb.asm.Type.getArgumentsAndReturnSizes(Ljava/lang/String;)I @ 47 c2
Event: 2.863 Thread 0x000002519c2de000 Uncommon trap: reason=class_check action=maybe_recompile pc=0x00000251ab522848 method=java.util.HashMap.putVal(ILjava/lang/Object;Ljava/lang/Object;ZZ)Ljava/lang/Object; @ 203 c2
Event: 2.900 Thread 0x000002519c2de000 Uncommon trap: reason=class_check action=maybe_recompile pc=0x00000251ab522848 method=java.util.HashMap.putVal(ILjava/lang/Object;Ljava/lang/Object;ZZ)Ljava/lang/Object; @ 203 c2
Event: 2.990 Thread 0x000002519c2de000 Uncommon trap: reason=bimorphic_or_optimized_type_check action=maybe_recompile pc=0x00000251ab5406c4 method=java.util.HashMap.getNode(ILjava/lang/Object;)Ljava/util/HashMap$Node; @ 126 c2
Event: 3.361 Thread 0x000002519c2de000 Uncommon trap: reason=unstable_if action=reinterpret pc=0x00000251ab6a0b20 method=java.util.Arrays.equals([Ljava/lang/Object;[Ljava/lang/Object;)Z @ 44 c2
Event: 3.377 Thread 0x000002519c2de000 Uncommon trap: reason=unstable_if action=reinterpret pc=0x00000251ab5cbc8c method=org.jacoco.agent.rt.internal_3570298.asm.AnnotationWriter.putAnnotations(Lorg/jacoco/agent/rt/internal_3570298/asm/SymbolTable;Lorg/jacoco/agent/rt/internal_3570298/asm/Anno

Classes redefined (0 events):
No events

Internal exceptions (10 events):
Event: 2.857 Thread 0x00000251c3d4f000 Exception <a 'java/lang/NoSuchMethodError'{0x0000000711df0778}: java.lang.invoke.DirectMethodHandle$Holder.invokeSpecial(Ljava/lang/Object;Ljava/lang/Object;)J> (0x0000000711df0778) thrown at [./open/src/hotspot/share/interpreter/linkResolver.cpp, line 77
Event: 2.859 Thread 0x00000251c3d4f000 Exception <a 'java/lang/NoSuchMethodError'{0x0000000711dfb490}: java.lang.invoke.DirectMethodHandle$Holder.invokeStatic(Ljava/lang/Object;Ljava/lang/Object;)J> (0x0000000711dfb490) thrown at [./open/src/hotspot/share/interpreter/linkResolver.cpp, line 772
Event: 2.859 Thread 0x00000251c3d4f000 Exception <a 'java/lang/NoSuchMethodError'{0x0000000711dfe2b8}: java.lang.invoke.DirectMethodHandle$Holder.invokeStaticInit(Ljava/lang/Object;Ljava/lang/Object;)J> (0x0000000711dfe2b8) thrown at [./open/src/hotspot/share/interpreter/linkResolver.cpp, line
Event: 2.861 Thread 0x00000251c3d4f000 Exception <a 'java/lang/NoSuchMethodError'{0x0000000711c8b700}: java.lang.invoke.DirectMethodHandle$Holder.invokeInterface(Ljava/lang/Object;Ljava/lang/Object;)J> (0x0000000711c8b700) thrown at [./open/src/hotspot/share/interpreter/linkResolver.cpp, line 
Event: 2.861 Thread 0x00000251c3d4f000 Exception <a 'java/lang/IncompatibleClassChangeError'{0x0000000711c8e498}: Found class java.lang.Object, but interface was expected> (0x0000000711c8e498) thrown at [./open/src/hotspot/share/interpreter/linkResolver.cpp, line 838]
Event: 2.874 Thread 0x00000251c3d4f000 Exception <a 'java/lang/NoSuchMethodError'{0x000000071197d238}: java.lang.invoke.DirectMethodHandle$Holder.invokeVirtual(Ljava/lang/Object;Ljava/lang/Object;Ljava/lang/Object;Ljava/lang/Object;)Ljava/lang/Object;> (0x000000071197d238) thrown at [./open/sr
Event: 2.981 Thread 0x000002519c2de000 Exception <a 'java/lang/NoSuchMethodError'{0x0000000710fab9c0}: java.lang.invoke.DelegatingMethodHandle$Holder.delegate(Ljava/lang/Object;Ljava/lang/Object;ILjava/lang/Object;)V> (0x0000000710fab9c0) thrown at [./open/src/hotspot/share/interpreter/linkRes
Event: 3.045 Thread 0x000002519c2de000 Exception <a 'java/lang/NoSuchMethodError'{0x0000000710976f08}: java.lang.invoke.DirectMethodHandle$Holder.invokeSpecial(Ljava/lang/Object;Ljava/lang/Object;IILjava/lang/Object;Ljava/lang/Object;Ljava/lang/Object;Ljava/lang/Object;)Ljava/lang/Object;> (0x
Event: 3.046 Thread 0x000002519c2de000 Exception <a 'java/lang/NoSuchMethodError'{0x000000071097ae38}: java.lang.invoke.DelegatingMethodHandle$Holder.reinvoke_L(Ljava/lang/Object;IILjava/lang/Object;Ljava/lang/Object;Ljava/lang/Object;Ljava/lang/Object;)Ljava/lang/Object;> (0x000000071097ae38)
Event: 3.054 Thread 0x000002519c2de000 Exception <a 'java/io/FileNotFoundException'{0x0000000710816390}> (0x0000000710816390) thrown at [./open/src/hotspot/share/prims/jni.cpp, line 611]

Events (10 events):
Event: 3.405 loading class org/springframework/aop/config/AopConfigUtils done
Event: 3.406 loading class org/springframework/aop/framework/autoproxy/InfrastructureAdvisorAutoProxyCreator
Event: 3.406 loading class org/springframework/aop/framework/autoproxy/InfrastructureAdvisorAutoProxyCreator done
Event: 3.406 loading class org/springframework/aop/framework/autoproxy/AbstractAdvisorAutoProxyCreator
Event: 3.406 loading class org/springframework/aop/framework/autoproxy/AbstractAdvisorAutoProxyCreator done
Event: 3.406 loading class org/springframework/aop/framework/autoproxy/AbstractAutoProxyCreator
Event: 3.406 loading class org/springframework/aop/framework/autoproxy/AbstractAutoProxyCreator done
Event: 3.408 loading class org/springframework/aop/aspectj/autoproxy/AspectJAwareAdvisorAutoProxyCreator
Event: 3.408 loading class org/springframework/aop/aspectj/autoproxy/AspectJAwareAdvisorAutoProxyCreator done
Event: 3.408 Executing VM operation: CollectForMetadataAllocation


Dynamic libraries:
0x00007ff7ebb50000 - 0x00007ff7ebb60000 	C:\Program Files\Java\jdk-11\bin\java.exe
0x00007ffafcf70000 - 0x00007ffafd184000 	C:\WINDOWS\SYSTEM32\ntdll.dll
0x00007ffafba10000 - 0x00007ffafbad2000 	C:\WINDOWS\System32\KERNEL32.DLL
0x00007ffafa4d0000 - 0x00007ffafa873000 	C:\WINDOWS\System32\KERNELBASE.dll
0x00007ffafa880000 - 0x00007ffafa991000 	C:\WINDOWS\System32\ucrtbase.dll
0x00007ffae2060000 - 0x00007ffae2079000 	C:\Program Files\Java\jdk-11\bin\jli.dll
0x00007ffae2040000 - 0x00007ffae205b000 	C:\Program Files\Java\jdk-11\bin\VCRUNTIME140.dll
0x00007ffafbd80000 - 0x00007ffafbe2e000 	C:\WINDOWS\System32\ADVAPI32.dll
0x00007ffafc940000 - 0x00007ffafc9e7000 	C:\WINDOWS\System32\msvcrt.dll
0x00007ffafcaf0000 - 0x00007ffafcb94000 	C:\WINDOWS\System32\sechost.dll
0x00007ffafc6e0000 - 0x00007ffafc7f7000 	C:\WINDOWS\System32\RPCRT4.dll
0x00007ffafad50000 - 0x00007ffafaefb000 	C:\WINDOWS\System32\USER32.dll
0x00007ffafa430000 - 0x00007ffafa456000 	C:\WINDOWS\System32\win32u.dll
0x00007ffad7e80000 - 0x00007ffad810e000 	C:\WINDOWS\WinSxS\amd64_microsoft.windows.common-controls_6595b64144ccf1df_6.0.22621.1635_none_270f70857386168e\COMCTL32.dll
0x00007ffafb5a0000 - 0x00007ffafb5c9000 	C:\WINDOWS\System32\GDI32.dll
0x00007ffafa9a0000 - 0x00007ffafaab9000 	C:\WINDOWS\System32\gdi32full.dll
0x00007ffafac30000 - 0x00007ffafacca000 	C:\WINDOWS\System32\msvcp_win.dll
0x00007ffaf2860000 - 0x00007ffaf286a000 	C:\WINDOWS\SYSTEM32\VERSION.dll
0x00007ffafc800000 - 0x00007ffafc831000 	C:\WINDOWS\System32\IMM32.DLL
0x00007ffaf3470000 - 0x00007ffaf347c000 	C:\Program Files\Java\jdk-11\bin\vcruntime140_1.dll
0x00007ffac6030000 - 0x00007ffac60be000 	C:\Program Files\Java\jdk-11\bin\msvcp140.dll
0x00007ffa6f4d0000 - 0x00007ffa7003c000 	C:\Program Files\Java\jdk-11\bin\server\jvm.dll
0x00007ffafbb60000 - 0x00007ffafbb68000 	C:\WINDOWS\System32\PSAPI.DLL
0x00007ffaf2770000 - 0x00007ffaf27a4000 	C:\WINDOWS\SYSTEM32\WINMM.dll
0x00007ffadc020000 - 0x00007ffadc029000 	C:\WINDOWS\SYSTEM32\WSOCK32.dll
0x00007ffafbae0000 - 0x00007ffafbb51000 	C:\WINDOWS\System32\WS2_32.dll
0x00007ffaf93c0000 - 0x00007ffaf93d8000 	C:\WINDOWS\SYSTEM32\kernel.appcore.dll
0x00007ffae7ba0000 - 0x00007ffae7bb0000 	C:\Program Files\Java\jdk-11\bin\verify.dll
0x00007ffaf7db0000 - 0x00007ffaf7fde000 	C:\WINDOWS\SYSTEM32\DBGHELP.DLL
0x00007ffafcba0000 - 0x00007ffafcf29000 	C:\WINDOWS\System32\combase.dll
0x00007ffafb8b0000 - 0x00007ffafb987000 	C:\WINDOWS\System32\OLEAUT32.dll
0x00007ffadab30000 - 0x00007ffadab62000 	C:\WINDOWS\SYSTEM32\dbgcore.DLL
0x00007ffafacd0000 - 0x00007ffafad4b000 	C:\WINDOWS\System32\bcryptPrimitives.dll
0x00007ffae2010000 - 0x00007ffae2038000 	C:\Program Files\Java\jdk-11\bin\java.dll
0x00007ffae7440000 - 0x00007ffae744a000 	C:\Program Files\Java\jdk-11\bin\jimage.dll
0x00007ffaf75e0000 - 0x00007ffaf75ee000 	C:\Program Files\Java\jdk-11\bin\instrument.dll
0x00007ffadac80000 - 0x00007ffadac97000 	C:\Program Files\Java\jdk-11\bin\zip.dll
0x00007ffafbe30000 - 0x00007ffafc62a000 	C:\WINDOWS\System32\SHELL32.dll
0x00007ffaf8370000 - 0x00007ffaf8c3e000 	C:\WINDOWS\SYSTEM32\windows.storage.dll
0x00007ffaf8230000 - 0x00007ffaf836e000 	C:\WINDOWS\SYSTEM32\wintypes.dll
0x00007ffafc840000 - 0x00007ffafc931000 	C:\WINDOWS\System32\SHCORE.dll
0x00007ffafb540000 - 0x00007ffafb59e000 	C:\WINDOWS\System32\shlwapi.dll
0x00007ffafa2a0000 - 0x00007ffafa2c1000 	C:\WINDOWS\SYSTEM32\profapi.dll
0x00007ffada470000 - 0x00007ffada489000 	C:\Program Files\Java\jdk-11\bin\net.dll
0x00007ffaf2220000 - 0x00007ffaf2357000 	C:\WINDOWS\SYSTEM32\WINHTTP.dll
0x00007ffaf9830000 - 0x00007ffaf9899000 	C:\WINDOWS\system32\mswsock.dll
0x00007ffad4db0000 - 0x00007ffad4dc2000 	C:\Program Files\Java\jdk-11\bin\nio.dll
0x00007ffa69ba0000 - 0x00007ffa69bb7000 	C:\WINDOWS\system32\napinsp.dll
0x00007ffa5bca0000 - 0x00007ffa5bcbb000 	C:\WINDOWS\system32\pnrpnsp.dll
0x00007ffaf8f10000 - 0x00007ffaf9003000 	C:\WINDOWS\SYSTEM32\DNSAPI.dll
0x00007ffaf8ea0000 - 0x00007ffaf8ecd000 	C:\WINDOWS\SYSTEM32\IPHLPAPI.DLL
0x00007ffafb480000 - 0x00007ffafb489000 	C:\WINDOWS\System32\NSI.dll
0x00007ffa5bc80000 - 0x00007ffa5bc91000 	C:\WINDOWS\System32\winrnr.dll
0x00007ffac7d20000 - 0x00007ffac7d35000 	C:\WINDOWS\system32\wshbth.dll
0x00007ffa93ab0000 - 0x00007ffa93ad1000 	C:\WINDOWS\system32\nlansp_c.dll
0x00007ffaefca0000 - 0x00007ffaefcaa000 	C:\Windows\System32\rasadhlp.dll
0x00007ffaf17d0000 - 0x00007ffaf1854000 	C:\WINDOWS\System32\fwpuclnt.dll
0x00007ffaf3520000 - 0x00007ffaf3529000 	C:\Program Files\Java\jdk-11\bin\management.dll
0x00007ffae4a70000 - 0x00007ffae4a7b000 	C:\Program Files\Java\jdk-11\bin\management_ext.dll

dbghelp: loaded successfully - version: 4.0.5 - missing functions: none
symbol engine: initialized successfully - sym options: 0x614 - pdb path: .;C:\Program Files\Java\jdk-11\bin;C:\WINDOWS\SYSTEM32;C:\WINDOWS\WinSxS\amd64_microsoft.windows.common-controls_6595b64144ccf1df_6.0.22621.1635_none_270f70857386168e;C:\Program Files\Java\jdk-11\bin\server

VM Arguments:
jvm_args: -javaagent:C:\\Users\\JUNIOR\\.m2\\repository\\org\\jacoco\\org.jacoco.agent\\0.8.7\\org.jacoco.agent-0.8.7-runtime.jar=destfile=D:\\JAVA_PROYECTOS\\Practica_Experto_Junior_Salinas\\target\\jacoco.exec,excludes=com/PracticaExperto/Practica_Experto_Junior_Salinas/controller/**:com/PracticaExperto/Practica_Experto_Junior_Salinas/model/**:com/PracticaExperto/Practica_Experto_Junior_Salinas/repository/**:com/PracticaExperto/Practica_Experto_Junior_Salinas/service/AutorService.class:com/PracticaExperto/Practica_Experto_Junior_Salinas/service/DireccionService.class:com/PracticaExperto/Practica_Experto_Junior_Salinas/PracticaExpertoJuniorSalinasApplication.class 
java_command: C:\Users\JUNIOR\AppData\Local\Temp\surefire13786779263821996455\surefirebooter7244694097907693049.jar C:\Users\JUNIOR\AppData\Local\Temp\surefire13786779263821996455 2023-09-26T00-57-28_642-jvmRun1 surefire13942604176691543631tmp surefire_014025317573431111488tmp
java_class_path (initial): C:\Users\JUNIOR\AppData\Local\Temp\surefire13786779263821996455\surefirebooter7244694097907693049.jar
Launcher Type: SUN_STANDARD

[Global flags]
     intx CICompilerCount                          = 4                                         {product} {ergonomic}
     uint ConcGCThreads                            = 3                                         {product} {ergonomic}
     uint G1ConcRefinementThreads                  = 10                                        {product} {ergonomic}
   size_t G1HeapRegionSize                         = 1048576                                   {product} {ergonomic}
    uintx GCDrainStackTargetSize                   = 64                                        {product} {ergonomic}
   size_t InitialHeapSize                          = 266338304                                 {product} {ergonomic}
   size_t MarkStackSize                            = 4194304                                   {product} {ergonomic}
   size_t MaxHeapSize                              = 4259315712                                {product} {ergonomic}
   size_t MaxNewSize                               = 2555379712                                {product} {ergonomic}
   size_t MinHeapDeltaBytes                        = 1048576                                   {product} {ergonomic}
    uintx NonNMethodCodeHeapSize                   = 5836300                                {pd product} {ergonomic}
    uintx NonProfiledCodeHeapSize                  = 122910970                              {pd product} {ergonomic}
    uintx ProfiledCodeHeapSize                     = 122910970                              {pd product} {ergonomic}
    uintx ReservedCodeCacheSize                    = 251658240                              {pd product} {ergonomic}
     bool SegmentedCodeCache                       = true                                      {product} {ergonomic}
     bool UseCompressedClassPointers               = true                                 {lp64_product} {ergonomic}
     bool UseCompressedOops                        = true                                 {lp64_product} {ergonomic}
     bool UseG1GC                                  = true                                      {product} {ergonomic}
     bool UseLargePagesIndividualAllocation        = false                                  {pd product} {ergonomic}

Logging:
Log output configuration:
 #0: stdout all=warning uptime,level,tags
 #1: stderr all=off uptime,level,tags

Environment Variables:
JAVA_HOME=C:\Program Files\Java\jdk-11
PATH=C:\Program Files\Java\jdk-11\bin;D:\MAVEN_TECSUP\apache-maven-3.8.8\bin;C:\Program Files (x86)\Common Files\Oracle\Java\javapath;C:\WINDOWS\system32;C:\WINDOWS;C:\WINDOWS\System32\Wbem;C:\WINDOWS\System32\WindowsPowerShell\v1.0\;C:\WINDOWS\System32\OpenSSH\;C:\Program Files\Azure Data Studio\bin;C:\Program Files (x86)\Microsoft SQL Server\140\DTS\Binn\;C:\Program Files\Microsoft SQL Server\Client SDK\ODBC\170\Tools\Binn\;C:\Program Files (x86)\Microsoft SQL Server\150\Tools\Binn\;C:\Program Files\Microsoft SQL Server\150\Tools\Binn\;C:\Program Files\Microsoft SQL Server\150\DTS\Binn\;C:\Program Files (x86)\Microsoft SQL Server\150\DTS\Binn\;C:\Program Files (x86)\Microsoft SQL Server\160\DTS\Binn\;C:\Program Files\Microsoft SQL Server\130\Tools\Binn\;C:\Program Files (x86)\Microsoft SQL Server\110\DTS\Binn\;C:\Program Files (x86)\Microsoft SQL Server\120\DTS\Binn\;C:\Program Files (x86)\Microsoft SQL Server\130\DTS\Binn\;D:\CURSOSPRING\jdk-20.0.1\bin;D:\Git\cmd;C:\xampp\mysql\bin;C:\Program Files\Java\jdk-11\bin;D:\MAVEN_TECSUP\apache-maven-3.8.8\bin;C:\Users\JUNIOR\AppData\Local\Microsoft\WindowsApps;C:\Program Files\Azure Data Studio\bin;D:\CURSOSPRING\jdk-20.0.1\bin;D:\Microsoft VS Code\bin;D:\INTELLIJ IDEA\IntelliJ IDEA Community Edition 2023.2\bin;;
USERNAME=JUNIOR
OS=Windows_NT
PROCESSOR_IDENTIFIER=Intel64 Family 6 Model 158 Stepping 10, GenuineIntel



---------------  S Y S T E M  ---------------

OS: Windows 11 , 64 bit Build 22621 (10.0.22621.1778)

CPU:total 12 (initial active 12) (6 cores per cpu, 2 threads per core) family 6 model 158 stepping 10 microcode 0xf0, cmov, cx8, fxsr, mmx, sse, sse2, sse3, ssse3, sse4.1, sse4.2, popcnt, avx, avx2, aes, clmul, erms, 3dnowpref, lzcnt, ht, tsc, tscinvbit, bmi1, bmi2, adx, fma

Memory: 4k page, system-wide physical 16242M (3432M free)
TotalPageFile size 22685M (AvailPageFile size 29M)
current process WorkingSet (physical memory assigned to process): 324M, peak: 324M
current process commit charge ("private bytes"): 458M, peak: 509M

vm_info: Java HotSpot(TM) 64-Bit Server VM (11.0.19+9-LTS-224) for windows-amd64 JRE (11.0.19+9-LTS-224), built on Mar 27 2023 08:48:55 by "mach5one" with MS VC++ 17.1 (VS2022)

END.
