#
# There is insufficient memory for the Java Runtime Environment to continue.
# Native memory allocation (malloc) failed to allocate 2061136 bytes for Chunk::new
# Possible reasons:
#   The system is out of physical RAM or swap space
#   The process is running with CompressedOops enabled, and the Java Heap may be blocking the growth of the native heap
# Possible solutions:
#   Reduce memory load on the system
#   Increase physical memory or swap space
#   Check if swap backing store is full
#   Decrease Java heap size (-Xmx/-Xms)
#   Decrease number of Java threads
#   Decrease Java thread stack sizes (-Xss)
#   Set larger code cache with -XX:ReservedCodeCacheSize=
#   JVM is running with Zero Based Compressed Oops mode in which the Java heap is
#     placed in the first 32GB address space. The Java Heap base address is the
#     maximum limit for the native heap growth. Please use -XX:HeapBaseMinAddress
#     to set the Java Heap base and to place the Java Heap above 32GB virtual address.
# This output file may be truncated or incomplete.
#
#  Out of Memory Error (./open/src/hotspot/share/memory/arena.cpp:197), pid=22892, tid=12904
#
# JRE version: Java(TM) SE Runtime Environment 18.9 (11.0.19+9) (build 11.0.19+9-LTS-224)
# Java VM: Java HotSpot(TM) 64-Bit Server VM 18.9 (11.0.19+9-LTS-224, mixed mode, tiered, compressed oops, g1 gc, windows-amd64)
# No core dump will be written. Minidumps are not enabled by default on client versions of Windows
#

---------------  S U M M A R Y ------------

Command Line: -Dmaven.multiModuleProjectDirectory=D:\JAVA_PROYECTOS\Practica_Experto_Junior_Salinas -Djansi.passthrough=true -Dmaven.home=C:\Users\JUNIOR\.m2\wrapper\dists\apache-maven-3.9.4-bin\2vqnav6ufo1qvo5j2um40861m\apache-maven-3.9.4 -Dclassworlds.conf=C:\Users\JUNIOR\.m2\wrapper\dists\apache-maven-3.9.4-bin\2vqnav6ufo1qvo5j2um40861m\apache-maven-3.9.4\bin\m2.conf -Dmaven.ext.class.path=D:\INTELLIJ IDEA\IntelliJ IDEA Community Edition 2023.2\plugins\maven\lib\maven-event-listener.jar -javaagent:D:\INTELLIJ IDEA\IntelliJ IDEA Community Edition 2023.2\lib\idea_rt.jar=57078:D:\INTELLIJ IDEA\IntelliJ IDEA Community Edition 2023.2\bin -Dfile.encoding=UTF-8 org.codehaus.classworlds.Launcher -Didea.version=2023.2 clean install

Host: Intel(R) Core(TM) i7-8750H CPU @ 2.20GHz, 12 cores, 15G,  Windows 11 , 64 bit Build 22621 (10.0.22621.1778)
Time: Tue Sep 26 00:17:25 2023 Hora est. Pacífico, Sudamérica elapsed time: 5.303600 seconds (0d 0h 0m 5s)

---------------  T H R E A D  ---------------

Current thread (0x0000026183d65000):  JavaThread "C2 CompilerThread2" daemon [_thread_in_native, id=12904, stack(0x000000f341800000,0x000000f341900000)]


Current CompileTask:
C2:   5303 6505   !   4       lombok.javac.JavacAST::drill (146 bytes)

Stack: [0x000000f341800000,0x000000f341900000]
Native frames: (J=compiled Java code, j=interpreted, Vv=VM code, C=native code)
V  [jvm.dll+0x65fe1a]
V  [jvm.dll+0x7a2bbf]
V  [jvm.dll+0x7a4289]
V  [jvm.dll+0x7a4923]
V  [jvm.dll+0x258a25]
V  [jvm.dll+0xb29cc]
V  [jvm.dll+0xb2f8c]
V  [jvm.dll+0x367121]
V  [jvm.dll+0x1a25f4]
V  [jvm.dll+0x21187d]
V  [jvm.dll+0x2106f8]
V  [jvm.dll+0x18c841]
V  [jvm.dll+0x220989]
V  [jvm.dll+0x21ecac]
V  [jvm.dll+0x766921]
V  [jvm.dll+0x75f2e4]
V  [jvm.dll+0x65ecc5]
C  [ucrtbase.dll+0x29363]
C  [KERNEL32.DLL+0x126ad]
C  [ntdll.dll+0x5a9f8]


---------------  P R O C E S S  ---------------

Threads class SMR info:
_java_thread_list=0x0000026183b29d30, length=13, elements={
0x00000261df1db000, 0x00000261822f9000, 0x00000261822fa000, 0x0000026182bf7800,
0x0000026182bf9800, 0x0000026182bfb000, 0x0000026182bfc000, 0x0000026182c05800,
0x0000026182c10000, 0x00000261822b5000, 0x0000026182d93800, 0x0000026183101000,
0x0000026183d65000
}

Java Threads: ( => current thread )
  0x00000261df1db000 JavaThread "main" [_thread_in_Java, id=25620, stack(0x000000f340500000,0x000000f340600000)]
  0x00000261822f9000 JavaThread "Reference Handler" daemon [_thread_blocked, id=23272, stack(0x000000f340c00000,0x000000f340d00000)]
  0x00000261822fa000 JavaThread "Finalizer" daemon [_thread_blocked, id=22684, stack(0x000000f340d00000,0x000000f340e00000)]
  0x0000026182bf7800 JavaThread "Signal Dispatcher" daemon [_thread_blocked, id=27032, stack(0x000000f340e00000,0x000000f340f00000)]
  0x0000026182bf9800 JavaThread "Attach Listener" daemon [_thread_blocked, id=28496, stack(0x000000f340f00000,0x000000f341000000)]
  0x0000026182bfb000 JavaThread "Service Thread" daemon [_thread_blocked, id=21328, stack(0x000000f341000000,0x000000f341100000)]
  0x0000026182bfc000 JavaThread "C2 CompilerThread0" daemon [_thread_in_native, id=8844, stack(0x000000f341100000,0x000000f341200000)]
  0x0000026182c05800 JavaThread "C1 CompilerThread0" daemon [_thread_in_native, id=21812, stack(0x000000f341200000,0x000000f341300000)]
  0x0000026182c10000 JavaThread "Sweeper thread" daemon [_thread_blocked, id=17444, stack(0x000000f341300000,0x000000f341400000)]
  0x00000261822b5000 JavaThread "Common-Cleaner" daemon [_thread_blocked, id=21756, stack(0x000000f341400000,0x000000f341500000)]
  0x0000026182d93800 JavaThread "C2 CompilerThread1" daemon [_thread_in_native, id=708, stack(0x000000f341500000,0x000000f341600000)]
  0x0000026183101000 JavaThread "Monitor Ctrl-Break" daemon [_thread_in_native, id=10804, stack(0x000000f341600000,0x000000f341700000)]
=>0x0000026183d65000 JavaThread "C2 CompilerThread2" daemon [_thread_in_native, id=12904, stack(0x000000f341800000,0x000000f341900000)]

Other Threads:
  0x00000261822f6000 VMThread "VM Thread" [stack: 0x000000f340b00000,0x000000f340c00000] [id=13364]
  0x0000026182ef6000 WatcherThread [stack: 0x000000f341700000,0x000000f341800000] [id=18128]
  0x00000261df1f1000 GCTaskThread "GC Thread#0" [stack: 0x000000f340600000,0x000000f340700000] [id=10436]
  0x0000026183e82000 GCTaskThread "GC Thread#1" [stack: 0x000000f341900000,0x000000f341a00000] [id=26080]
  0x0000026183e82800 GCTaskThread "GC Thread#2" [stack: 0x000000f341a00000,0x000000f341b00000] [id=8100]
  0x0000026183ff2000 GCTaskThread "GC Thread#3" [stack: 0x000000f341b00000,0x000000f341c00000] [id=20376]
  0x0000026183e83000 GCTaskThread "GC Thread#4" [stack: 0x000000f341c00000,0x000000f341d00000] [id=28360]
  0x0000026183e84000 GCTaskThread "GC Thread#5" [stack: 0x000000f341d00000,0x000000f341e00000] [id=27308]
  0x00000261df24e800 ConcurrentGCThread "G1 Main Marker" [stack: 0x000000f340700000,0x000000f340800000] [id=6276]
  0x00000261df250800 ConcurrentGCThread "G1 Conc#0" [stack: 0x000000f340800000,0x000000f340900000] [id=9384]
  0x0000026183be3000 ConcurrentGCThread "G1 Conc#1" [stack: 0x000000f341e00000,0x000000f341f00000] [id=27348]
  0x00000261840e1000 ConcurrentGCThread "G1 Conc#2" [stack: 0x000000f341f00000,0x000000f342000000] [id=23624]
  0x00000261821dd000 ConcurrentGCThread "G1 Refine#0" [stack: 0x000000f340900000,0x000000f340a00000] [id=26828]
  0x00000261821e0000 ConcurrentGCThread "G1 Young RemSet Sampling" [stack: 0x000000f340a00000,0x000000f340b00000] [id=1676]

Threads with active compile tasks:
C2 CompilerThread0     5346 6496       4       lombok.javac.JavacAST::buildStatementOrExpression (104 bytes)
C1 CompilerThread0     5346 7015       3       java.io.RandomAccessFile::<init> (263 bytes)
C2 CompilerThread1     5346 7001       4       sun.nio.fs.NativeBuffers::getNativeBufferFromCache (51 bytes)
C2 CompilerThread2     5346 6505   !   4       lombok.javac.JavacAST::drill (146 bytes)

VM state:not at safepoint (normal execution)

VM Mutex/Monitor currently owned by a thread: None

Heap address: 0x0000000702200000, size: 4062 MB, Compressed Oops mode: Zero based, Oop shift amount: 3
Narrow klass base: 0x0000000800000000, Narrow klass shift: 0
Compressed class space size: 1073741824 Address: 0x0000000800000000

Heap:
 garbage-first heap   total 312320K, used 120832K [0x0000000702200000, 0x0000000800000000)
  region size 1024K, 101 young (103424K), 14 survivors (14336K)
 Metaspace       used 38750K, capacity 39881K, committed 40140K, reserved 1085440K
  class space    used 4132K, capacity 4513K, committed 4556K, reserved 1048576K
Heap Regions: E=young(eden), S=young(survivor), O=old, HS=humongous(starts), HC=humongous(continues), CS=collection set, F=free, A=archive, TAMS=top-at-mark-start (previous, next)
|   0|0x0000000702200000, 0x0000000702300000, 0x0000000702300000|100%| O|  |TAMS 0x0000000702300000, 0x0000000702200000| Untracked 
|   1|0x0000000702300000, 0x0000000702400000, 0x0000000702400000|100%| O|  |TAMS 0x0000000702400000, 0x0000000702300000| Untracked 
|   2|0x0000000702400000, 0x0000000702500000, 0x0000000702500000|100%| O|  |TAMS 0x0000000702500000, 0x0000000702400000| Untracked 
|   3|0x0000000702500000, 0x0000000702600000, 0x0000000702600000|100%| O|  |TAMS 0x0000000702600000, 0x0000000702500000| Untracked 
|   4|0x0000000702600000, 0x0000000702700000, 0x0000000702700000|100%| O|  |TAMS 0x0000000702700000, 0x0000000702600000| Untracked 
|   5|0x0000000702700000, 0x0000000702800000, 0x0000000702800000|100%| O|  |TAMS 0x0000000702800000, 0x0000000702700000| Untracked 
|   6|0x0000000702800000, 0x0000000702900000, 0x0000000702900000|100%| O|  |TAMS 0x0000000702900000, 0x0000000702800000| Untracked 
|   7|0x0000000702900000, 0x0000000702a00000, 0x0000000702a00000|100%| O|  |TAMS 0x0000000702a00000, 0x0000000702900000| Untracked 
|   8|0x0000000702a00000, 0x0000000702b00000, 0x0000000702b00000|100%| O|  |TAMS 0x0000000702b00000, 0x0000000702a00000| Untracked 
|   9|0x0000000702b00000, 0x0000000702c00000, 0x0000000702c00000|100%| O|  |TAMS 0x0000000702c00000, 0x0000000702b00000| Untracked 
|  10|0x0000000702c00000, 0x0000000702d00000, 0x0000000702d00000|100%| O|  |TAMS 0x0000000702d00000, 0x0000000702c00000| Untracked 
|  11|0x0000000702d00000, 0x0000000702e00000, 0x0000000702e00000|100%| O|  |TAMS 0x0000000702e00000, 0x0000000702d00000| Untracked 
|  12|0x0000000702e00000, 0x0000000702f00000, 0x0000000702f00000|100%| O|  |TAMS 0x0000000702f00000, 0x0000000702e00000| Untracked 
|  13|0x0000000702f00000, 0x0000000703000000, 0x0000000703000000|100%|HS|  |TAMS 0x0000000703000000, 0x0000000702f00000| Complete 
|  14|0x0000000703000000, 0x0000000703100000, 0x0000000703100000|100%|HS|  |TAMS 0x0000000703100000, 0x0000000703000000| Complete 
|  15|0x0000000703100000, 0x0000000703200000, 0x0000000703200000|100%| O|  |TAMS 0x0000000703200000, 0x0000000703100000| Untracked 
|  16|0x0000000703200000, 0x0000000703300000, 0x0000000703300000|100%| O|  |TAMS 0x0000000703300000, 0x0000000703200000| Untracked 
|  17|0x0000000703300000, 0x0000000703400000, 0x0000000703400000|100%| O|  |TAMS 0x0000000703400000, 0x0000000703300000| Untracked 
|  18|0x0000000703400000, 0x0000000703500000, 0x0000000703500000|100%|HS|  |TAMS 0x0000000703400000, 0x0000000703400000| Complete 
|  19|0x0000000703500000, 0x0000000703500000, 0x0000000703600000|  0%| F|  |TAMS 0x0000000703500000, 0x0000000703500000| Untracked 
|  20|0x0000000703600000, 0x0000000703600000, 0x0000000703700000|  0%| F|  |TAMS 0x0000000703600000, 0x0000000703600000| Untracked 
|  21|0x0000000703700000, 0x0000000703700000, 0x0000000703800000|  0%| F|  |TAMS 0x0000000703700000, 0x0000000703700000| Untracked 
|  22|0x0000000703800000, 0x0000000703800000, 0x0000000703900000|  0%| F|  |TAMS 0x0000000703800000, 0x0000000703800000| Untracked 
|  23|0x0000000703900000, 0x0000000703900000, 0x0000000703a00000|  0%| F|  |TAMS 0x0000000703900000, 0x0000000703900000| Untracked 
|  24|0x0000000703a00000, 0x0000000703a00000, 0x0000000703b00000|  0%| F|  |TAMS 0x0000000703a00000, 0x0000000703a00000| Untracked 
|  25|0x0000000703b00000, 0x0000000703b00000, 0x0000000703c00000|  0%| F|  |TAMS 0x0000000703b00000, 0x0000000703b00000| Untracked 
|  26|0x0000000703c00000, 0x0000000703c00000, 0x0000000703d00000|  0%| F|  |TAMS 0x0000000703c00000, 0x0000000703c00000| Untracked 
|  27|0x0000000703d00000, 0x0000000703d00000, 0x0000000703e00000|  0%| F|  |TAMS 0x0000000703d00000, 0x0000000703d00000| Untracked 
|  28|0x0000000703e00000, 0x0000000703e00000, 0x0000000703f00000|  0%| F|  |TAMS 0x0000000703e00000, 0x0000000703e00000| Untracked 
|  29|0x0000000703f00000, 0x0000000703f00000, 0x0000000704000000|  0%| F|  |TAMS 0x0000000703f00000, 0x0000000703f00000| Untracked 
|  30|0x0000000704000000, 0x0000000704000000, 0x0000000704100000|  0%| F|  |TAMS 0x0000000704000000, 0x0000000704000000| Untracked 
|  31|0x0000000704100000, 0x0000000704100000, 0x0000000704200000|  0%| F|  |TAMS 0x0000000704100000, 0x0000000704100000| Untracked 
|  32|0x0000000704200000, 0x0000000704200000, 0x0000000704300000|  0%| F|  |TAMS 0x0000000704200000, 0x0000000704200000| Untracked 
|  33|0x0000000704300000, 0x0000000704300000, 0x0000000704400000|  0%| F|  |TAMS 0x0000000704300000, 0x0000000704300000| Untracked 
|  34|0x0000000704400000, 0x0000000704400000, 0x0000000704500000|  0%| F|  |TAMS 0x0000000704400000, 0x0000000704400000| Untracked 
|  35|0x0000000704500000, 0x0000000704500000, 0x0000000704600000|  0%| F|  |TAMS 0x0000000704500000, 0x0000000704500000| Untracked 
|  36|0x0000000704600000, 0x0000000704600000, 0x0000000704700000|  0%| F|  |TAMS 0x0000000704600000, 0x0000000704600000| Untracked 
|  37|0x0000000704700000, 0x0000000704700000, 0x0000000704800000|  0%| F|  |TAMS 0x0000000704700000, 0x0000000704700000| Untracked 
|  38|0x0000000704800000, 0x0000000704800000, 0x0000000704900000|  0%| F|  |TAMS 0x0000000704800000, 0x0000000704800000| Untracked 
|  39|0x0000000704900000, 0x0000000704900000, 0x0000000704a00000|  0%| F|  |TAMS 0x0000000704900000, 0x0000000704900000| Untracked 
|  40|0x0000000704a00000, 0x0000000704a00000, 0x0000000704b00000|  0%| F|  |TAMS 0x0000000704a00000, 0x0000000704a00000| Untracked 
|  41|0x0000000704b00000, 0x0000000704b00000, 0x0000000704c00000|  0%| F|  |TAMS 0x0000000704b00000, 0x0000000704b00000| Untracked 
|  42|0x0000000704c00000, 0x0000000704c00000, 0x0000000704d00000|  0%| F|  |TAMS 0x0000000704c00000, 0x0000000704c00000| Untracked 
|  43|0x0000000704d00000, 0x0000000704d00000, 0x0000000704e00000|  0%| F|  |TAMS 0x0000000704d00000, 0x0000000704d00000| Untracked 
|  44|0x0000000704e00000, 0x0000000704e00000, 0x0000000704f00000|  0%| F|  |TAMS 0x0000000704e00000, 0x0000000704e00000| Untracked 
|  45|0x0000000704f00000, 0x0000000704f00000, 0x0000000705000000|  0%| F|  |TAMS 0x0000000704f00000, 0x0000000704f00000| Untracked 
|  46|0x0000000705000000, 0x0000000705000000, 0x0000000705100000|  0%| F|  |TAMS 0x0000000705000000, 0x0000000705000000| Untracked 
|  47|0x0000000705100000, 0x0000000705100000, 0x0000000705200000|  0%| F|  |TAMS 0x0000000705100000, 0x0000000705100000| Untracked 
|  48|0x0000000705200000, 0x0000000705200000, 0x0000000705300000|  0%| F|  |TAMS 0x0000000705200000, 0x0000000705200000| Untracked 
|  49|0x0000000705300000, 0x0000000705300000, 0x0000000705400000|  0%| F|  |TAMS 0x0000000705300000, 0x0000000705300000| Untracked 
|  50|0x0000000705400000, 0x0000000705400000, 0x0000000705500000|  0%| F|  |TAMS 0x0000000705400000, 0x0000000705400000| Untracked 
|  51|0x0000000705500000, 0x0000000705500000, 0x0000000705600000|  0%| F|  |TAMS 0x0000000705500000, 0x0000000705500000| Untracked 
|  52|0x0000000705600000, 0x0000000705600000, 0x0000000705700000|  0%| F|  |TAMS 0x0000000705600000, 0x0000000705600000| Untracked 
|  53|0x0000000705700000, 0x0000000705700000, 0x0000000705800000|  0%| F|  |TAMS 0x0000000705700000, 0x0000000705700000| Untracked 
|  54|0x0000000705800000, 0x0000000705800000, 0x0000000705900000|  0%| F|  |TAMS 0x0000000705800000, 0x0000000705800000| Untracked 
|  55|0x0000000705900000, 0x0000000705900000, 0x0000000705a00000|  0%| F|  |TAMS 0x0000000705900000, 0x0000000705900000| Untracked 
|  56|0x0000000705a00000, 0x0000000705a00000, 0x0000000705b00000|  0%| F|  |TAMS 0x0000000705a00000, 0x0000000705a00000| Untracked 
|  57|0x0000000705b00000, 0x0000000705b00000, 0x0000000705c00000|  0%| F|  |TAMS 0x0000000705b00000, 0x0000000705b00000| Untracked 
|  58|0x0000000705c00000, 0x0000000705c00000, 0x0000000705d00000|  0%| F|  |TAMS 0x0000000705c00000, 0x0000000705c00000| Untracked 
|  59|0x0000000705d00000, 0x0000000705d00000, 0x0000000705e00000|  0%| F|  |TAMS 0x0000000705d00000, 0x0000000705d00000| Untracked 
|  60|0x0000000705e00000, 0x0000000705e00000, 0x0000000705f00000|  0%| F|  |TAMS 0x0000000705e00000, 0x0000000705e00000| Untracked 
|  61|0x0000000705f00000, 0x0000000705f00000, 0x0000000706000000|  0%| F|  |TAMS 0x0000000705f00000, 0x0000000705f00000| Untracked 
|  62|0x0000000706000000, 0x0000000706000000, 0x0000000706100000|  0%| F|  |TAMS 0x0000000706000000, 0x0000000706000000| Untracked 
|  63|0x0000000706100000, 0x0000000706100000, 0x0000000706200000|  0%| F|  |TAMS 0x0000000706100000, 0x0000000706100000| Untracked 
|  64|0x0000000706200000, 0x0000000706200000, 0x0000000706300000|  0%| F|  |TAMS 0x0000000706200000, 0x0000000706200000| Untracked 
|  65|0x0000000706300000, 0x0000000706300000, 0x0000000706400000|  0%| F|  |TAMS 0x0000000706300000, 0x0000000706300000| Untracked 
|  66|0x0000000706400000, 0x0000000706400000, 0x0000000706500000|  0%| F|  |TAMS 0x0000000706400000, 0x0000000706400000| Untracked 
|  67|0x0000000706500000, 0x0000000706500000, 0x0000000706600000|  0%| F|  |TAMS 0x0000000706500000, 0x0000000706500000| Untracked 
|  68|0x0000000706600000, 0x0000000706600000, 0x0000000706700000|  0%| F|  |TAMS 0x0000000706600000, 0x0000000706600000| Untracked 
|  69|0x0000000706700000, 0x0000000706700000, 0x0000000706800000|  0%| F|  |TAMS 0x0000000706700000, 0x0000000706700000| Untracked 
|  70|0x0000000706800000, 0x0000000706800000, 0x0000000706900000|  0%| F|  |TAMS 0x0000000706800000, 0x0000000706800000| Untracked 
|  71|0x0000000706900000, 0x0000000706900000, 0x0000000706a00000|  0%| F|  |TAMS 0x0000000706900000, 0x0000000706900000| Untracked 
|  72|0x0000000706a00000, 0x0000000706a00000, 0x0000000706b00000|  0%| F|  |TAMS 0x0000000706a00000, 0x0000000706a00000| Untracked 
|  73|0x0000000706b00000, 0x0000000706b00000, 0x0000000706c00000|  0%| F|  |TAMS 0x0000000706b00000, 0x0000000706b00000| Untracked 
|  74|0x0000000706c00000, 0x0000000706c00000, 0x0000000706d00000|  0%| F|  |TAMS 0x0000000706c00000, 0x0000000706c00000| Untracked 
|  75|0x0000000706d00000, 0x0000000706d00000, 0x0000000706e00000|  0%| F|  |TAMS 0x0000000706d00000, 0x0000000706d00000| Untracked 
|  76|0x0000000706e00000, 0x0000000706e00000, 0x0000000706f00000|  0%| F|  |TAMS 0x0000000706e00000, 0x0000000706e00000| Untracked 
|  77|0x0000000706f00000, 0x0000000706f00000, 0x0000000707000000|  0%| F|  |TAMS 0x0000000706f00000, 0x0000000706f00000| Untracked 
|  78|0x0000000707000000, 0x0000000707000000, 0x0000000707100000|  0%| F|  |TAMS 0x0000000707000000, 0x0000000707000000| Untracked 
|  79|0x0000000707100000, 0x0000000707100000, 0x0000000707200000|  0%| F|  |TAMS 0x0000000707100000, 0x0000000707100000| Untracked 
|  80|0x0000000707200000, 0x0000000707200000, 0x0000000707300000|  0%| F|  |TAMS 0x0000000707200000, 0x0000000707200000| Untracked 
|  81|0x0000000707300000, 0x0000000707300000, 0x0000000707400000|  0%| F|  |TAMS 0x0000000707300000, 0x0000000707300000| Untracked 
|  82|0x0000000707400000, 0x0000000707400000, 0x0000000707500000|  0%| F|  |TAMS 0x0000000707400000, 0x0000000707400000| Untracked 
|  83|0x0000000707500000, 0x0000000707500000, 0x0000000707600000|  0%| F|  |TAMS 0x0000000707500000, 0x0000000707500000| Untracked 
|  84|0x0000000707600000, 0x0000000707600000, 0x0000000707700000|  0%| F|  |TAMS 0x0000000707600000, 0x0000000707600000| Untracked 
|  85|0x0000000707700000, 0x0000000707700000, 0x0000000707800000|  0%| F|  |TAMS 0x0000000707700000, 0x0000000707700000| Untracked 
|  86|0x0000000707800000, 0x0000000707800000, 0x0000000707900000|  0%| F|  |TAMS 0x0000000707800000, 0x0000000707800000| Untracked 
|  87|0x0000000707900000, 0x0000000707900000, 0x0000000707a00000|  0%| F|  |TAMS 0x0000000707900000, 0x0000000707900000| Untracked 
|  88|0x0000000707a00000, 0x0000000707a00000, 0x0000000707b00000|  0%| F|  |TAMS 0x0000000707a00000, 0x0000000707a00000| Untracked 
|  89|0x0000000707b00000, 0x0000000707b00000, 0x0000000707c00000|  0%| F|  |TAMS 0x0000000707b00000, 0x0000000707b00000| Untracked 
|  90|0x0000000707c00000, 0x0000000707c00000, 0x0000000707d00000|  0%| F|  |TAMS 0x0000000707c00000, 0x0000000707c00000| Untracked 
|  91|0x0000000707d00000, 0x0000000707d00000, 0x0000000707e00000|  0%| F|  |TAMS 0x0000000707d00000, 0x0000000707d00000| Untracked 
|  92|0x0000000707e00000, 0x0000000707e00000, 0x0000000707f00000|  0%| F|  |TAMS 0x0000000707e00000, 0x0000000707e00000| Untracked 
|  93|0x0000000707f00000, 0x0000000707f00000, 0x0000000708000000|  0%| F|  |TAMS 0x0000000707f00000, 0x0000000707f00000| Untracked 
|  94|0x0000000708000000, 0x0000000708000000, 0x0000000708100000|  0%| F|  |TAMS 0x0000000708000000, 0x0000000708000000| Untracked 
|  95|0x0000000708100000, 0x0000000708100000, 0x0000000708200000|  0%| F|  |TAMS 0x0000000708100000, 0x0000000708100000| Untracked 
|  96|0x0000000708200000, 0x0000000708200000, 0x0000000708300000|  0%| F|  |TAMS 0x0000000708200000, 0x0000000708200000| Untracked 
|  97|0x0000000708300000, 0x0000000708300000, 0x0000000708400000|  0%| F|  |TAMS 0x0000000708300000, 0x0000000708300000| Untracked 
|  98|0x0000000708400000, 0x0000000708400000, 0x0000000708500000|  0%| F|  |TAMS 0x0000000708400000, 0x0000000708400000| Untracked 
|  99|0x0000000708500000, 0x0000000708500000, 0x0000000708600000|  0%| F|  |TAMS 0x0000000708500000, 0x0000000708500000| Untracked 
| 100|0x0000000708600000, 0x0000000708600000, 0x0000000708700000|  0%| F|  |TAMS 0x0000000708600000, 0x0000000708600000| Untracked 
| 101|0x0000000708700000, 0x0000000708700000, 0x0000000708800000|  0%| F|  |TAMS 0x0000000708700000, 0x0000000708700000| Untracked 
| 102|0x0000000708800000, 0x0000000708800000, 0x0000000708900000|  0%| F|  |TAMS 0x0000000708800000, 0x0000000708800000| Untracked 
| 103|0x0000000708900000, 0x0000000708900000, 0x0000000708a00000|  0%| F|  |TAMS 0x0000000708900000, 0x0000000708900000| Untracked 
| 104|0x0000000708a00000, 0x0000000708a00000, 0x0000000708b00000|  0%| F|  |TAMS 0x0000000708a00000, 0x0000000708a00000| Untracked 
| 105|0x0000000708b00000, 0x0000000708b00000, 0x0000000708c00000|  0%| F|  |TAMS 0x0000000708b00000, 0x0000000708b00000| Untracked 
| 106|0x0000000708c00000, 0x0000000708c00000, 0x0000000708d00000|  0%| F|  |TAMS 0x0000000708c00000, 0x0000000708c00000| Untracked 
| 107|0x0000000708d00000, 0x0000000708d00000, 0x0000000708e00000|  0%| F|  |TAMS 0x0000000708d00000, 0x0000000708d00000| Untracked 
| 108|0x0000000708e00000, 0x0000000708e00000, 0x0000000708f00000|  0%| F|  |TAMS 0x0000000708e00000, 0x0000000708e00000| Untracked 
| 109|0x0000000708f00000, 0x0000000708f00000, 0x0000000709000000|  0%| F|  |TAMS 0x0000000708f00000, 0x0000000708f00000| Untracked 
| 110|0x0000000709000000, 0x0000000709000000, 0x0000000709100000|  0%| F|  |TAMS 0x0000000709000000, 0x0000000709000000| Untracked 
| 111|0x0000000709100000, 0x0000000709100000, 0x0000000709200000|  0%| F|  |TAMS 0x0000000709100000, 0x0000000709100000| Untracked 
| 112|0x0000000709200000, 0x0000000709200000, 0x0000000709300000|  0%| F|  |TAMS 0x0000000709200000, 0x0000000709200000| Untracked 
| 113|0x0000000709300000, 0x0000000709300000, 0x0000000709400000|  0%| F|  |TAMS 0x0000000709300000, 0x0000000709300000| Untracked 
| 114|0x0000000709400000, 0x0000000709400000, 0x0000000709500000|  0%| F|  |TAMS 0x0000000709400000, 0x0000000709400000| Untracked 
| 115|0x0000000709500000, 0x0000000709500000, 0x0000000709600000|  0%| F|  |TAMS 0x0000000709500000, 0x0000000709500000| Untracked 
| 116|0x0000000709600000, 0x0000000709600000, 0x0000000709700000|  0%| F|  |TAMS 0x0000000709600000, 0x0000000709600000| Untracked 
| 117|0x0000000709700000, 0x0000000709700000, 0x0000000709800000|  0%| F|  |TAMS 0x0000000709700000, 0x0000000709700000| Untracked 
| 118|0x0000000709800000, 0x0000000709800000, 0x0000000709900000|  0%| F|  |TAMS 0x0000000709800000, 0x0000000709800000| Untracked 
| 119|0x0000000709900000, 0x0000000709900000, 0x0000000709a00000|  0%| F|  |TAMS 0x0000000709900000, 0x0000000709900000| Untracked 
| 120|0x0000000709a00000, 0x0000000709a00000, 0x0000000709b00000|  0%| F|  |TAMS 0x0000000709a00000, 0x0000000709a00000| Untracked 
| 121|0x0000000709b00000, 0x0000000709b00000, 0x0000000709c00000|  0%| F|  |TAMS 0x0000000709b00000, 0x0000000709b00000| Untracked 
| 122|0x0000000709c00000, 0x0000000709c00000, 0x0000000709d00000|  0%| F|  |TAMS 0x0000000709c00000, 0x0000000709c00000| Untracked 
| 123|0x0000000709d00000, 0x0000000709d00000, 0x0000000709e00000|  0%| F|  |TAMS 0x0000000709d00000, 0x0000000709d00000| Untracked 
| 124|0x0000000709e00000, 0x0000000709e00000, 0x0000000709f00000|  0%| F|  |TAMS 0x0000000709e00000, 0x0000000709e00000| Untracked 
| 125|0x0000000709f00000, 0x0000000709f00000, 0x000000070a000000|  0%| F|  |TAMS 0x0000000709f00000, 0x0000000709f00000| Untracked 
| 126|0x000000070a000000, 0x000000070a000000, 0x000000070a100000|  0%| F|  |TAMS 0x000000070a000000, 0x000000070a000000| Untracked 
| 127|0x000000070a100000, 0x000000070a100000, 0x000000070a200000|  0%| F|  |TAMS 0x000000070a100000, 0x000000070a100000| Untracked 
| 128|0x000000070a200000, 0x000000070a200000, 0x000000070a300000|  0%| F|  |TAMS 0x000000070a200000, 0x000000070a200000| Untracked 
| 129|0x000000070a300000, 0x000000070a300000, 0x000000070a400000|  0%| F|  |TAMS 0x000000070a300000, 0x000000070a300000| Untracked 
| 130|0x000000070a400000, 0x000000070a400000, 0x000000070a500000|  0%| F|  |TAMS 0x000000070a400000, 0x000000070a400000| Untracked 
| 131|0x000000070a500000, 0x000000070a500000, 0x000000070a600000|  0%| F|  |TAMS 0x000000070a500000, 0x000000070a500000| Untracked 
| 132|0x000000070a600000, 0x000000070a600000, 0x000000070a700000|  0%| F|  |TAMS 0x000000070a600000, 0x000000070a600000| Untracked 
| 133|0x000000070a700000, 0x000000070a700000, 0x000000070a800000|  0%| F|  |TAMS 0x000000070a700000, 0x000000070a700000| Untracked 
| 134|0x000000070a800000, 0x000000070a800000, 0x000000070a900000|  0%| F|  |TAMS 0x000000070a800000, 0x000000070a800000| Untracked 
| 135|0x000000070a900000, 0x000000070a900000, 0x000000070aa00000|  0%| F|  |TAMS 0x000000070a900000, 0x000000070a900000| Untracked 
| 136|0x000000070aa00000, 0x000000070aa00000, 0x000000070ab00000|  0%| F|  |TAMS 0x000000070aa00000, 0x000000070aa00000| Untracked 
| 137|0x000000070ab00000, 0x000000070ab00000, 0x000000070ac00000|  0%| F|  |TAMS 0x000000070ab00000, 0x000000070ab00000| Untracked 
| 138|0x000000070ac00000, 0x000000070ac00000, 0x000000070ad00000|  0%| F|  |TAMS 0x000000070ac00000, 0x000000070ac00000| Untracked 
| 139|0x000000070ad00000, 0x000000070ad00000, 0x000000070ae00000|  0%| F|  |TAMS 0x000000070ad00000, 0x000000070ad00000| Untracked 
| 140|0x000000070ae00000, 0x000000070ae00000, 0x000000070af00000|  0%| F|  |TAMS 0x000000070ae00000, 0x000000070ae00000| Untracked 
| 141|0x000000070af00000, 0x000000070af00000, 0x000000070b000000|  0%| F|  |TAMS 0x000000070af00000, 0x000000070af00000| Untracked 
| 142|0x000000070b000000, 0x000000070b000000, 0x000000070b100000|  0%| F|  |TAMS 0x000000070b000000, 0x000000070b000000| Untracked 
| 143|0x000000070b100000, 0x000000070b100000, 0x000000070b200000|  0%| F|  |TAMS 0x000000070b100000, 0x000000070b100000| Untracked 
| 144|0x000000070b200000, 0x000000070b200000, 0x000000070b300000|  0%| F|  |TAMS 0x000000070b200000, 0x000000070b200000| Untracked 
| 145|0x000000070b300000, 0x000000070b300000, 0x000000070b400000|  0%| F|  |TAMS 0x000000070b300000, 0x000000070b300000| Untracked 
| 146|0x000000070b400000, 0x000000070b400000, 0x000000070b500000|  0%| F|  |TAMS 0x000000070b400000, 0x000000070b400000| Untracked 
| 147|0x000000070b500000, 0x000000070b500000, 0x000000070b600000|  0%| F|  |TAMS 0x000000070b500000, 0x000000070b500000| Untracked 
| 148|0x000000070b600000, 0x000000070b600000, 0x000000070b700000|  0%| F|  |TAMS 0x000000070b600000, 0x000000070b600000| Untracked 
| 149|0x000000070b700000, 0x000000070b700000, 0x000000070b800000|  0%| F|  |TAMS 0x000000070b700000, 0x000000070b700000| Untracked 
| 150|0x000000070b800000, 0x000000070b800000, 0x000000070b900000|  0%| F|  |TAMS 0x000000070b800000, 0x000000070b800000| Untracked 
| 151|0x000000070b900000, 0x000000070b900000, 0x000000070ba00000|  0%| F|  |TAMS 0x000000070b900000, 0x000000070b900000| Untracked 
| 152|0x000000070ba00000, 0x000000070ba00000, 0x000000070bb00000|  0%| F|  |TAMS 0x000000070ba00000, 0x000000070ba00000| Untracked 
| 153|0x000000070bb00000, 0x000000070bb00000, 0x000000070bc00000|  0%| F|  |TAMS 0x000000070bb00000, 0x000000070bb00000| Untracked 
| 154|0x000000070bc00000, 0x000000070bc00000, 0x000000070bd00000|  0%| F|  |TAMS 0x000000070bc00000, 0x000000070bc00000| Untracked 
| 155|0x000000070bd00000, 0x000000070bd00000, 0x000000070be00000|  0%| F|  |TAMS 0x000000070bd00000, 0x000000070bd00000| Untracked 
| 156|0x000000070be00000, 0x000000070be00000, 0x000000070bf00000|  0%| F|  |TAMS 0x000000070be00000, 0x000000070be00000| Untracked 
| 157|0x000000070bf00000, 0x000000070bf00000, 0x000000070c000000|  0%| F|  |TAMS 0x000000070bf00000, 0x000000070bf00000| Untracked 
| 158|0x000000070c000000, 0x000000070c000000, 0x000000070c100000|  0%| F|  |TAMS 0x000000070c000000, 0x000000070c000000| Untracked 
| 159|0x000000070c100000, 0x000000070c100000, 0x000000070c200000|  0%| F|  |TAMS 0x000000070c100000, 0x000000070c100000| Untracked 
| 160|0x000000070c200000, 0x000000070c200000, 0x000000070c300000|  0%| F|  |TAMS 0x000000070c200000, 0x000000070c200000| Untracked 
| 161|0x000000070c300000, 0x000000070c300000, 0x000000070c400000|  0%| F|  |TAMS 0x000000070c300000, 0x000000070c300000| Untracked 
| 162|0x000000070c400000, 0x000000070c400000, 0x000000070c500000|  0%| F|  |TAMS 0x000000070c400000, 0x000000070c400000| Untracked 
| 163|0x000000070c500000, 0x000000070c500000, 0x000000070c600000|  0%| F|  |TAMS 0x000000070c500000, 0x000000070c500000| Untracked 
| 164|0x000000070c600000, 0x000000070c600000, 0x000000070c700000|  0%| F|  |TAMS 0x000000070c600000, 0x000000070c600000| Untracked 
| 165|0x000000070c700000, 0x000000070c700000, 0x000000070c800000|  0%| F|  |TAMS 0x000000070c700000, 0x000000070c700000| Untracked 
| 166|0x000000070c800000, 0x000000070c800000, 0x000000070c900000|  0%| F|  |TAMS 0x000000070c800000, 0x000000070c800000| Untracked 
| 167|0x000000070c900000, 0x000000070c900000, 0x000000070ca00000|  0%| F|  |TAMS 0x000000070c900000, 0x000000070c900000| Untracked 
| 168|0x000000070ca00000, 0x000000070ca00000, 0x000000070cb00000|  0%| F|  |TAMS 0x000000070ca00000, 0x000000070ca00000| Untracked 
| 169|0x000000070cb00000, 0x000000070cb00000, 0x000000070cc00000|  0%| F|  |TAMS 0x000000070cb00000, 0x000000070cb00000| Untracked 
| 170|0x000000070cc00000, 0x000000070cc00000, 0x000000070cd00000|  0%| F|  |TAMS 0x000000070cc00000, 0x000000070cc00000| Untracked 
| 171|0x000000070cd00000, 0x000000070cd00000, 0x000000070ce00000|  0%| F|  |TAMS 0x000000070cd00000, 0x000000070cd00000| Untracked 
| 172|0x000000070ce00000, 0x000000070ce00000, 0x000000070cf00000|  0%| F|  |TAMS 0x000000070ce00000, 0x000000070ce00000| Untracked 
| 173|0x000000070cf00000, 0x000000070cf00000, 0x000000070d000000|  0%| F|  |TAMS 0x000000070cf00000, 0x000000070cf00000| Untracked 
| 174|0x000000070d000000, 0x000000070d000000, 0x000000070d100000|  0%| F|  |TAMS 0x000000070d000000, 0x000000070d000000| Untracked 
| 175|0x000000070d100000, 0x000000070d100000, 0x000000070d200000|  0%| F|  |TAMS 0x000000070d100000, 0x000000070d100000| Untracked 
| 176|0x000000070d200000, 0x000000070d200000, 0x000000070d300000|  0%| F|  |TAMS 0x000000070d200000, 0x000000070d200000| Untracked 
| 177|0x000000070d300000, 0x000000070d300000, 0x000000070d400000|  0%| F|  |TAMS 0x000000070d300000, 0x000000070d300000| Untracked 
| 178|0x000000070d400000, 0x000000070d400000, 0x000000070d500000|  0%| F|  |TAMS 0x000000070d400000, 0x000000070d400000| Untracked 
| 179|0x000000070d500000, 0x000000070d500000, 0x000000070d600000|  0%| F|  |TAMS 0x000000070d500000, 0x000000070d500000| Untracked 
| 180|0x000000070d600000, 0x000000070d600000, 0x000000070d700000|  0%| F|  |TAMS 0x000000070d600000, 0x000000070d600000| Untracked 
| 181|0x000000070d700000, 0x000000070d700000, 0x000000070d800000|  0%| F|  |TAMS 0x000000070d700000, 0x000000070d700000| Untracked 
| 182|0x000000070d800000, 0x000000070d800000, 0x000000070d900000|  0%| F|  |TAMS 0x000000070d800000, 0x000000070d800000| Untracked 
| 183|0x000000070d900000, 0x000000070d900000, 0x000000070da00000|  0%| F|  |TAMS 0x000000070d900000, 0x000000070d900000| Untracked 
| 184|0x000000070da00000, 0x000000070da00000, 0x000000070db00000|  0%| F|  |TAMS 0x000000070da00000, 0x000000070da00000| Untracked 
| 185|0x000000070db00000, 0x000000070db00000, 0x000000070dc00000|  0%| F|  |TAMS 0x000000070db00000, 0x000000070db00000| Untracked 
| 186|0x000000070dc00000, 0x000000070dc00000, 0x000000070dd00000|  0%| F|  |TAMS 0x000000070dc00000, 0x000000070dc00000| Untracked 
| 187|0x000000070dd00000, 0x000000070dd00000, 0x000000070de00000|  0%| F|  |TAMS 0x000000070dd00000, 0x000000070dd00000| Untracked 
| 188|0x000000070de00000, 0x000000070df00000, 0x000000070df00000|100%| S|CS|TAMS 0x000000070de00000, 0x000000070de00000| Complete 
| 189|0x000000070df00000, 0x000000070e000000, 0x000000070e000000|100%| S|CS|TAMS 0x000000070df00000, 0x000000070df00000| Complete 
| 190|0x000000070e000000, 0x000000070e100000, 0x000000070e100000|100%| S|CS|TAMS 0x000000070e000000, 0x000000070e000000| Complete 
| 191|0x000000070e100000, 0x000000070e200000, 0x000000070e200000|100%| S|CS|TAMS 0x000000070e100000, 0x000000070e100000| Complete 
| 192|0x000000070e200000, 0x000000070e300000, 0x000000070e300000|100%| S|CS|TAMS 0x000000070e200000, 0x000000070e200000| Complete 
| 193|0x000000070e300000, 0x000000070e400000, 0x000000070e400000|100%| S|CS|TAMS 0x000000070e300000, 0x000000070e300000| Complete 
| 194|0x000000070e400000, 0x000000070e500000, 0x000000070e500000|100%| S|CS|TAMS 0x000000070e400000, 0x000000070e400000| Complete 
| 195|0x000000070e500000, 0x000000070e600000, 0x000000070e600000|100%| S|CS|TAMS 0x000000070e500000, 0x000000070e500000| Complete 
| 196|0x000000070e600000, 0x000000070e700000, 0x000000070e700000|100%| S|CS|TAMS 0x000000070e600000, 0x000000070e600000| Complete 
| 197|0x000000070e700000, 0x000000070e800000, 0x000000070e800000|100%| S|CS|TAMS 0x000000070e700000, 0x000000070e700000| Complete 
| 198|0x000000070e800000, 0x000000070e900000, 0x000000070e900000|100%| S|CS|TAMS 0x000000070e800000, 0x000000070e800000| Complete 
| 199|0x000000070e900000, 0x000000070ea00000, 0x000000070ea00000|100%| S|CS|TAMS 0x000000070e900000, 0x000000070e900000| Complete 
| 200|0x000000070ea00000, 0x000000070eb00000, 0x000000070eb00000|100%| S|CS|TAMS 0x000000070ea00000, 0x000000070ea00000| Complete 
| 201|0x000000070eb00000, 0x000000070ec00000, 0x000000070ec00000|100%| S|CS|TAMS 0x000000070eb00000, 0x000000070eb00000| Complete 
| 202|0x000000070ec00000, 0x000000070ec00000, 0x000000070ed00000|  0%| F|  |TAMS 0x000000070ec00000, 0x000000070ec00000| Untracked 
| 203|0x000000070ed00000, 0x000000070ed00000, 0x000000070ee00000|  0%| F|  |TAMS 0x000000070ed00000, 0x000000070ed00000| Untracked 
| 204|0x000000070ee00000, 0x000000070ee00000, 0x000000070ef00000|  0%| F|  |TAMS 0x000000070ee00000, 0x000000070ee00000| Untracked 
| 205|0x000000070ef00000, 0x000000070ef00000, 0x000000070f000000|  0%| F|  |TAMS 0x000000070ef00000, 0x000000070ef00000| Untracked 
| 206|0x000000070f000000, 0x000000070f000000, 0x000000070f100000|  0%| F|  |TAMS 0x000000070f000000, 0x000000070f000000| Untracked 
| 207|0x000000070f100000, 0x000000070f100000, 0x000000070f200000|  0%| F|  |TAMS 0x000000070f100000, 0x000000070f100000| Untracked 
| 208|0x000000070f200000, 0x000000070f200000, 0x000000070f300000|  0%| F|  |TAMS 0x000000070f200000, 0x000000070f200000| Untracked 
| 209|0x000000070f300000, 0x000000070f300000, 0x000000070f400000|  0%| F|  |TAMS 0x000000070f300000, 0x000000070f300000| Untracked 
| 210|0x000000070f400000, 0x000000070f400000, 0x000000070f500000|  0%| F|  |TAMS 0x000000070f400000, 0x000000070f400000| Untracked 
| 211|0x000000070f500000, 0x000000070f500000, 0x000000070f600000|  0%| F|  |TAMS 0x000000070f500000, 0x000000070f500000| Untracked 
| 212|0x000000070f600000, 0x000000070f600000, 0x000000070f700000|  0%| F|  |TAMS 0x000000070f600000, 0x000000070f600000| Untracked 
| 213|0x000000070f700000, 0x000000070f700000, 0x000000070f800000|  0%| F|  |TAMS 0x000000070f700000, 0x000000070f700000| Untracked 
| 214|0x000000070f800000, 0x000000070f800000, 0x000000070f900000|  0%| F|  |TAMS 0x000000070f800000, 0x000000070f800000| Untracked 
| 215|0x000000070f900000, 0x000000070f900000, 0x000000070fa00000|  0%| F|  |TAMS 0x000000070f900000, 0x000000070f900000| Untracked 
| 216|0x000000070fa00000, 0x000000070fa00000, 0x000000070fb00000|  0%| F|  |TAMS 0x000000070fa00000, 0x000000070fa00000| Untracked 
| 217|0x000000070fb00000, 0x000000070fb82878, 0x000000070fc00000| 50%| E|  |TAMS 0x000000070fb00000, 0x000000070fb00000| Complete 
| 218|0x000000070fc00000, 0x000000070fd00000, 0x000000070fd00000|100%| E|CS|TAMS 0x000000070fc00000, 0x000000070fc00000| Complete 
| 219|0x000000070fd00000, 0x000000070fe00000, 0x000000070fe00000|100%| E|CS|TAMS 0x000000070fd00000, 0x000000070fd00000| Complete 
| 220|0x000000070fe00000, 0x000000070ff00000, 0x000000070ff00000|100%| E|CS|TAMS 0x000000070fe00000, 0x000000070fe00000| Complete 
| 221|0x000000070ff00000, 0x0000000710000000, 0x0000000710000000|100%| E|CS|TAMS 0x000000070ff00000, 0x000000070ff00000| Complete 
| 222|0x0000000710000000, 0x0000000710100000, 0x0000000710100000|100%| E|CS|TAMS 0x0000000710000000, 0x0000000710000000| Complete 
| 223|0x0000000710100000, 0x0000000710200000, 0x0000000710200000|100%| E|CS|TAMS 0x0000000710100000, 0x0000000710100000| Complete 
| 224|0x0000000710200000, 0x0000000710300000, 0x0000000710300000|100%| E|CS|TAMS 0x0000000710200000, 0x0000000710200000| Complete 
| 225|0x0000000710300000, 0x0000000710400000, 0x0000000710400000|100%| E|CS|TAMS 0x0000000710300000, 0x0000000710300000| Complete 
| 226|0x0000000710400000, 0x0000000710500000, 0x0000000710500000|100%| E|CS|TAMS 0x0000000710400000, 0x0000000710400000| Complete 
| 227|0x0000000710500000, 0x0000000710600000, 0x0000000710600000|100%| E|CS|TAMS 0x0000000710500000, 0x0000000710500000| Complete 
| 228|0x0000000710600000, 0x0000000710700000, 0x0000000710700000|100%| E|CS|TAMS 0x0000000710600000, 0x0000000710600000| Complete 
| 229|0x0000000710700000, 0x0000000710800000, 0x0000000710800000|100%| E|CS|TAMS 0x0000000710700000, 0x0000000710700000| Complete 
| 230|0x0000000710800000, 0x0000000710900000, 0x0000000710900000|100%| E|CS|TAMS 0x0000000710800000, 0x0000000710800000| Complete 
| 231|0x0000000710900000, 0x0000000710a00000, 0x0000000710a00000|100%| E|CS|TAMS 0x0000000710900000, 0x0000000710900000| Complete 
| 232|0x0000000710a00000, 0x0000000710b00000, 0x0000000710b00000|100%| E|CS|TAMS 0x0000000710a00000, 0x0000000710a00000| Complete 
| 233|0x0000000710b00000, 0x0000000710c00000, 0x0000000710c00000|100%| E|CS|TAMS 0x0000000710b00000, 0x0000000710b00000| Complete 
| 234|0x0000000710c00000, 0x0000000710d00000, 0x0000000710d00000|100%| E|CS|TAMS 0x0000000710c00000, 0x0000000710c00000| Complete 
| 235|0x0000000710d00000, 0x0000000710e00000, 0x0000000710e00000|100%| E|CS|TAMS 0x0000000710d00000, 0x0000000710d00000| Complete 
| 236|0x0000000710e00000, 0x0000000710f00000, 0x0000000710f00000|100%| E|CS|TAMS 0x0000000710e00000, 0x0000000710e00000| Complete 
| 237|0x0000000710f00000, 0x0000000711000000, 0x0000000711000000|100%| E|CS|TAMS 0x0000000710f00000, 0x0000000710f00000| Complete 
| 238|0x0000000711000000, 0x0000000711100000, 0x0000000711100000|100%| E|CS|TAMS 0x0000000711000000, 0x0000000711000000| Complete 
| 239|0x0000000711100000, 0x0000000711200000, 0x0000000711200000|100%| E|CS|TAMS 0x0000000711100000, 0x0000000711100000| Complete 
| 240|0x0000000711200000, 0x0000000711300000, 0x0000000711300000|100%| E|CS|TAMS 0x0000000711200000, 0x0000000711200000| Complete 
| 241|0x0000000711300000, 0x0000000711400000, 0x0000000711400000|100%| E|CS|TAMS 0x0000000711300000, 0x0000000711300000| Complete 
| 242|0x0000000711400000, 0x0000000711500000, 0x0000000711500000|100%| E|CS|TAMS 0x0000000711400000, 0x0000000711400000| Complete 
| 243|0x0000000711500000, 0x0000000711600000, 0x0000000711600000|100%| E|CS|TAMS 0x0000000711500000, 0x0000000711500000| Complete 
| 244|0x0000000711600000, 0x0000000711700000, 0x0000000711700000|100%| E|CS|TAMS 0x0000000711600000, 0x0000000711600000| Complete 
| 245|0x0000000711700000, 0x0000000711800000, 0x0000000711800000|100%| E|CS|TAMS 0x0000000711700000, 0x0000000711700000| Complete 
| 246|0x0000000711800000, 0x0000000711900000, 0x0000000711900000|100%| E|CS|TAMS 0x0000000711800000, 0x0000000711800000| Complete 
| 247|0x0000000711900000, 0x0000000711a00000, 0x0000000711a00000|100%| E|CS|TAMS 0x0000000711900000, 0x0000000711900000| Complete 
| 248|0x0000000711a00000, 0x0000000711b00000, 0x0000000711b00000|100%| E|CS|TAMS 0x0000000711a00000, 0x0000000711a00000| Complete 
| 249|0x0000000711b00000, 0x0000000711c00000, 0x0000000711c00000|100%| E|CS|TAMS 0x0000000711b00000, 0x0000000711b00000| Complete 
| 250|0x0000000711c00000, 0x0000000711d00000, 0x0000000711d00000|100%| E|CS|TAMS 0x0000000711c00000, 0x0000000711c00000| Complete 
| 251|0x0000000711d00000, 0x0000000711e00000, 0x0000000711e00000|100%| E|CS|TAMS 0x0000000711d00000, 0x0000000711d00000| Complete 
| 252|0x0000000711e00000, 0x0000000711f00000, 0x0000000711f00000|100%| E|CS|TAMS 0x0000000711e00000, 0x0000000711e00000| Complete 
| 253|0x0000000711f00000, 0x0000000712000000, 0x0000000712000000|100%| E|CS|TAMS 0x0000000711f00000, 0x0000000711f00000| Complete 
| 254|0x0000000712000000, 0x0000000712100000, 0x0000000712100000|100%| E|CS|TAMS 0x0000000712000000, 0x0000000712000000| Complete 
| 255|0x0000000712100000, 0x0000000712200000, 0x0000000712200000|100%| E|CS|TAMS 0x0000000712100000, 0x0000000712100000| Complete 
| 256|0x0000000712200000, 0x0000000712300000, 0x0000000712300000|100%| E|CS|TAMS 0x0000000712200000, 0x0000000712200000| Complete 
| 257|0x0000000712300000, 0x0000000712400000, 0x0000000712400000|100%| E|CS|TAMS 0x0000000712300000, 0x0000000712300000| Complete 
| 258|0x0000000712400000, 0x0000000712500000, 0x0000000712500000|100%| E|CS|TAMS 0x0000000712400000, 0x0000000712400000| Complete 
| 259|0x0000000712500000, 0x0000000712600000, 0x0000000712600000|100%| E|CS|TAMS 0x0000000712500000, 0x0000000712500000| Complete 
| 260|0x0000000712600000, 0x0000000712700000, 0x0000000712700000|100%| E|CS|TAMS 0x0000000712600000, 0x0000000712600000| Complete 
| 261|0x0000000712700000, 0x0000000712800000, 0x0000000712800000|100%| E|CS|TAMS 0x0000000712700000, 0x0000000712700000| Complete 
| 262|0x0000000712800000, 0x0000000712900000, 0x0000000712900000|100%| E|CS|TAMS 0x0000000712800000, 0x0000000712800000| Complete 
| 263|0x0000000712900000, 0x0000000712a00000, 0x0000000712a00000|100%| E|CS|TAMS 0x0000000712900000, 0x0000000712900000| Complete 
| 264|0x0000000712a00000, 0x0000000712b00000, 0x0000000712b00000|100%| E|CS|TAMS 0x0000000712a00000, 0x0000000712a00000| Complete 
| 265|0x0000000712b00000, 0x0000000712c00000, 0x0000000712c00000|100%| E|CS|TAMS 0x0000000712b00000, 0x0000000712b00000| Complete 
| 266|0x0000000712c00000, 0x0000000712d00000, 0x0000000712d00000|100%| E|CS|TAMS 0x0000000712c00000, 0x0000000712c00000| Complete 
| 267|0x0000000712d00000, 0x0000000712e00000, 0x0000000712e00000|100%| E|CS|TAMS 0x0000000712d00000, 0x0000000712d00000| Complete 
| 268|0x0000000712e00000, 0x0000000712f00000, 0x0000000712f00000|100%| E|CS|TAMS 0x0000000712e00000, 0x0000000712e00000| Complete 
| 269|0x0000000712f00000, 0x0000000713000000, 0x0000000713000000|100%| E|CS|TAMS 0x0000000712f00000, 0x0000000712f00000| Complete 
| 270|0x0000000713000000, 0x0000000713100000, 0x0000000713100000|100%| E|CS|TAMS 0x0000000713000000, 0x0000000713000000| Complete 
| 271|0x0000000713100000, 0x0000000713200000, 0x0000000713200000|100%| E|CS|TAMS 0x0000000713100000, 0x0000000713100000| Complete 
| 272|0x0000000713200000, 0x0000000713300000, 0x0000000713300000|100%| E|  |TAMS 0x0000000713200000, 0x0000000713200000| Complete 
| 273|0x0000000713300000, 0x0000000713400000, 0x0000000713400000|100%| E|CS|TAMS 0x0000000713300000, 0x0000000713300000| Complete 
| 274|0x0000000713400000, 0x0000000713500000, 0x0000000713500000|100%| E|CS|TAMS 0x0000000713400000, 0x0000000713400000| Complete 
| 275|0x0000000713500000, 0x0000000713600000, 0x0000000713600000|100%| E|CS|TAMS 0x0000000713500000, 0x0000000713500000| Complete 
| 276|0x0000000713600000, 0x0000000713700000, 0x0000000713700000|100%| E|CS|TAMS 0x0000000713600000, 0x0000000713600000| Complete 
| 277|0x0000000713700000, 0x0000000713800000, 0x0000000713800000|100%| E|CS|TAMS 0x0000000713700000, 0x0000000713700000| Complete 
| 278|0x0000000713800000, 0x0000000713900000, 0x0000000713900000|100%| E|CS|TAMS 0x0000000713800000, 0x0000000713800000| Complete 
| 279|0x0000000713900000, 0x0000000713a00000, 0x0000000713a00000|100%| E|CS|TAMS 0x0000000713900000, 0x0000000713900000| Complete 
| 280|0x0000000713a00000, 0x0000000713b00000, 0x0000000713b00000|100%| E|CS|TAMS 0x0000000713a00000, 0x0000000713a00000| Complete 
| 281|0x0000000713b00000, 0x0000000713c00000, 0x0000000713c00000|100%| E|CS|TAMS 0x0000000713b00000, 0x0000000713b00000| Complete 
| 282|0x0000000713c00000, 0x0000000713d00000, 0x0000000713d00000|100%| E|CS|TAMS 0x0000000713c00000, 0x0000000713c00000| Complete 
| 283|0x0000000713d00000, 0x0000000713e00000, 0x0000000713e00000|100%| E|CS|TAMS 0x0000000713d00000, 0x0000000713d00000| Complete 
| 284|0x0000000713e00000, 0x0000000713f00000, 0x0000000713f00000|100%| E|CS|TAMS 0x0000000713e00000, 0x0000000713e00000| Complete 
| 285|0x0000000713f00000, 0x0000000714000000, 0x0000000714000000|100%| E|CS|TAMS 0x0000000713f00000, 0x0000000713f00000| Complete 
| 286|0x0000000714000000, 0x0000000714100000, 0x0000000714100000|100%| E|CS|TAMS 0x0000000714000000, 0x0000000714000000| Complete 
| 287|0x0000000714100000, 0x0000000714200000, 0x0000000714200000|100%| E|CS|TAMS 0x0000000714100000, 0x0000000714100000| Complete 
| 288|0x0000000714200000, 0x0000000714300000, 0x0000000714300000|100%| E|CS|TAMS 0x0000000714200000, 0x0000000714200000| Complete 
| 289|0x0000000714300000, 0x0000000714400000, 0x0000000714400000|100%| E|CS|TAMS 0x0000000714300000, 0x0000000714300000| Complete 
| 290|0x0000000714400000, 0x0000000714500000, 0x0000000714500000|100%| E|CS|TAMS 0x0000000714400000, 0x0000000714400000| Complete 
| 291|0x0000000714500000, 0x0000000714600000, 0x0000000714600000|100%| E|CS|TAMS 0x0000000714500000, 0x0000000714500000| Complete 
| 292|0x0000000714600000, 0x0000000714700000, 0x0000000714700000|100%| E|CS|TAMS 0x0000000714600000, 0x0000000714600000| Complete 
| 293|0x0000000714700000, 0x0000000714800000, 0x0000000714800000|100%| E|CS|TAMS 0x0000000714700000, 0x0000000714700000| Complete 
| 294|0x0000000714800000, 0x0000000714900000, 0x0000000714900000|100%| E|CS|TAMS 0x0000000714800000, 0x0000000714800000| Complete 
| 295|0x0000000714900000, 0x0000000714a00000, 0x0000000714a00000|100%| E|CS|TAMS 0x0000000714900000, 0x0000000714900000| Complete 
| 296|0x0000000714a00000, 0x0000000714b00000, 0x0000000714b00000|100%| E|CS|TAMS 0x0000000714a00000, 0x0000000714a00000| Complete 
| 297|0x0000000714b00000, 0x0000000714c00000, 0x0000000714c00000|100%| E|CS|TAMS 0x0000000714b00000, 0x0000000714b00000| Complete 
| 298|0x0000000714c00000, 0x0000000714d00000, 0x0000000714d00000|100%| E|CS|TAMS 0x0000000714c00000, 0x0000000714c00000| Complete 
| 299|0x0000000714d00000, 0x0000000714e00000, 0x0000000714e00000|100%| E|CS|TAMS 0x0000000714d00000, 0x0000000714d00000| Complete 
| 300|0x0000000714e00000, 0x0000000714f00000, 0x0000000714f00000|100%| E|CS|TAMS 0x0000000714e00000, 0x0000000714e00000| Complete 
| 301|0x0000000714f00000, 0x0000000715000000, 0x0000000715000000|100%| E|CS|TAMS 0x0000000714f00000, 0x0000000714f00000| Complete 
| 302|0x0000000715000000, 0x0000000715100000, 0x0000000715100000|100%| E|CS|TAMS 0x0000000715000000, 0x0000000715000000| Complete 
| 303|0x0000000715100000, 0x0000000715200000, 0x0000000715200000|100%| E|CS|TAMS 0x0000000715100000, 0x0000000715100000| Complete 
| 304|0x0000000715200000, 0x0000000715300000, 0x0000000715300000|100%| E|CS|TAMS 0x0000000715200000, 0x0000000715200000| Complete 

Card table byte_map: [0x00000261f6600000,0x00000261f6df0000] _byte_map_base: 0x00000261f2def000

Marking Bits (Prev, Next): (CMBitMap*) 0x00000261df23d918, (CMBitMap*) 0x00000261df23d950
 Prev Bits: [0x00000261f75e0000, 0x00000261fb558000)
 Next Bits: [0x00000261fb560000, 0x00000261ff4d8000)

Polling page: 0x00000261de9b0000

Metaspace:

Usage:
  Non-class:     34.54 MB capacity,    33.81 MB ( 98%) used,   667.01 KB (  2%) free+waste,    82.94 KB ( <1%) overhead. 
      Class:      4.41 MB capacity,     4.04 MB ( 92%) used,   344.12 KB (  8%) free+waste,    36.50 KB ( <1%) overhead. 
       Both:     38.95 MB capacity,    37.84 MB ( 97%) used,  1011.13 KB (  3%) free+waste,   119.44 KB ( <1%) overhead. 

Virtual space:
  Non-class space:       36.00 MB reserved,      34.75 MB ( 97%) committed 
      Class space:        1.00 GB reserved,       4.45 MB ( <1%) committed 
             Both:        1.04 GB reserved,      39.20 MB (  4%) committed 

Chunk freelists:
   Non-Class:  3.00 KB
       Class:  0 bytes
        Both:  3.00 KB

CodeHeap 'non-profiled nmethods': size=120000Kb used=3736Kb max_used=3736Kb free=116263Kb
 bounds [0x00000261ee380000, 0x00000261ee730000, 0x00000261f58b0000]
CodeHeap 'profiled nmethods': size=120000Kb used=17113Kb max_used=17113Kb free=102886Kb
 bounds [0x00000261e6e50000, 0x00000261e7f10000, 0x00000261ee380000]
CodeHeap 'non-nmethods': size=5760Kb used=1170Kb max_used=1211Kb free=4589Kb
 bounds [0x00000261e68b0000, 0x00000261e6b20000, 0x00000261e6e50000]
 total_blobs=7475 nmethods=6983 adapters=401
 compilation: enabled
              stopped_count=0, restarted_count=0
 full_count=0

Compilation events (10 events):
Event: 5.268 Thread 0x0000026182c05800 6997       3       java.util.jar.JarInputStream::createZipEntry (30 bytes)
Event: 5.268 Thread 0x0000026182c05800 nmethod 6997 0x00000261e7ef8d90 code [0x00000261e7ef8f60, 0x00000261e7ef9498]
Event: 5.285 Thread 0x0000026182d93800 nmethod 6501 0x00000261ee720b90 code [0x00000261ee720d80, 0x00000261ee7219d0]
Event: 5.285 Thread 0x0000026182d93800 6995  s    4       java.io.ByteArrayOutputStream::write (43 bytes)
Event: 5.286 Thread 0x0000026182c05800 7000       3       java.io.ByteArrayOutputStream::<init> (43 bytes)
Event: 5.287 Thread 0x0000026182c05800 nmethod 7000 0x00000261e7ef9690 code [0x00000261e7ef9900, 0x00000261e7efa358]
Event: 5.292 Thread 0x0000026182d93800 nmethod 6995 0x00000261ee722090 code [0x00000261ee722240, 0x00000261ee722858]
Event: 5.292 Thread 0x0000026182d93800 6999       4       sun.nio.fs.WindowsPath::hashCode (52 bytes)
Event: 5.300 Thread 0x0000026182c05800 7002       3       sun.nio.ch.ChannelInputStream::close (10 bytes)
Event: 5.301 Thread 0x0000026182c05800 nmethod 7002 0x00000261e7efa710 code [0x00000261e7efa8c0, 0x00000261e7efaa88]

GC Heap History (10 events):
Event: 0.615 GC heap before
{Heap before GC invocations=0 (full 0):
 garbage-first heap   total 260096K, used 24576K [0x0000000702200000, 0x0000000800000000)
  region size 1024K, 24 young (24576K), 0 survivors (0K)
 Metaspace       used 13712K, capacity 14020K, committed 14080K, reserved 1062912K
  class space    used 1404K, capacity 1490K, committed 1536K, reserved 1048576K
}
Event: 0.619 GC heap after
{Heap after GC invocations=1 (full 0):
 garbage-first heap   total 260096K, used 3739K [0x0000000702200000, 0x0000000800000000)
  region size 1024K, 3 young (3072K), 3 survivors (3072K)
 Metaspace       used 13712K, capacity 14020K, committed 14080K, reserved 1062912K
  class space    used 1404K, capacity 1490K, committed 1536K, reserved 1048576K
}
Event: 1.445 GC heap before
{Heap before GC invocations=1 (full 0):
 garbage-first heap   total 260096K, used 60059K [0x0000000702200000, 0x0000000800000000)
  region size 1024K, 59 young (60416K), 3 survivors (3072K)
 Metaspace       used 20742K, capacity 21141K, committed 21248K, reserved 1069056K
  class space    used 2310K, capacity 2469K, committed 2560K, reserved 1048576K
}
Event: 1.451 GC heap after
{Heap after GC invocations=2 (full 0):
 garbage-first heap   total 260096K, used 6809K [0x0000000702200000, 0x0000000800000000)
  region size 1024K, 6 young (6144K), 6 survivors (6144K)
 Metaspace       used 20742K, capacity 21141K, committed 21248K, reserved 1069056K
  class space    used 2310K, capacity 2469K, committed 2560K, reserved 1048576K
}
Event: 2.289 GC heap before
{Heap before GC invocations=3 (full 0):
 garbage-first heap   total 260096K, used 70297K [0x0000000702200000, 0x0000000800000000)
  region size 1024K, 68 young (69632K), 6 survivors (6144K)
 Metaspace       used 24237K, capacity 24842K, committed 25088K, reserved 1071104K
  class space    used 2631K, capacity 2807K, committed 2816K, reserved 1048576K
}
Event: 2.301 GC heap after
{Heap after GC invocations=4 (full 0):
 garbage-first heap   total 260096K, used 12811K [0x0000000702200000, 0x0000000800000000)
  region size 1024K, 9 young (9216K), 9 survivors (9216K)
 Metaspace       used 24237K, capacity 24842K, committed 25088K, reserved 1071104K
  class space    used 2631K, capacity 2807K, committed 2816K, reserved 1048576K
}
Event: 3.319 GC heap before
{Heap before GC invocations=4 (full 0):
 garbage-first heap   total 260096K, used 94731K [0x0000000702200000, 0x0000000800000000)
  region size 1024K, 89 young (91136K), 9 survivors (9216K)
 Metaspace       used 26676K, capacity 27531K, committed 27776K, reserved 1073152K
  class space    used 2813K, capacity 3083K, committed 3200K, reserved 1048576K
}
Event: 3.330 GC heap after
{Heap after GC invocations=5 (full 0):
 garbage-first heap   total 260096K, used 17604K [0x0000000702200000, 0x0000000800000000)
  region size 1024K, 5 young (5120K), 5 survivors (5120K)
 Metaspace       used 26676K, capacity 27531K, committed 27776K, reserved 1073152K
  class space    used 2813K, capacity 3083K, committed 3200K, reserved 1048576K
}
Event: 4.203 GC heap before
{Heap before GC invocations=5 (full 0):
 garbage-first heap   total 260096K, used 71876K [0x0000000702200000, 0x0000000800000000)
  region size 1024K, 57 young (58368K), 5 survivors (5120K)
 Metaspace       used 34763K, capacity 35793K, committed 35840K, reserved 1081344K
  class space    used 3748K, capacity 4084K, committed 4096K, reserved 1048576K
}
Event: 4.215 GC heap after
{Heap after GC invocations=6 (full 0):
 garbage-first heap   total 312320K, used 32768K [0x0000000702200000, 0x0000000800000000)
  region size 1024K, 14 young (14336K), 14 survivors (14336K)
 Metaspace       used 34763K, capacity 35793K, committed 35840K, reserved 1081344K
  class space    used 3748K, capacity 4084K, committed 4096K, reserved 1048576K
}

Deoptimization events (10 events):
Event: 4.976 Thread 0x00000261df1db000 Uncommon trap: reason=class_check action=maybe_recompile pc=0x00000261ee70bfa4 method=com.sun.tools.javac.code.Type.containsAny(Lcom/sun/tools/javac/util/List;)Z @ 6 c2
Event: 4.976 Thread 0x00000261df1db000 Uncommon trap: reason=class_check action=maybe_recompile pc=0x00000261ee70bfa4 method=com.sun.tools.javac.code.Type.containsAny(Lcom/sun/tools/javac/util/List;)Z @ 6 c2
Event: 4.977 Thread 0x00000261df1db000 Uncommon trap: reason=class_check action=maybe_recompile pc=0x00000261ee6fcf84 method=com.sun.tools.javac.code.Type.containsAny(Lcom/sun/tools/javac/util/List;)Z @ 6 c2
Event: 4.980 Thread 0x00000261df1db000 Uncommon trap: reason=unstable_if action=reinterpret pc=0x00000261ee6934ac method=com.sun.tools.javac.jvm.ClassReader.readPool(I)Ljava/lang/Object; @ 36 c2
Event: 4.983 Thread 0x00000261df1db000 Uncommon trap: reason=unstable_if action=reinterpret pc=0x00000261ee691858 method=com.sun.tools.javac.code.Scope$ScopeImpl.getIndex(Lcom/sun/tools/javac/util/Name;)I @ 65 c2
Event: 4.999 Thread 0x00000261df1db000 Uncommon trap: reason=bimorphic_or_optimized_type_check action=maybe_recompile pc=0x00000261ee465ae4 method=java.util.HashMap.putVal(ILjava/lang/Object;Ljava/lang/Object;ZZ)Ljava/lang/Object; @ 253 c2
Event: 5.000 Thread 0x00000261df1db000 Uncommon trap: reason=bimorphic_or_optimized_type_check action=maybe_recompile pc=0x00000261ee465ae4 method=java.util.HashMap.putVal(ILjava/lang/Object;Ljava/lang/Object;ZZ)Ljava/lang/Object; @ 253 c2
Event: 5.139 Thread 0x00000261df1db000 Uncommon trap: reason=unstable_if action=reinterpret pc=0x00000261ee644428 method=com.sun.tools.javac.util.IntHashTable.lookup(Ljava/lang/Object;I)I @ 67 c2
Event: 5.162 Thread 0x00000261df1db000 Uncommon trap: reason=unstable_if action=reinterpret pc=0x00000261ee56c904 method=java.util.WeakHashMap.eq(Ljava/lang/Object;Ljava/lang/Object;)Z @ 10 c2
Event: 5.211 Thread 0x00000261df1db000 Uncommon trap: reason=predicate action=maybe_recompile pc=0x00000261ee6fee94 method=java.util.stream.ReferencePipeline.forEachWithCancel(Ljava/util/Spliterator;Ljava/util/stream/Sink;)Z @ 8 c2

Classes redefined (0 events):
No events

Internal exceptions (10 events):
Event: 5.163 Thread 0x00000261df1db000 Exception <a 'sun/nio/fs/WindowsException'{0x00000007104b66e8}> (0x00000007104b66e8) thrown at [./open/src/hotspot/share/prims/jni.cpp, line 611]
Event: 5.163 Thread 0x00000261df1db000 Exception <a 'sun/nio/fs/WindowsException'{0x00000007104b7178}> (0x00000007104b7178) thrown at [./open/src/hotspot/share/prims/jni.cpp, line 611]
Event: 5.176 Thread 0x00000261df1db000 Exception <a 'sun/nio/fs/WindowsException'{0x000000071032b2e8}> (0x000000071032b2e8) thrown at [./open/src/hotspot/share/prims/jni.cpp, line 611]
Event: 5.176 Thread 0x00000261df1db000 Exception <a 'sun/nio/fs/WindowsException'{0x000000071032b9f0}> (0x000000071032b9f0) thrown at [./open/src/hotspot/share/prims/jni.cpp, line 611]
Event: 5.176 Thread 0x00000261df1db000 Exception <a 'sun/nio/fs/WindowsException'{0x000000071032c428}> (0x000000071032c428) thrown at [./open/src/hotspot/share/prims/jni.cpp, line 611]
Event: 5.183 Thread 0x00000261df1db000 Exception <a 'sun/nio/fs/WindowsException'{0x0000000710378620}> (0x0000000710378620) thrown at [./open/src/hotspot/share/prims/jni.cpp, line 611]
Event: 5.183 Thread 0x00000261df1db000 Exception <a 'sun/nio/fs/WindowsException'{0x0000000710378d30}> (0x0000000710378d30) thrown at [./open/src/hotspot/share/prims/jni.cpp, line 611]
Event: 5.183 Thread 0x00000261df1db000 Exception <a 'sun/nio/fs/WindowsException'{0x0000000710379770}> (0x0000000710379770) thrown at [./open/src/hotspot/share/prims/jni.cpp, line 611]
Event: 5.220 Thread 0x00000261df1db000 Exception <a 'sun/nio/fs/WindowsException'{0x00000007102dce78}> (0x00000007102dce78) thrown at [./open/src/hotspot/share/prims/jni.cpp, line 611]
Event: 5.221 Thread 0x00000261df1db000 Exception <a 'sun/nio/fs/WindowsException'{0x00000007102de0a8}> (0x00000007102de0a8) thrown at [./open/src/hotspot/share/prims/jni.cpp, line 611]

Events (10 events):
Event: 5.210 loading class org/apache/maven/artifact/resolver/DefaultResolutionErrorHandler done
Event: 5.210 loading class org/apache/maven/artifact/resolver/DefaultResolutionErrorHandler
Event: 5.210 loading class org/apache/maven/artifact/resolver/DefaultResolutionErrorHandler done
Event: 5.211 Thread 0x00000261df1db000 Uncommon trap: trap_request=0xffffff7e fr.pc=0x00000261ee6fee94 relative=0x0000000000000594
Event: 5.211 Thread 0x00000261df1db000 DEOPT PACKING pc=0x00000261ee6fee94 sp=0x000000f3405fd3f0
Event: 5.211 Thread 0x00000261df1db000 DEOPT UNPACKING pc=0x00000261e68d68af sp=0x000000f3405fd260 mode 2
Event: 5.220 Thread 0x00000261df1db000 DEOPT PACKING pc=0x00000261e79f415c sp=0x000000f3405fccf0
Event: 5.220 Thread 0x00000261df1db000 DEOPT UNPACKING pc=0x00000261e68d705e sp=0x000000f3405fc290 mode 0
Event: 5.284 Thread 0x00000261df1db000 DEOPT PACKING pc=0x00000261e7bf746e sp=0x000000f3405fcfd0
Event: 5.284 Thread 0x00000261df1db000 DEOPT UNPACKING pc=0x00000261e68d705e sp=0x000000f3405fc570 mode 0


Dynamic libraries:
0x00007ff7ebb50000 - 0x00007ff7ebb60000 	C:\Program Files\Java\jdk-11\bin\java.exe
0x00007ffafcf70000 - 0x00007ffafd184000 	C:\WINDOWS\SYSTEM32\ntdll.dll
0x00007ffafba10000 - 0x00007ffafbad2000 	C:\WINDOWS\System32\KERNEL32.DLL
0x00007ffafa4d0000 - 0x00007ffafa873000 	C:\WINDOWS\System32\KERNELBASE.dll
0x00007ffafa880000 - 0x00007ffafa991000 	C:\WINDOWS\System32\ucrtbase.dll
0x00007ffad2280000 - 0x00007ffad229b000 	C:\Program Files\Java\jdk-11\bin\VCRUNTIME140.dll
0x00007ffad4db0000 - 0x00007ffad4dc9000 	C:\Program Files\Java\jdk-11\bin\jli.dll
0x00007ffafbd80000 - 0x00007ffafbe2e000 	C:\WINDOWS\System32\ADVAPI32.dll
0x00007ffafc940000 - 0x00007ffafc9e7000 	C:\WINDOWS\System32\msvcrt.dll
0x00007ffafcaf0000 - 0x00007ffafcb94000 	C:\WINDOWS\System32\sechost.dll
0x00007ffafc6e0000 - 0x00007ffafc7f7000 	C:\WINDOWS\System32\RPCRT4.dll
0x00007ffafad50000 - 0x00007ffafaefb000 	C:\WINDOWS\System32\USER32.dll
0x00007ffafa430000 - 0x00007ffafa456000 	C:\WINDOWS\System32\win32u.dll
0x00007ffad7e80000 - 0x00007ffad810e000 	C:\WINDOWS\WinSxS\amd64_microsoft.windows.common-controls_6595b64144ccf1df_6.0.22621.1635_none_270f70857386168e\COMCTL32.dll
0x00007ffafb5a0000 - 0x00007ffafb5c9000 	C:\WINDOWS\System32\GDI32.dll
0x00007ffafa9a0000 - 0x00007ffafaab9000 	C:\WINDOWS\System32\gdi32full.dll
0x00007ffafac30000 - 0x00007ffafacca000 	C:\WINDOWS\System32\msvcp_win.dll
0x00007ffaf2860000 - 0x00007ffaf286a000 	C:\WINDOWS\SYSTEM32\VERSION.dll
0x00007ffafc800000 - 0x00007ffafc831000 	C:\WINDOWS\System32\IMM32.DLL
0x00007ffae7dd0000 - 0x00007ffae7ddc000 	C:\Program Files\Java\jdk-11\bin\vcruntime140_1.dll
0x00007ffab2630000 - 0x00007ffab26be000 	C:\Program Files\Java\jdk-11\bin\msvcp140.dll
0x00007ffa57a00000 - 0x00007ffa5856c000 	C:\Program Files\Java\jdk-11\bin\server\jvm.dll
0x00007ffafbb60000 - 0x00007ffafbb68000 	C:\WINDOWS\System32\PSAPI.DLL
0x00007ffadc020000 - 0x00007ffadc029000 	C:\WINDOWS\SYSTEM32\WSOCK32.dll
0x00007ffaf2770000 - 0x00007ffaf27a4000 	C:\WINDOWS\SYSTEM32\WINMM.dll
0x00007ffafbae0000 - 0x00007ffafbb51000 	C:\WINDOWS\System32\WS2_32.dll
0x00007ffaf93c0000 - 0x00007ffaf93d8000 	C:\WINDOWS\SYSTEM32\kernel.appcore.dll
0x00007ffae6c90000 - 0x00007ffae6ca0000 	C:\Program Files\Java\jdk-11\bin\verify.dll
0x00007ffaf7db0000 - 0x00007ffaf7fde000 	C:\WINDOWS\SYSTEM32\DBGHELP.DLL
0x00007ffafcba0000 - 0x00007ffafcf29000 	C:\WINDOWS\System32\combase.dll
0x00007ffafb8b0000 - 0x00007ffafb987000 	C:\WINDOWS\System32\OLEAUT32.dll
0x00007ffadab30000 - 0x00007ffadab62000 	C:\WINDOWS\SYSTEM32\dbgcore.DLL
0x00007ffafacd0000 - 0x00007ffafad4b000 	C:\WINDOWS\System32\bcryptPrimitives.dll
0x00007ffaccba0000 - 0x00007ffaccbc8000 	C:\Program Files\Java\jdk-11\bin\java.dll
0x00007ffada460000 - 0x00007ffada46a000 	C:\Program Files\Java\jdk-11\bin\jimage.dll
0x00007ffaf3470000 - 0x00007ffaf347e000 	C:\Program Files\Java\jdk-11\bin\instrument.dll
0x00007ffacca70000 - 0x00007ffacca87000 	C:\Program Files\Java\jdk-11\bin\zip.dll
0x00007ffafbe30000 - 0x00007ffafc62a000 	C:\WINDOWS\System32\SHELL32.dll
0x00007ffaf8370000 - 0x00007ffaf8c3e000 	C:\WINDOWS\SYSTEM32\windows.storage.dll
0x00007ffaf8230000 - 0x00007ffaf836e000 	C:\WINDOWS\SYSTEM32\wintypes.dll
0x00007ffafc840000 - 0x00007ffafc931000 	C:\WINDOWS\System32\SHCORE.dll
0x00007ffafb540000 - 0x00007ffafb59e000 	C:\WINDOWS\System32\shlwapi.dll
0x00007ffafa2a0000 - 0x00007ffafa2c1000 	C:\WINDOWS\SYSTEM32\profapi.dll
0x00007ffac7740000 - 0x00007ffac7759000 	C:\Program Files\Java\jdk-11\bin\net.dll
0x00007ffaf2220000 - 0x00007ffaf2357000 	C:\WINDOWS\SYSTEM32\WINHTTP.dll
0x00007ffaf9830000 - 0x00007ffaf9899000 	C:\WINDOWS\system32\mswsock.dll
0x00007ffac7630000 - 0x00007ffac7642000 	C:\Program Files\Java\jdk-11\bin\nio.dll
0x00007ffae37d0000 - 0x00007ffae37ea000 	D:\INTELLIJ IDEA\IntelliJ IDEA Community Edition 2023.2\bin\breakgen64.dll
0x0000000069ac0000 - 0x0000000069ae4000 	C:\Users\JUNIOR\AppData\Local\Temp\jansi-2.4.0-676edaad895de7b1-jansi.dll

dbghelp: loaded successfully - version: 4.0.5 - missing functions: none
symbol engine: initialized successfully - sym options: 0x614 - pdb path: .;C:\Program Files\Java\jdk-11\bin;C:\WINDOWS\SYSTEM32;C:\WINDOWS\WinSxS\amd64_microsoft.windows.common-controls_6595b64144ccf1df_6.0.22621.1635_none_270f70857386168e;C:\Program Files\Java\jdk-11\bin\server;D:\INTELLIJ IDEA\IntelliJ IDEA Community Edition 2023.2\bin;C:\Users\JUNIOR\AppData\Local\Temp

VM Arguments:
jvm_args: -Dmaven.multiModuleProjectDirectory=D:\JAVA_PROYECTOS\Practica_Experto_Junior_Salinas -Djansi.passthrough=true -Dmaven.home=C:\Users\JUNIOR\.m2\wrapper\dists\apache-maven-3.9.4-bin\2vqnav6ufo1qvo5j2um40861m\apache-maven-3.9.4 -Dclassworlds.conf=C:\Users\JUNIOR\.m2\wrapper\dists\apache-maven-3.9.4-bin\2vqnav6ufo1qvo5j2um40861m\apache-maven-3.9.4\bin\m2.conf -Dmaven.ext.class.path=D:\INTELLIJ IDEA\IntelliJ IDEA Community Edition 2023.2\plugins\maven\lib\maven-event-listener.jar -javaagent:D:\INTELLIJ IDEA\IntelliJ IDEA Community Edition 2023.2\lib\idea_rt.jar=57078:D:\INTELLIJ IDEA\IntelliJ IDEA Community Edition 2023.2\bin -Dfile.encoding=UTF-8 
java_command: org.codehaus.classworlds.Launcher -Didea.version=2023.2 clean install
java_class_path (initial): C:\Users\JUNIOR\.m2\wrapper\dists\apache-maven-3.9.4-bin\2vqnav6ufo1qvo5j2um40861m\apache-maven-3.9.4\boot\plexus-classworlds-2.7.0.jar;C:\Users\JUNIOR\.m2\wrapper\dists\apache-maven-3.9.4-bin\2vqnav6ufo1qvo5j2um40861m\apache-maven-3.9.4\boot\plexus-classworlds.license
Launcher Type: SUN_STANDARD

[Global flags]
     intx CICompilerCount                          = 4                                         {product} {ergonomic}
     uint ConcGCThreads                            = 3                                         {product} {ergonomic}
     uint G1ConcRefinementThreads                  = 10                                        {product} {ergonomic}
   size_t G1HeapRegionSize                         = 1048576                                   {product} {ergonomic}
    uintx GCDrainStackTargetSize                   = 64                                        {product} {ergonomic}
   size_t InitialHeapSize                          = 266338304                                 {product} {ergonomic}
   size_t MarkStackSize                            = 4194304                                   {product} {ergonomic}
   size_t MaxHeapSize                              = 4259315712                                {product} {ergonomic}
   size_t MaxNewSize                               = 2555379712                                {product} {ergonomic}
   size_t MinHeapDeltaBytes                        = 1048576                                   {product} {ergonomic}
    uintx NonNMethodCodeHeapSize                   = 5836300                                {pd product} {ergonomic}
    uintx NonProfiledCodeHeapSize                  = 122910970                              {pd product} {ergonomic}
    uintx ProfiledCodeHeapSize                     = 122910970                              {pd product} {ergonomic}
    uintx ReservedCodeCacheSize                    = 251658240                              {pd product} {ergonomic}
     bool SegmentedCodeCache                       = true                                      {product} {ergonomic}
     bool UseCompressedClassPointers               = true                                 {lp64_product} {ergonomic}
     bool UseCompressedOops                        = true                                 {lp64_product} {ergonomic}
     bool UseG1GC                                  = true                                      {product} {ergonomic}
     bool UseLargePagesIndividualAllocation        = false                                  {pd product} {ergonomic}

Logging:
Log output configuration:
 #0: stdout all=warning uptime,level,tags
 #1: stderr all=off uptime,level,tags

Environment Variables:
JAVA_HOME=C:\Program Files\Java\jdk-11
PATH=%JAVA_HOME%\bin;D:\MAVEN_TECSUP\apache-maven-3.8.8\bin;C:\Program Files (x86)\Common Files\Oracle\Java\javapath;C:\WINDOWS\system32;C:\WINDOWS;C:\WINDOWS\System32\Wbem;C:\WINDOWS\System32\WindowsPowerShell\v1.0\;C:\WINDOWS\System32\OpenSSH\;C:\Program Files\Azure Data Studio\bin;C:\Program Files (x86)\Microsoft SQL Server\140\DTS\Binn\;C:\Program Files\Microsoft SQL Server\Client SDK\ODBC\170\Tools\Binn\;C:\Program Files (x86)\Microsoft SQL Server\150\Tools\Binn\;C:\Program Files\Microsoft SQL Server\150\Tools\Binn\;C:\Program Files\Microsoft SQL Server\150\DTS\Binn\;C:\Program Files (x86)\Microsoft SQL Server\150\DTS\Binn\;C:\Program Files (x86)\Microsoft SQL Server\160\DTS\Binn\;C:\Program Files\Microsoft SQL Server\130\Tools\Binn\;C:\Program Files (x86)\Microsoft SQL Server\110\DTS\Binn\;C:\Program Files (x86)\Microsoft SQL Server\120\DTS\Binn\;C:\Program Files (x86)\Microsoft SQL Server\130\DTS\Binn\;D:\CURSOSPRING\jdk-20.0.1\bin;D:\Git\cmd;C:\xampp\mysql\bin;C:\Program Files\Java\jdk-11\bin;D:\MAVEN_TECSUP\apache-maven-3.8.8\bin;C:\Users\JUNIOR\AppData\Local\Microsoft\WindowsApps;C:\Program Files\Azure Data Studio\bin;D:\CURSOSPRING\jdk-20.0.1\bin;D:\Microsoft VS Code\bin;D:\INTELLIJ IDEA\IntelliJ IDEA Community Edition 2023.2\bin;;
USERNAME=JUNIOR
OS=Windows_NT
PROCESSOR_IDENTIFIER=Intel64 Family 6 Model 158 Stepping 10, GenuineIntel



---------------  S Y S T E M  ---------------

OS: Windows 11 , 64 bit Build 22621 (10.0.22621.1778)

CPU:total 12 (initial active 12) (6 cores per cpu, 2 threads per core) family 6 model 158 stepping 10 microcode 0xf0, cmov, cx8, fxsr, mmx, sse, sse2, sse3, ssse3, sse4.1, sse4.2, popcnt, avx, avx2, aes, clmul, erms, 3dnowpref, lzcnt, ht, tsc, tscinvbit, bmi1, bmi2, adx, fma

Memory: 4k page, system-wide physical 16242M (1330M free)
TotalPageFile size 22685M (AvailPageFile size 5M)
current process WorkingSet (physical memory assigned to process): 332M, peak: 346M
current process commit charge ("private bytes"): 520M, peak: 531M

vm_info: Java HotSpot(TM) 64-Bit Server VM (11.0.19+9-LTS-224) for windows-amd64 JRE (11.0.19+9-LTS-224), built on Mar 27 2023 08:48:55 by "mach5one" with MS VC++ 17.1 (VS2022)

END.
