#
# There is insufficient memory for the Java Runtime Environment to continue.
# Native memory allocation (mmap) failed to map 63963136 bytes for Failed to commit area from 0x0000000715300000 to 0x0000000719000000 of length 63963136.
# Possible reasons:
#   The system is out of physical RAM or swap space
#   The process is running with CompressedOops enabled, and the Java Heap may be blocking the growth of the native heap
# Possible solutions:
#   Reduce memory load on the system
#   Increase physical memory or swap space
#   Check if swap backing store is full
#   Decrease Java heap size (-Xmx/-Xms)
#   Decrease number of Java threads
#   Decrease Java thread stack sizes (-Xss)
#   Set larger code cache with -XX:ReservedCodeCacheSize=
#   JVM is running with Zero Based Compressed Oops mode in which the Java heap is
#     placed in the first 32GB address space. The Java Heap base address is the
#     maximum limit for the native heap growth. Please use -XX:HeapBaseMinAddress
#     to set the Java Heap base and to place the Java Heap above 32GB virtual address.
# This output file may be truncated or incomplete.
#
#  Out of Memory Error (./open/src/hotspot/os/windows/os_windows.cpp:3292), pid=12020, tid=8392
#
# JRE version: Java(TM) SE Runtime Environment 18.9 (11.0.19+9) (build 11.0.19+9-LTS-224)
# Java VM: Java HotSpot(TM) 64-Bit Server VM 18.9 (11.0.19+9-LTS-224, mixed mode, tiered, compressed oops, g1 gc, windows-amd64)
# No core dump will be written. Minidumps are not enabled by default on client versions of Windows
#

---------------  S U M M A R Y ------------

Command Line: -javaagent:C:\\Users\\JUNIOR\\.m2\\repository\\org\\jacoco\\org.jacoco.agent\\0.8.7\\org.jacoco.agent-0.8.7-runtime.jar=destfile=D:\\JAVA_PROYECTOS\\Practica_Experto_Junior_Salinas\\target\\jacoco.exec,excludes=com/PracticaExperto/Practica_Experto_Junior_Salinas/controller/**:com/PracticaExperto/Practica_Experto_Junior_Salinas/model/**:com/PracticaExperto/Practica_Experto_Junior_Salinas/repository/**:com/PracticaExperto/Practica_Experto_Junior_Salinas/service/AutorService.class:com/PracticaExperto/Practica_Experto_Junior_Salinas/service/DireccionService.class:com/PracticaExperto/Practica_Experto_Junior_Salinas/PracticaExpertoJuniorSalinasApplication.class C:\Users\JUNIOR\AppData\Local\Temp\surefire17849248591211654730\surefirebooter8014842243124271275.jar C:\Users\JUNIOR\AppData\Local\Temp\surefire17849248591211654730 2023-09-26T00-44-18_815-jvmRun1 surefire14868048805337434954tmp surefire_05990014839721636843tmp

Host: Intel(R) Core(TM) i7-8750H CPU @ 2.20GHz, 12 cores, 15G,  Windows 11 , 64 bit Build 22621 (10.0.22621.1778)
Time: Tue Sep 26 00:44:29 2023 Hora est. Pacífico, Sudamérica elapsed time: 10.270879 seconds (0d 0h 0m 10s)

---------------  T H R E A D  ---------------

Current thread (0x000001465b998000):  VMThread "VM Thread" [stack: 0x0000001a4df00000,0x0000001a4e000000] [id=8392]

Stack: [0x0000001a4df00000,0x0000001a4e000000]
[error occurred during error reporting (printing stack bounds), id 0xc0000005, EXCEPTION_ACCESS_VIOLATION (0xc0000005) at pc=0x000001463ffd0f2d]

Native frames: (J=compiled Java code, j=interpreted, Vv=VM code, C=native code)
V  [jvm.dll+0x65fe1a]
V  [jvm.dll+0x7a2bbf]
V  [jvm.dll+0x7a4289]
V  [jvm.dll+0x7a4885]
V  [jvm.dll+0x7a483b]
V  [jvm.dll+0x65f323]
V  [jvm.dll+0x65fa18]
C  [ntdll.dll+0xa3cff]
C  [ntdll.dll+0x1e456]
C  [ntdll.dll+0xa2cee]
C  0x000001463ffd0f2d

VM_Operation (0x0000001a4d9f9220): G1CollectForAllocation, mode: safepoint, requested by thread 0x00000146388fc800


---------------  P R O C E S S  ---------------

Threads class SMR info:
_java_thread_list=0x0000014660ffbd20, length=16, elements={
0x00000146388fc800, 0x000001465b99a000, 0x000001465b9a4800, 0x000001465c2b6000,
0x000001465c2b8000, 0x000001465c2b9000, 0x000001465c2ba800, 0x000001465c2bc800,
0x000001465c26b000, 0x000001465c427000, 0x000001465c43f000, 0x000001465d746800,
0x000001465d743000, 0x000001465c6f2000, 0x0000014662ec0800, 0x000001465ff33800
}

Java Threads: ( => current thread )
  0x00000146388fc800 JavaThread "main" [_thread_blocked, id=12656, stack(0x0000001a4d900000,0x0000001a4da00000)]
  0x000001465b99a000 JavaThread "Reference Handler" daemon [_thread_blocked, id=26468, stack(0x0000001a4e000000,0x0000001a4e100000)]
  0x000001465b9a4800 JavaThread "Finalizer" daemon [_thread_blocked, id=17392, stack(0x0000001a4e100000,0x0000001a4e200000)]
  0x000001465c2b6000 JavaThread "Signal Dispatcher" daemon [_thread_blocked, id=7872, stack(0x0000001a4e200000,0x0000001a4e300000)]
  0x000001465c2b8000 JavaThread "Attach Listener" daemon [_thread_blocked, id=25040, stack(0x0000001a4e300000,0x0000001a4e400000)]
  0x000001465c2b9000 JavaThread "Service Thread" daemon [_thread_blocked, id=7096, stack(0x0000001a4e400000,0x0000001a4e500000)]
  0x000001465c2ba800 JavaThread "C2 CompilerThread0" daemon [_thread_in_native, id=22744, stack(0x0000001a4e500000,0x0000001a4e600000)]
  0x000001465c2bc800 JavaThread "C1 CompilerThread0" daemon [_thread_blocked, id=4000, stack(0x0000001a4e600000,0x0000001a4e700000)]
  0x000001465c26b000 JavaThread "Sweeper thread" daemon [_thread_blocked, id=20124, stack(0x0000001a4e700000,0x0000001a4e800000)]
  0x000001465c427000 JavaThread "Common-Cleaner" daemon [_thread_blocked, id=19752, stack(0x0000001a4e800000,0x0000001a4e900000)]
  0x000001465c43f000 JavaThread "C2 CompilerThread1" daemon [_thread_in_native, id=20160, stack(0x0000001a4e900000,0x0000001a4ea00000)]
  0x000001465d746800 JavaThread "surefire-forkedjvm-command-thread" daemon [_thread_in_native, id=18112, stack(0x0000001a4eb00000,0x0000001a4ec00000)]
  0x000001465d743000 JavaThread "surefire-forkedjvm-ping-30s" daemon [_thread_blocked, id=6168, stack(0x0000001a4ec00000,0x0000001a4ed00000)]
  0x000001465c6f2000 JavaThread "C2 CompilerThread2" daemon [_thread_in_native, id=3996, stack(0x0000001a4f200000,0x0000001a4f300000)]
  0x0000014662ec0800 JavaThread "HikariPool-1 housekeeper" daemon [_thread_blocked, id=26856, stack(0x0000001a4f600000,0x0000001a4f700000)]
  0x000001465ff33800 JavaThread "HikariPool-1 connection adder" daemon [_thread_blocked, id=19824, stack(0x0000001a4f700000,0x0000001a4f800000)]

Other Threads:
=>0x000001465b998000 VMThread "VM Thread" [stack: 0x0000001a4df00000,0x0000001a4e000000] [id=8392]
  0x000001465cda8800 WatcherThread [stack: 0x0000001a4ea00000,0x0000001a4eb00000] [id=7000]
  0x0000014638912000 GCTaskThread "GC Thread#0" [stack: 0x0000001a4da00000,0x0000001a4db00000] [id=10404]
  0x000001465d740800 GCTaskThread "GC Thread#1" [stack: 0x0000001a4ed00000,0x0000001a4ee00000] [id=22856]
  0x000001465d853800 GCTaskThread "GC Thread#2" [stack: 0x0000001a4ee00000,0x0000001a4ef00000] [id=27308]
  0x000001465cc12000 GCTaskThread "GC Thread#3" [stack: 0x0000001a4ef00000,0x0000001a4f000000] [id=24556]
  0x000001465cc12800 GCTaskThread "GC Thread#4" [stack: 0x0000001a4f000000,0x0000001a4f100000] [id=20044]
  0x000001465d25e800 GCTaskThread "GC Thread#5" [stack: 0x0000001a4f100000,0x0000001a4f200000] [id=9808]
  0x0000014664546000 GCTaskThread "GC Thread#6" [stack: 0x0000001a4f800000,0x0000001a4f900000] [id=25128]
  0x0000014638970000 ConcurrentGCThread "G1 Main Marker" [stack: 0x0000001a4db00000,0x0000001a4dc00000] [id=13568]
  0x0000014638972000 ConcurrentGCThread "G1 Conc#0" [stack: 0x0000001a4dc00000,0x0000001a4dd00000] [id=10488]
  0x000001465fac0800 ConcurrentGCThread "G1 Conc#1" [stack: 0x0000001a4f300000,0x0000001a4f400000] [id=2476]
  0x000001465fc9b000 ConcurrentGCThread "G1 Conc#2" [stack: 0x0000001a4f400000,0x0000001a4f500000] [id=28544]
  0x000001465b87e000 ConcurrentGCThread "G1 Refine#0" [stack: 0x0000001a4dd00000,0x0000001a4de00000] [id=1032]
  0x000001465b881000 ConcurrentGCThread "G1 Young RemSet Sampling" [stack: 0x0000001a4de00000,0x0000001a4df00000] [id=20200]

Threads with active compile tasks:
C2 CompilerThread0    10292 7207       4       com.sun.beans.TypeResolver::resolve (37 bytes)
C2 CompilerThread1    10292 7386       4       sun.reflect.generics.parser.SignatureParser::parsePackageNameAndSimpleClassTypeSignature (119 bytes)
C2 CompilerThread2    10292 7383   !   4       jdk.internal.loader.BuiltinClassLoader::findClassOnClassPathOrNull (64 bytes)

VM state:at safepoint (normal execution)

VM Mutex/Monitor currently owned by a thread:  ([mutex/lock_event])
[0x00000146388f8b50] Threads_lock - owner thread: 0x000001465b998000
[0x00000146388f7680] Heap_lock - owner thread: 0x00000146388fc800

Heap address: 0x0000000702200000, size: 4062 MB, Compressed Oops mode: Zero based, Oop shift amount: 3
Narrow klass base: 0x0000000800000000, Narrow klass shift: 0
Compressed class space size: 1073741824 Address: 0x0000000800000000

Heap:
 garbage-first heap   total 374784K, used 27933K [0x0000000702200000, 0x0000000800000000)
  region size 1024K, 13 young (13312K), 13 survivors (13312K)
 Metaspace       used 71288K, capacity 73178K, committed 73344K, reserved 1114112K
  class space    used 8298K, capacity 9062K, committed 9088K, reserved 1048576K
Heap Regions: E=young(eden), S=young(survivor), O=old, HS=humongous(starts), HC=humongous(continues), CS=collection set, F=free, A=archive, TAMS=top-at-mark-start (previous, next)
|   0|0x0000000702200000, 0x0000000702300000, 0x0000000702300000|100%|HS|  |TAMS 0x0000000702300000, 0x0000000702200000| Complete 
|   1|0x0000000702300000, 0x0000000702400000, 0x0000000702400000|100%| O|  |TAMS 0x0000000702400000, 0x0000000702300000| Untracked 
|   2|0x0000000702400000, 0x0000000702500000, 0x0000000702500000|100%| O|  |TAMS 0x0000000702500000, 0x0000000702400000| Untracked 
|   3|0x0000000702500000, 0x0000000702600000, 0x0000000702600000|100%| O|  |TAMS 0x0000000702600000, 0x0000000702500000| Untracked 
|   4|0x0000000702600000, 0x0000000702700000, 0x0000000702700000|100%| O|  |TAMS 0x0000000702700000, 0x0000000702600000| Untracked 
|   5|0x0000000702700000, 0x0000000702800000, 0x0000000702800000|100%| O|  |TAMS 0x0000000702800000, 0x0000000702700000| Untracked 
|   6|0x0000000702800000, 0x0000000702900000, 0x0000000702900000|100%| O|  |TAMS 0x0000000702900000, 0x0000000702800000| Untracked 
|   7|0x0000000702900000, 0x0000000702a00000, 0x0000000702a00000|100%| O|  |TAMS 0x0000000702a00000, 0x0000000702900000| Untracked 
|   8|0x0000000702a00000, 0x0000000702b00000, 0x0000000702b00000|100%| O|  |TAMS 0x0000000702a9ac00, 0x0000000702a00000| Untracked 
|   9|0x0000000702b00000, 0x0000000702c00000, 0x0000000702c00000|100%| O|  |TAMS 0x0000000702b00000, 0x0000000702b00000| Untracked 
|  10|0x0000000702c00000, 0x0000000702d00000, 0x0000000702d00000|100%| O|  |TAMS 0x0000000702c00000, 0x0000000702c00000| Untracked 
|  11|0x0000000702d00000, 0x0000000702e00000, 0x0000000702e00000|100%| O|  |TAMS 0x0000000702d00000, 0x0000000702d00000| Untracked 
|  12|0x0000000702e00000, 0x0000000702f00000, 0x0000000702f00000|100%| O|  |TAMS 0x0000000702e00000, 0x0000000702e00000| Untracked 
|  13|0x0000000702f00000, 0x0000000703000000, 0x0000000703000000|100%| O|  |TAMS 0x0000000702f00000, 0x0000000702f00000| Untracked 
|  14|0x0000000703000000, 0x0000000703074000, 0x0000000703100000| 45%| O|  |TAMS 0x0000000703000000, 0x0000000703000000| Untracked 
|  15|0x0000000703100000, 0x0000000703100000, 0x0000000703200000|  0%| F|  |TAMS 0x0000000703100000, 0x0000000703100000| Untracked 
|  16|0x0000000703200000, 0x0000000703200000, 0x0000000703300000|  0%| F|  |TAMS 0x0000000703200000, 0x0000000703200000| Untracked 
|  17|0x0000000703300000, 0x0000000703300000, 0x0000000703400000|  0%| F|  |TAMS 0x0000000703300000, 0x0000000703300000| Untracked 
|  18|0x0000000703400000, 0x0000000703400000, 0x0000000703500000|  0%| F|  |TAMS 0x0000000703400000, 0x0000000703400000| Untracked 
|  19|0x0000000703500000, 0x0000000703500000, 0x0000000703600000|  0%| F|  |TAMS 0x0000000703500000, 0x0000000703500000| Untracked 
|  20|0x0000000703600000, 0x0000000703600000, 0x0000000703700000|  0%| F|  |TAMS 0x0000000703600000, 0x0000000703600000| Untracked 
|  21|0x0000000703700000, 0x0000000703700000, 0x0000000703800000|  0%| F|  |TAMS 0x0000000703700000, 0x0000000703700000| Untracked 
|  22|0x0000000703800000, 0x0000000703800000, 0x0000000703900000|  0%| F|  |TAMS 0x0000000703800000, 0x0000000703800000| Untracked 
|  23|0x0000000703900000, 0x0000000703900000, 0x0000000703a00000|  0%| F|  |TAMS 0x0000000703900000, 0x0000000703900000| Untracked 
|  24|0x0000000703a00000, 0x0000000703a00000, 0x0000000703b00000|  0%| F|  |TAMS 0x0000000703a00000, 0x0000000703a00000| Untracked 
|  25|0x0000000703b00000, 0x0000000703b00000, 0x0000000703c00000|  0%| F|  |TAMS 0x0000000703b00000, 0x0000000703b00000| Untracked 
|  26|0x0000000703c00000, 0x0000000703c00000, 0x0000000703d00000|  0%| F|  |TAMS 0x0000000703c00000, 0x0000000703c00000| Untracked 
|  27|0x0000000703d00000, 0x0000000703d00000, 0x0000000703e00000|  0%| F|  |TAMS 0x0000000703d00000, 0x0000000703d00000| Untracked 
|  28|0x0000000703e00000, 0x0000000703e00000, 0x0000000703f00000|  0%| F|  |TAMS 0x0000000703e00000, 0x0000000703e00000| Untracked 
|  29|0x0000000703f00000, 0x0000000703f00000, 0x0000000704000000|  0%| F|  |TAMS 0x0000000703f00000, 0x0000000703f00000| Untracked 
|  30|0x0000000704000000, 0x0000000704000000, 0x0000000704100000|  0%| F|  |TAMS 0x0000000704000000, 0x0000000704000000| Untracked 
|  31|0x0000000704100000, 0x0000000704100000, 0x0000000704200000|  0%| F|  |TAMS 0x0000000704100000, 0x0000000704100000| Untracked 
|  32|0x0000000704200000, 0x0000000704200000, 0x0000000704300000|  0%| F|  |TAMS 0x0000000704200000, 0x0000000704200000| Untracked 
|  33|0x0000000704300000, 0x0000000704300000, 0x0000000704400000|  0%| F|  |TAMS 0x0000000704300000, 0x0000000704300000| Untracked 
|  34|0x0000000704400000, 0x0000000704400000, 0x0000000704500000|  0%| F|  |TAMS 0x0000000704400000, 0x0000000704400000| Untracked 
|  35|0x0000000704500000, 0x0000000704500000, 0x0000000704600000|  0%| F|  |TAMS 0x0000000704500000, 0x0000000704500000| Untracked 
|  36|0x0000000704600000, 0x0000000704600000, 0x0000000704700000|  0%| F|  |TAMS 0x0000000704600000, 0x0000000704600000| Untracked 
|  37|0x0000000704700000, 0x0000000704700000, 0x0000000704800000|  0%| F|  |TAMS 0x0000000704700000, 0x0000000704700000| Untracked 
|  38|0x0000000704800000, 0x0000000704800000, 0x0000000704900000|  0%| F|  |TAMS 0x0000000704800000, 0x0000000704800000| Untracked 
|  39|0x0000000704900000, 0x0000000704900000, 0x0000000704a00000|  0%| F|  |TAMS 0x0000000704900000, 0x0000000704900000| Untracked 
|  40|0x0000000704a00000, 0x0000000704a00000, 0x0000000704b00000|  0%| F|  |TAMS 0x0000000704a00000, 0x0000000704a00000| Untracked 
|  41|0x0000000704b00000, 0x0000000704b00000, 0x0000000704c00000|  0%| F|  |TAMS 0x0000000704b00000, 0x0000000704b00000| Untracked 
|  42|0x0000000704c00000, 0x0000000704c00000, 0x0000000704d00000|  0%| F|  |TAMS 0x0000000704c00000, 0x0000000704c00000| Untracked 
|  43|0x0000000704d00000, 0x0000000704d00000, 0x0000000704e00000|  0%| F|  |TAMS 0x0000000704d00000, 0x0000000704d00000| Untracked 
|  44|0x0000000704e00000, 0x0000000704e00000, 0x0000000704f00000|  0%| F|  |TAMS 0x0000000704e00000, 0x0000000704e00000| Untracked 
|  45|0x0000000704f00000, 0x0000000704f00000, 0x0000000705000000|  0%| F|  |TAMS 0x0000000704f00000, 0x0000000704f00000| Untracked 
|  46|0x0000000705000000, 0x0000000705000000, 0x0000000705100000|  0%| F|  |TAMS 0x0000000705000000, 0x0000000705000000| Untracked 
|  47|0x0000000705100000, 0x0000000705100000, 0x0000000705200000|  0%| F|  |TAMS 0x0000000705100000, 0x0000000705100000| Untracked 
|  48|0x0000000705200000, 0x0000000705200000, 0x0000000705300000|  0%| F|  |TAMS 0x0000000705200000, 0x0000000705200000| Untracked 
|  49|0x0000000705300000, 0x0000000705300000, 0x0000000705400000|  0%| F|  |TAMS 0x0000000705300000, 0x0000000705300000| Untracked 
|  50|0x0000000705400000, 0x0000000705400000, 0x0000000705500000|  0%| F|  |TAMS 0x0000000705400000, 0x0000000705400000| Untracked 
|  51|0x0000000705500000, 0x0000000705500000, 0x0000000705600000|  0%| F|  |TAMS 0x0000000705500000, 0x0000000705500000| Untracked 
|  52|0x0000000705600000, 0x0000000705600000, 0x0000000705700000|  0%| F|  |TAMS 0x0000000705600000, 0x0000000705600000| Untracked 
|  53|0x0000000705700000, 0x0000000705700000, 0x0000000705800000|  0%| F|  |TAMS 0x0000000705700000, 0x0000000705700000| Untracked 
|  54|0x0000000705800000, 0x0000000705800000, 0x0000000705900000|  0%| F|  |TAMS 0x0000000705800000, 0x0000000705800000| Untracked 
|  55|0x0000000705900000, 0x0000000705900000, 0x0000000705a00000|  0%| F|  |TAMS 0x0000000705900000, 0x0000000705900000| Untracked 
|  56|0x0000000705a00000, 0x0000000705a00000, 0x0000000705b00000|  0%| F|  |TAMS 0x0000000705a00000, 0x0000000705a00000| Untracked 
|  57|0x0000000705b00000, 0x0000000705b00000, 0x0000000705c00000|  0%| F|  |TAMS 0x0000000705b00000, 0x0000000705b00000| Untracked 
|  58|0x0000000705c00000, 0x0000000705c00000, 0x0000000705d00000|  0%| F|  |TAMS 0x0000000705c00000, 0x0000000705c00000| Untracked 
|  59|0x0000000705d00000, 0x0000000705d00000, 0x0000000705e00000|  0%| F|  |TAMS 0x0000000705d00000, 0x0000000705d00000| Untracked 
|  60|0x0000000705e00000, 0x0000000705e00000, 0x0000000705f00000|  0%| F|  |TAMS 0x0000000705e00000, 0x0000000705e00000| Untracked 
|  61|0x0000000705f00000, 0x0000000705f00000, 0x0000000706000000|  0%| F|  |TAMS 0x0000000705f00000, 0x0000000705f00000| Untracked 
|  62|0x0000000706000000, 0x0000000706000000, 0x0000000706100000|  0%| F|  |TAMS 0x0000000706000000, 0x0000000706000000| Untracked 
|  63|0x0000000706100000, 0x0000000706100000, 0x0000000706200000|  0%| F|  |TAMS 0x0000000706100000, 0x0000000706100000| Untracked 
|  64|0x0000000706200000, 0x0000000706200000, 0x0000000706300000|  0%| F|  |TAMS 0x0000000706200000, 0x0000000706200000| Untracked 
|  65|0x0000000706300000, 0x0000000706300000, 0x0000000706400000|  0%| F|  |TAMS 0x0000000706300000, 0x0000000706300000| Untracked 
|  66|0x0000000706400000, 0x0000000706400000, 0x0000000706500000|  0%| F|  |TAMS 0x0000000706400000, 0x0000000706400000| Untracked 
|  67|0x0000000706500000, 0x0000000706500000, 0x0000000706600000|  0%| F|  |TAMS 0x0000000706500000, 0x0000000706500000| Untracked 
|  68|0x0000000706600000, 0x0000000706600000, 0x0000000706700000|  0%| F|  |TAMS 0x0000000706600000, 0x0000000706600000| Untracked 
|  69|0x0000000706700000, 0x0000000706700000, 0x0000000706800000|  0%| F|  |TAMS 0x0000000706700000, 0x0000000706700000| Untracked 
|  70|0x0000000706800000, 0x0000000706800000, 0x0000000706900000|  0%| F|  |TAMS 0x0000000706800000, 0x0000000706800000| Untracked 
|  71|0x0000000706900000, 0x0000000706900000, 0x0000000706a00000|  0%| F|  |TAMS 0x0000000706900000, 0x0000000706900000| Untracked 
|  72|0x0000000706a00000, 0x0000000706a00000, 0x0000000706b00000|  0%| F|  |TAMS 0x0000000706a00000, 0x0000000706a00000| Untracked 
|  73|0x0000000706b00000, 0x0000000706b00000, 0x0000000706c00000|  0%| F|  |TAMS 0x0000000706b00000, 0x0000000706b00000| Untracked 
|  74|0x0000000706c00000, 0x0000000706c00000, 0x0000000706d00000|  0%| F|  |TAMS 0x0000000706c00000, 0x0000000706c00000| Untracked 
|  75|0x0000000706d00000, 0x0000000706d00000, 0x0000000706e00000|  0%| F|  |TAMS 0x0000000706d00000, 0x0000000706d00000| Untracked 
|  76|0x0000000706e00000, 0x0000000706e00000, 0x0000000706f00000|  0%| F|  |TAMS 0x0000000706e00000, 0x0000000706e00000| Untracked 
|  77|0x0000000706f00000, 0x0000000706f00000, 0x0000000707000000|  0%| F|  |TAMS 0x0000000706f00000, 0x0000000706f00000| Untracked 
|  78|0x0000000707000000, 0x0000000707000000, 0x0000000707100000|  0%| F|  |TAMS 0x0000000707000000, 0x0000000707000000| Untracked 
|  79|0x0000000707100000, 0x0000000707100000, 0x0000000707200000|  0%| F|  |TAMS 0x0000000707100000, 0x0000000707100000| Untracked 
|  80|0x0000000707200000, 0x0000000707200000, 0x0000000707300000|  0%| F|  |TAMS 0x0000000707200000, 0x0000000707200000| Untracked 
|  81|0x0000000707300000, 0x0000000707300000, 0x0000000707400000|  0%| F|  |TAMS 0x0000000707300000, 0x0000000707300000| Untracked 
|  82|0x0000000707400000, 0x0000000707400000, 0x0000000707500000|  0%| F|  |TAMS 0x0000000707400000, 0x0000000707400000| Untracked 
|  83|0x0000000707500000, 0x0000000707500000, 0x0000000707600000|  0%| F|  |TAMS 0x0000000707500000, 0x0000000707500000| Untracked 
|  84|0x0000000707600000, 0x0000000707600000, 0x0000000707700000|  0%| F|  |TAMS 0x0000000707600000, 0x0000000707600000| Untracked 
|  85|0x0000000707700000, 0x0000000707700000, 0x0000000707800000|  0%| F|  |TAMS 0x0000000707700000, 0x0000000707700000| Untracked 
|  86|0x0000000707800000, 0x0000000707800000, 0x0000000707900000|  0%| F|  |TAMS 0x0000000707800000, 0x0000000707800000| Untracked 
|  87|0x0000000707900000, 0x0000000707900000, 0x0000000707a00000|  0%| F|  |TAMS 0x0000000707900000, 0x0000000707900000| Untracked 
|  88|0x0000000707a00000, 0x0000000707a00000, 0x0000000707b00000|  0%| F|  |TAMS 0x0000000707a00000, 0x0000000707a00000| Untracked 
|  89|0x0000000707b00000, 0x0000000707b00000, 0x0000000707c00000|  0%| F|  |TAMS 0x0000000707b00000, 0x0000000707b00000| Untracked 
|  90|0x0000000707c00000, 0x0000000707c00000, 0x0000000707d00000|  0%| F|  |TAMS 0x0000000707c00000, 0x0000000707c00000| Untracked 
|  91|0x0000000707d00000, 0x0000000707d00000, 0x0000000707e00000|  0%| F|  |TAMS 0x0000000707d00000, 0x0000000707d00000| Untracked 
|  92|0x0000000707e00000, 0x0000000707e00000, 0x0000000707f00000|  0%| F|  |TAMS 0x0000000707e00000, 0x0000000707e00000| Untracked 
|  93|0x0000000707f00000, 0x0000000707f00000, 0x0000000708000000|  0%| F|  |TAMS 0x0000000707f00000, 0x0000000707f00000| Untracked 
|  94|0x0000000708000000, 0x0000000708000000, 0x0000000708100000|  0%| F|  |TAMS 0x0000000708000000, 0x0000000708000000| Untracked 
|  95|0x0000000708100000, 0x0000000708100000, 0x0000000708200000|  0%| F|  |TAMS 0x0000000708100000, 0x0000000708100000| Untracked 
|  96|0x0000000708200000, 0x0000000708200000, 0x0000000708300000|  0%| F|  |TAMS 0x0000000708200000, 0x0000000708200000| Untracked 
|  97|0x0000000708300000, 0x0000000708300000, 0x0000000708400000|  0%| F|  |TAMS 0x0000000708300000, 0x0000000708300000| Untracked 
|  98|0x0000000708400000, 0x0000000708400000, 0x0000000708500000|  0%| F|  |TAMS 0x0000000708400000, 0x0000000708400000| Untracked 
|  99|0x0000000708500000, 0x0000000708500000, 0x0000000708600000|  0%| F|  |TAMS 0x0000000708500000, 0x0000000708500000| Untracked 
| 100|0x0000000708600000, 0x0000000708600000, 0x0000000708700000|  0%| F|  |TAMS 0x0000000708600000, 0x0000000708600000| Untracked 
| 101|0x0000000708700000, 0x0000000708700000, 0x0000000708800000|  0%| F|  |TAMS 0x0000000708700000, 0x0000000708700000| Untracked 
| 102|0x0000000708800000, 0x0000000708800000, 0x0000000708900000|  0%| F|  |TAMS 0x0000000708800000, 0x0000000708800000| Untracked 
| 103|0x0000000708900000, 0x0000000708900000, 0x0000000708a00000|  0%| F|  |TAMS 0x0000000708900000, 0x0000000708900000| Untracked 
| 104|0x0000000708a00000, 0x0000000708a00000, 0x0000000708b00000|  0%| F|  |TAMS 0x0000000708a00000, 0x0000000708a00000| Untracked 
| 105|0x0000000708b00000, 0x0000000708b00000, 0x0000000708c00000|  0%| F|  |TAMS 0x0000000708b00000, 0x0000000708b00000| Untracked 
| 106|0x0000000708c00000, 0x0000000708c00000, 0x0000000708d00000|  0%| F|  |TAMS 0x0000000708c00000, 0x0000000708c00000| Untracked 
| 107|0x0000000708d00000, 0x0000000708d00000, 0x0000000708e00000|  0%| F|  |TAMS 0x0000000708d00000, 0x0000000708d00000| Untracked 
| 108|0x0000000708e00000, 0x0000000708e00000, 0x0000000708f00000|  0%| F|  |TAMS 0x0000000708e00000, 0x0000000708e00000| Untracked 
| 109|0x0000000708f00000, 0x0000000708f00000, 0x0000000709000000|  0%| F|  |TAMS 0x0000000708f00000, 0x0000000708f00000| Untracked 
| 110|0x0000000709000000, 0x0000000709000000, 0x0000000709100000|  0%| F|  |TAMS 0x0000000709000000, 0x0000000709000000| Untracked 
| 111|0x0000000709100000, 0x0000000709100000, 0x0000000709200000|  0%| F|  |TAMS 0x0000000709100000, 0x0000000709100000| Untracked 
| 112|0x0000000709200000, 0x0000000709200000, 0x0000000709300000|  0%| F|  |TAMS 0x0000000709200000, 0x0000000709200000| Untracked 
| 113|0x0000000709300000, 0x0000000709300000, 0x0000000709400000|  0%| F|  |TAMS 0x0000000709300000, 0x0000000709300000| Untracked 
| 114|0x0000000709400000, 0x0000000709400000, 0x0000000709500000|  0%| F|  |TAMS 0x0000000709400000, 0x0000000709400000| Untracked 
| 115|0x0000000709500000, 0x0000000709500000, 0x0000000709600000|  0%| F|  |TAMS 0x0000000709500000, 0x0000000709500000| Untracked 
| 116|0x0000000709600000, 0x0000000709600000, 0x0000000709700000|  0%| F|  |TAMS 0x0000000709600000, 0x0000000709600000| Untracked 
| 117|0x0000000709700000, 0x0000000709700000, 0x0000000709800000|  0%| F|  |TAMS 0x0000000709700000, 0x0000000709700000| Untracked 
| 118|0x0000000709800000, 0x0000000709800000, 0x0000000709900000|  0%| F|  |TAMS 0x0000000709800000, 0x0000000709800000| Untracked 
| 119|0x0000000709900000, 0x0000000709900000, 0x0000000709a00000|  0%| F|  |TAMS 0x0000000709900000, 0x0000000709900000| Untracked 
| 120|0x0000000709a00000, 0x0000000709a00000, 0x0000000709b00000|  0%| F|  |TAMS 0x0000000709a00000, 0x0000000709a00000| Untracked 
| 121|0x0000000709b00000, 0x0000000709b00000, 0x0000000709c00000|  0%| F|  |TAMS 0x0000000709b00000, 0x0000000709b00000| Untracked 
| 122|0x0000000709c00000, 0x0000000709c00000, 0x0000000709d00000|  0%| F|  |TAMS 0x0000000709c00000, 0x0000000709c00000| Untracked 
| 123|0x0000000709d00000, 0x0000000709d00000, 0x0000000709e00000|  0%| F|  |TAMS 0x0000000709d00000, 0x0000000709d00000| Untracked 
| 124|0x0000000709e00000, 0x0000000709e00000, 0x0000000709f00000|  0%| F|  |TAMS 0x0000000709e00000, 0x0000000709e00000| Untracked 
| 125|0x0000000709f00000, 0x0000000709f00000, 0x000000070a000000|  0%| F|  |TAMS 0x0000000709f00000, 0x0000000709f00000| Untracked 
| 126|0x000000070a000000, 0x000000070a0d3630, 0x000000070a100000| 82%| S|CS|TAMS 0x000000070a000000, 0x000000070a000000| Complete 
| 127|0x000000070a100000, 0x000000070a200000, 0x000000070a200000|100%| S|CS|TAMS 0x000000070a100000, 0x000000070a100000| Complete 
| 128|0x000000070a200000, 0x000000070a300000, 0x000000070a300000|100%| S|CS|TAMS 0x000000070a200000, 0x000000070a200000| Complete 
| 129|0x000000070a300000, 0x000000070a400000, 0x000000070a400000|100%| S|CS|TAMS 0x000000070a300000, 0x000000070a300000| Complete 
| 130|0x000000070a400000, 0x000000070a500000, 0x000000070a500000|100%| S|CS|TAMS 0x000000070a400000, 0x000000070a400000| Complete 
| 131|0x000000070a500000, 0x000000070a600000, 0x000000070a600000|100%| S|CS|TAMS 0x000000070a500000, 0x000000070a500000| Complete 
| 132|0x000000070a600000, 0x000000070a700000, 0x000000070a700000|100%| S|CS|TAMS 0x000000070a600000, 0x000000070a600000| Complete 
| 133|0x000000070a700000, 0x000000070a800000, 0x000000070a800000|100%| S|CS|TAMS 0x000000070a700000, 0x000000070a700000| Complete 
| 134|0x000000070a800000, 0x000000070a900000, 0x000000070a900000|100%| S|CS|TAMS 0x000000070a800000, 0x000000070a800000| Complete 
| 135|0x000000070a900000, 0x000000070aa00000, 0x000000070aa00000|100%| S|CS|TAMS 0x000000070a900000, 0x000000070a900000| Complete 
| 136|0x000000070aa00000, 0x000000070ab00000, 0x000000070ab00000|100%| S|CS|TAMS 0x000000070aa00000, 0x000000070aa00000| Complete 
| 137|0x000000070ab00000, 0x000000070ac00000, 0x000000070ac00000|100%| S|CS|TAMS 0x000000070ab00000, 0x000000070ab00000| Complete 
| 138|0x000000070ac00000, 0x000000070ad00000, 0x000000070ad00000|100%| S|CS|TAMS 0x000000070ac00000, 0x000000070ac00000| Complete 
| 139|0x000000070ad00000, 0x000000070ad00000, 0x000000070ae00000|  0%| F|  |TAMS 0x000000070ad00000, 0x000000070ad00000| Untracked 
| 140|0x000000070ae00000, 0x000000070ae00000, 0x000000070af00000|  0%| F|  |TAMS 0x000000070ae00000, 0x000000070ae00000| Untracked 
| 141|0x000000070af00000, 0x000000070af00000, 0x000000070b000000|  0%| F|  |TAMS 0x000000070af00000, 0x000000070af00000| Untracked 
| 142|0x000000070b000000, 0x000000070b000000, 0x000000070b100000|  0%| F|  |TAMS 0x000000070b000000, 0x000000070b000000| Untracked 
| 143|0x000000070b100000, 0x000000070b100000, 0x000000070b200000|  0%| F|  |TAMS 0x000000070b100000, 0x000000070b100000| Untracked 
| 144|0x000000070b200000, 0x000000070b200000, 0x000000070b300000|  0%| F|  |TAMS 0x000000070b200000, 0x000000070b200000| Untracked 
| 145|0x000000070b300000, 0x000000070b300000, 0x000000070b400000|  0%| F|  |TAMS 0x000000070b300000, 0x000000070b300000| Untracked 
| 146|0x000000070b400000, 0x000000070b400000, 0x000000070b500000|  0%| F|  |TAMS 0x000000070b400000, 0x000000070b400000| Untracked 
| 147|0x000000070b500000, 0x000000070b500000, 0x000000070b600000|  0%| F|  |TAMS 0x000000070b500000, 0x000000070b500000| Untracked 
| 148|0x000000070b600000, 0x000000070b600000, 0x000000070b700000|  0%| F|  |TAMS 0x000000070b600000, 0x000000070b600000| Untracked 
| 149|0x000000070b700000, 0x000000070b700000, 0x000000070b800000|  0%| F|  |TAMS 0x000000070b700000, 0x000000070b700000| Untracked 
| 150|0x000000070b800000, 0x000000070b800000, 0x000000070b900000|  0%| F|  |TAMS 0x000000070b800000, 0x000000070b800000| Untracked 
| 151|0x000000070b900000, 0x000000070b900000, 0x000000070ba00000|  0%| F|  |TAMS 0x000000070b900000, 0x000000070b900000| Untracked 
| 152|0x000000070ba00000, 0x000000070ba00000, 0x000000070bb00000|  0%| F|  |TAMS 0x000000070ba00000, 0x000000070ba00000| Untracked 
| 153|0x000000070bb00000, 0x000000070bb00000, 0x000000070bc00000|  0%| F|  |TAMS 0x000000070bb00000, 0x000000070bb00000| Untracked 
| 154|0x000000070bc00000, 0x000000070bc00000, 0x000000070bd00000|  0%| F|  |TAMS 0x000000070bc00000, 0x000000070bc00000| Untracked 
| 155|0x000000070bd00000, 0x000000070bd00000, 0x000000070be00000|  0%| F|  |TAMS 0x000000070bd00000, 0x000000070bd00000| Untracked 
| 156|0x000000070be00000, 0x000000070be00000, 0x000000070bf00000|  0%| F|  |TAMS 0x000000070be00000, 0x000000070be00000| Untracked 
| 157|0x000000070bf00000, 0x000000070bf00000, 0x000000070c000000|  0%| F|  |TAMS 0x000000070bf00000, 0x000000070bf00000| Untracked 
| 158|0x000000070c000000, 0x000000070c000000, 0x000000070c100000|  0%| F|  |TAMS 0x000000070c000000, 0x000000070c000000| Untracked 
| 159|0x000000070c100000, 0x000000070c100000, 0x000000070c200000|  0%| F|  |TAMS 0x000000070c100000, 0x000000070c100000| Untracked 
| 160|0x000000070c200000, 0x000000070c200000, 0x000000070c300000|  0%| F|  |TAMS 0x000000070c200000, 0x000000070c200000| Untracked 
| 161|0x000000070c300000, 0x000000070c300000, 0x000000070c400000|  0%| F|  |TAMS 0x000000070c300000, 0x000000070c300000| Untracked 
| 162|0x000000070c400000, 0x000000070c400000, 0x000000070c500000|  0%| F|  |TAMS 0x000000070c400000, 0x000000070c400000| Untracked 
| 163|0x000000070c500000, 0x000000070c500000, 0x000000070c600000|  0%| F|  |TAMS 0x000000070c500000, 0x000000070c500000| Untracked 
| 164|0x000000070c600000, 0x000000070c600000, 0x000000070c700000|  0%| F|  |TAMS 0x000000070c600000, 0x000000070c600000| Untracked 
| 165|0x000000070c700000, 0x000000070c700000, 0x000000070c800000|  0%| F|  |TAMS 0x000000070c700000, 0x000000070c700000| Untracked 
| 166|0x000000070c800000, 0x000000070c800000, 0x000000070c900000|  0%| F|  |TAMS 0x000000070c800000, 0x000000070c800000| Untracked 
| 167|0x000000070c900000, 0x000000070c900000, 0x000000070ca00000|  0%| F|  |TAMS 0x000000070c900000, 0x000000070c900000| Untracked 
| 168|0x000000070ca00000, 0x000000070ca00000, 0x000000070cb00000|  0%| F|  |TAMS 0x000000070ca00000, 0x000000070ca00000| Untracked 
| 169|0x000000070cb00000, 0x000000070cb00000, 0x000000070cc00000|  0%| F|  |TAMS 0x000000070cb00000, 0x000000070cb00000| Untracked 
| 170|0x000000070cc00000, 0x000000070cc00000, 0x000000070cd00000|  0%| F|  |TAMS 0x000000070cc00000, 0x000000070cc00000| Untracked 
| 171|0x000000070cd00000, 0x000000070cd00000, 0x000000070ce00000|  0%| F|  |TAMS 0x000000070cd00000, 0x000000070cd00000| Untracked 
| 172|0x000000070ce00000, 0x000000070ce00000, 0x000000070cf00000|  0%| F|  |TAMS 0x000000070ce00000, 0x000000070ce00000| Untracked 
| 173|0x000000070cf00000, 0x000000070cf00000, 0x000000070d000000|  0%| F|  |TAMS 0x000000070cf00000, 0x000000070cf00000| Untracked 
| 174|0x000000070d000000, 0x000000070d000000, 0x000000070d100000|  0%| F|  |TAMS 0x000000070d000000, 0x000000070d000000| Untracked 
| 175|0x000000070d100000, 0x000000070d100000, 0x000000070d200000|  0%| F|  |TAMS 0x000000070d100000, 0x000000070d100000| Untracked 
| 176|0x000000070d200000, 0x000000070d200000, 0x000000070d300000|  0%| F|  |TAMS 0x000000070d200000, 0x000000070d200000| Untracked 
| 177|0x000000070d300000, 0x000000070d300000, 0x000000070d400000|  0%| F|  |TAMS 0x000000070d300000, 0x000000070d300000| Untracked 
| 178|0x000000070d400000, 0x000000070d400000, 0x000000070d500000|  0%| F|  |TAMS 0x000000070d400000, 0x000000070d400000| Untracked 
| 179|0x000000070d500000, 0x000000070d500000, 0x000000070d600000|  0%| F|  |TAMS 0x000000070d500000, 0x000000070d500000| Untracked 
| 180|0x000000070d600000, 0x000000070d600000, 0x000000070d700000|  0%| F|  |TAMS 0x000000070d600000, 0x000000070d600000| Untracked 
| 181|0x000000070d700000, 0x000000070d700000, 0x000000070d800000|  0%| F|  |TAMS 0x000000070d700000, 0x000000070d700000| Untracked 
| 182|0x000000070d800000, 0x000000070d800000, 0x000000070d900000|  0%| F|  |TAMS 0x000000070d800000, 0x000000070d800000| Untracked 
| 183|0x000000070d900000, 0x000000070d900000, 0x000000070da00000|  0%| F|  |TAMS 0x000000070d900000, 0x000000070d900000| Untracked 
| 184|0x000000070da00000, 0x000000070da00000, 0x000000070db00000|  0%| F|  |TAMS 0x000000070da00000, 0x000000070da00000| Untracked 
| 185|0x000000070db00000, 0x000000070db00000, 0x000000070dc00000|  0%| F|  |TAMS 0x000000070db00000, 0x000000070db00000| Untracked 
| 186|0x000000070dc00000, 0x000000070dc00000, 0x000000070dd00000|  0%| F|  |TAMS 0x000000070dc00000, 0x000000070dc00000| Untracked 
| 187|0x000000070dd00000, 0x000000070dd00000, 0x000000070de00000|  0%| F|  |TAMS 0x000000070dd00000, 0x000000070dd00000| Untracked 
| 188|0x000000070de00000, 0x000000070de00000, 0x000000070df00000|  0%| F|  |TAMS 0x000000070de00000, 0x000000070de00000| Untracked 
| 189|0x000000070df00000, 0x000000070df00000, 0x000000070e000000|  0%| F|  |TAMS 0x000000070df00000, 0x000000070df00000| Untracked 
| 190|0x000000070e000000, 0x000000070e000000, 0x000000070e100000|  0%| F|  |TAMS 0x000000070e000000, 0x000000070e000000| Untracked 
| 191|0x000000070e100000, 0x000000070e100000, 0x000000070e200000|  0%| F|  |TAMS 0x000000070e100000, 0x000000070e100000| Untracked 
| 192|0x000000070e200000, 0x000000070e200000, 0x000000070e300000|  0%| F|  |TAMS 0x000000070e200000, 0x000000070e200000| Untracked 
| 193|0x000000070e300000, 0x000000070e300000, 0x000000070e400000|  0%| F|  |TAMS 0x000000070e300000, 0x000000070e300000| Untracked 
| 194|0x000000070e400000, 0x000000070e400000, 0x000000070e500000|  0%| F|  |TAMS 0x000000070e400000, 0x000000070e400000| Untracked 
| 195|0x000000070e500000, 0x000000070e500000, 0x000000070e600000|  0%| F|  |TAMS 0x000000070e500000, 0x000000070e500000| Untracked 
| 196|0x000000070e600000, 0x000000070e600000, 0x000000070e700000|  0%| F|  |TAMS 0x000000070e600000, 0x000000070e600000| Untracked 
| 197|0x000000070e700000, 0x000000070e700000, 0x000000070e800000|  0%| F|  |TAMS 0x000000070e700000, 0x000000070e700000| Untracked 
| 198|0x000000070e800000, 0x000000070e800000, 0x000000070e900000|  0%| F|  |TAMS 0x000000070e800000, 0x000000070e800000| Untracked 
| 199|0x000000070e900000, 0x000000070e900000, 0x000000070ea00000|  0%| F|  |TAMS 0x000000070e900000, 0x000000070e900000| Untracked 
| 200|0x000000070ea00000, 0x000000070ea00000, 0x000000070eb00000|  0%| F|  |TAMS 0x000000070ea00000, 0x000000070ea00000| Untracked 
| 201|0x000000070eb00000, 0x000000070eb00000, 0x000000070ec00000|  0%| F|  |TAMS 0x000000070eb00000, 0x000000070eb00000| Untracked 
| 202|0x000000070ec00000, 0x000000070ec00000, 0x000000070ed00000|  0%| F|  |TAMS 0x000000070ec00000, 0x000000070ec00000| Untracked 
| 203|0x000000070ed00000, 0x000000070ed00000, 0x000000070ee00000|  0%| F|  |TAMS 0x000000070ed00000, 0x000000070ed00000| Untracked 
| 204|0x000000070ee00000, 0x000000070ee00000, 0x000000070ef00000|  0%| F|  |TAMS 0x000000070ee00000, 0x000000070ee00000| Untracked 
| 205|0x000000070ef00000, 0x000000070ef00000, 0x000000070f000000|  0%| F|  |TAMS 0x000000070ef00000, 0x000000070ef00000| Untracked 
| 206|0x000000070f000000, 0x000000070f000000, 0x000000070f100000|  0%| F|  |TAMS 0x000000070f000000, 0x000000070f000000| Untracked 
| 207|0x000000070f100000, 0x000000070f100000, 0x000000070f200000|  0%| F|  |TAMS 0x000000070f100000, 0x000000070f100000| Untracked 
| 208|0x000000070f200000, 0x000000070f200000, 0x000000070f300000|  0%| F|  |TAMS 0x000000070f200000, 0x000000070f200000| Untracked 
| 209|0x000000070f300000, 0x000000070f300000, 0x000000070f400000|  0%| F|  |TAMS 0x000000070f300000, 0x000000070f300000| Untracked 
| 210|0x000000070f400000, 0x000000070f400000, 0x000000070f500000|  0%| F|  |TAMS 0x000000070f400000, 0x000000070f400000| Untracked 
| 211|0x000000070f500000, 0x000000070f500000, 0x000000070f600000|  0%| F|  |TAMS 0x000000070f500000, 0x000000070f500000| Untracked 
| 212|0x000000070f600000, 0x000000070f600000, 0x000000070f700000|  0%| F|  |TAMS 0x000000070f600000, 0x000000070f600000| Untracked 
| 213|0x000000070f700000, 0x000000070f700000, 0x000000070f800000|  0%| F|  |TAMS 0x000000070f700000, 0x000000070f700000| Untracked 
| 214|0x000000070f800000, 0x000000070f800000, 0x000000070f900000|  0%| F|  |TAMS 0x000000070f800000, 0x000000070f800000| Untracked 
| 215|0x000000070f900000, 0x000000070f900000, 0x000000070fa00000|  0%| F|  |TAMS 0x000000070f900000, 0x000000070f900000| Untracked 
| 216|0x000000070fa00000, 0x000000070fa00000, 0x000000070fb00000|  0%| F|  |TAMS 0x000000070fa00000, 0x000000070fa00000| Untracked 
| 217|0x000000070fb00000, 0x000000070fb00000, 0x000000070fc00000|  0%| F|  |TAMS 0x000000070fb00000, 0x000000070fb00000| Untracked 
| 218|0x000000070fc00000, 0x000000070fc00000, 0x000000070fd00000|  0%| F|  |TAMS 0x000000070fc00000, 0x000000070fc00000| Untracked 
| 219|0x000000070fd00000, 0x000000070fd00000, 0x000000070fe00000|  0%| F|  |TAMS 0x000000070fd00000, 0x000000070fd00000| Untracked 
| 220|0x000000070fe00000, 0x000000070fe00000, 0x000000070ff00000|  0%| F|  |TAMS 0x000000070fe00000, 0x000000070fe00000| Untracked 
| 221|0x000000070ff00000, 0x000000070ff00000, 0x0000000710000000|  0%| F|  |TAMS 0x000000070ff00000, 0x000000070ff00000| Untracked 
| 222|0x0000000710000000, 0x0000000710000000, 0x0000000710100000|  0%| F|  |TAMS 0x0000000710000000, 0x0000000710000000| Untracked 
| 223|0x0000000710100000, 0x0000000710100000, 0x0000000710200000|  0%| F|  |TAMS 0x0000000710100000, 0x0000000710100000| Untracked 
| 224|0x0000000710200000, 0x0000000710200000, 0x0000000710300000|  0%| F|  |TAMS 0x0000000710200000, 0x0000000710200000| Untracked 
| 225|0x0000000710300000, 0x0000000710300000, 0x0000000710400000|  0%| F|  |TAMS 0x0000000710300000, 0x0000000710300000| Untracked 
| 226|0x0000000710400000, 0x0000000710400000, 0x0000000710500000|  0%| F|  |TAMS 0x0000000710400000, 0x0000000710400000| Untracked 
| 227|0x0000000710500000, 0x0000000710500000, 0x0000000710600000|  0%| F|  |TAMS 0x0000000710500000, 0x0000000710500000| Untracked 
| 228|0x0000000710600000, 0x0000000710600000, 0x0000000710700000|  0%| F|  |TAMS 0x0000000710600000, 0x0000000710600000| Untracked 
| 229|0x0000000710700000, 0x0000000710700000, 0x0000000710800000|  0%| F|  |TAMS 0x0000000710700000, 0x0000000710700000| Untracked 
| 230|0x0000000710800000, 0x0000000710800000, 0x0000000710900000|  0%| F|  |TAMS 0x0000000710800000, 0x0000000710800000| Untracked 
| 231|0x0000000710900000, 0x0000000710900000, 0x0000000710a00000|  0%| F|  |TAMS 0x0000000710900000, 0x0000000710900000| Untracked 
| 232|0x0000000710a00000, 0x0000000710a00000, 0x0000000710b00000|  0%| F|  |TAMS 0x0000000710a00000, 0x0000000710a00000| Untracked 
| 233|0x0000000710b00000, 0x0000000710b00000, 0x0000000710c00000|  0%| F|  |TAMS 0x0000000710b00000, 0x0000000710b00000| Untracked 
| 234|0x0000000710c00000, 0x0000000710c00000, 0x0000000710d00000|  0%| F|  |TAMS 0x0000000710c00000, 0x0000000710c00000| Untracked 
| 235|0x0000000710d00000, 0x0000000710d00000, 0x0000000710e00000|  0%| F|  |TAMS 0x0000000710d00000, 0x0000000710d00000| Untracked 
| 236|0x0000000710e00000, 0x0000000710e00000, 0x0000000710f00000|  0%| F|  |TAMS 0x0000000710e00000, 0x0000000710e00000| Untracked 
| 237|0x0000000710f00000, 0x0000000710f00000, 0x0000000711000000|  0%| F|  |TAMS 0x0000000710f00000, 0x0000000710f00000| Untracked 
| 238|0x0000000711000000, 0x0000000711000000, 0x0000000711100000|  0%| F|  |TAMS 0x0000000711000000, 0x0000000711000000| Untracked 
| 239|0x0000000711100000, 0x0000000711100000, 0x0000000711200000|  0%| F|  |TAMS 0x0000000711100000, 0x0000000711100000| Untracked 
| 240|0x0000000711200000, 0x0000000711200000, 0x0000000711300000|  0%| F|  |TAMS 0x0000000711200000, 0x0000000711200000| Untracked 
| 241|0x0000000711300000, 0x0000000711300000, 0x0000000711400000|  0%| F|  |TAMS 0x0000000711300000, 0x0000000711300000| Untracked 
| 242|0x0000000711400000, 0x0000000711400000, 0x0000000711500000|  0%| F|  |TAMS 0x0000000711400000, 0x0000000711400000| Untracked 
| 243|0x0000000711500000, 0x0000000711500000, 0x0000000711600000|  0%| F|  |TAMS 0x0000000711500000, 0x0000000711500000| Untracked 
| 244|0x0000000711600000, 0x0000000711600000, 0x0000000711700000|  0%| F|  |TAMS 0x0000000711600000, 0x0000000711600000| Untracked 
| 245|0x0000000711700000, 0x0000000711700000, 0x0000000711800000|  0%| F|  |TAMS 0x0000000711700000, 0x0000000711700000| Untracked 
| 246|0x0000000711800000, 0x0000000711800000, 0x0000000711900000|  0%| F|  |TAMS 0x0000000711800000, 0x0000000711800000| Untracked 
| 247|0x0000000711900000, 0x0000000711900000, 0x0000000711a00000|  0%| F|  |TAMS 0x0000000711900000, 0x0000000711900000| Untracked 
| 248|0x0000000711a00000, 0x0000000711a00000, 0x0000000711b00000|  0%| F|  |TAMS 0x0000000711a00000, 0x0000000711a00000| Untracked 
| 249|0x0000000711b00000, 0x0000000711b00000, 0x0000000711c00000|  0%| F|  |TAMS 0x0000000711b00000, 0x0000000711b00000| Untracked 
| 250|0x0000000711c00000, 0x0000000711c00000, 0x0000000711d00000|  0%| F|  |TAMS 0x0000000711c00000, 0x0000000711c00000| Untracked 
| 251|0x0000000711d00000, 0x0000000711d00000, 0x0000000711e00000|  0%| F|  |TAMS 0x0000000711d00000, 0x0000000711d00000| Untracked 
| 252|0x0000000711e00000, 0x0000000711e00000, 0x0000000711f00000|  0%| F|  |TAMS 0x0000000711e00000, 0x0000000711e00000| Untracked 
| 253|0x0000000711f00000, 0x0000000711f00000, 0x0000000712000000|  0%| F|  |TAMS 0x0000000711f00000, 0x0000000711f00000| Untracked 
| 254|0x0000000712000000, 0x0000000712000000, 0x0000000712100000|  0%| F|  |TAMS 0x0000000712000000, 0x0000000712000000| Untracked 
| 255|0x0000000712100000, 0x0000000712100000, 0x0000000712200000|  0%| F|  |TAMS 0x0000000712100000, 0x0000000712100000| Untracked 
| 256|0x0000000712200000, 0x0000000712200000, 0x0000000712300000|  0%| F|  |TAMS 0x0000000712200000, 0x0000000712200000| Untracked 
| 257|0x0000000712300000, 0x0000000712300000, 0x0000000712400000|  0%| F|  |TAMS 0x0000000712300000, 0x0000000712300000| Untracked 
| 258|0x0000000712400000, 0x0000000712400000, 0x0000000712500000|  0%| F|  |TAMS 0x0000000712400000, 0x0000000712400000| Untracked 
| 259|0x0000000712500000, 0x0000000712500000, 0x0000000712600000|  0%| F|  |TAMS 0x0000000712500000, 0x0000000712500000| Untracked 
| 260|0x0000000712600000, 0x0000000712600000, 0x0000000712700000|  0%| F|  |TAMS 0x0000000712600000, 0x0000000712600000| Untracked 
| 261|0x0000000712700000, 0x0000000712700000, 0x0000000712800000|  0%| F|  |TAMS 0x0000000712700000, 0x0000000712700000| Untracked 
| 262|0x0000000712800000, 0x0000000712800000, 0x0000000712900000|  0%| F|  |TAMS 0x0000000712800000, 0x0000000712800000| Untracked 
| 263|0x0000000712900000, 0x0000000712900000, 0x0000000712a00000|  0%| F|  |TAMS 0x0000000712900000, 0x0000000712900000| Untracked 
| 264|0x0000000712a00000, 0x0000000712a00000, 0x0000000712b00000|  0%| F|  |TAMS 0x0000000712a00000, 0x0000000712a00000| Untracked 
| 265|0x0000000712b00000, 0x0000000712b00000, 0x0000000712c00000|  0%| F|  |TAMS 0x0000000712b00000, 0x0000000712b00000| Untracked 
| 266|0x0000000712c00000, 0x0000000712c00000, 0x0000000712d00000|  0%| F|  |TAMS 0x0000000712c00000, 0x0000000712c00000| Untracked 
| 267|0x0000000712d00000, 0x0000000712d00000, 0x0000000712e00000|  0%| F|  |TAMS 0x0000000712d00000, 0x0000000712d00000| Untracked 
| 268|0x0000000712e00000, 0x0000000712e00000, 0x0000000712f00000|  0%| F|  |TAMS 0x0000000712e00000, 0x0000000712e00000| Untracked 
| 269|0x0000000712f00000, 0x0000000712f00000, 0x0000000713000000|  0%| F|  |TAMS 0x0000000712f00000, 0x0000000712f00000| Untracked 
| 270|0x0000000713000000, 0x0000000713000000, 0x0000000713100000|  0%| F|  |TAMS 0x0000000713000000, 0x0000000713000000| Untracked 
| 271|0x0000000713100000, 0x0000000713100000, 0x0000000713200000|  0%| F|  |TAMS 0x0000000713100000, 0x0000000713100000| Untracked 
| 272|0x0000000713200000, 0x0000000713200000, 0x0000000713300000|  0%| F|  |TAMS 0x0000000713200000, 0x0000000713200000| Untracked 
| 273|0x0000000713300000, 0x0000000713300000, 0x0000000713400000|  0%| F|  |TAMS 0x0000000713300000, 0x0000000713300000| Untracked 
| 274|0x0000000713400000, 0x0000000713400000, 0x0000000713500000|  0%| F|  |TAMS 0x0000000713400000, 0x0000000713400000| Untracked 
| 275|0x0000000713500000, 0x0000000713500000, 0x0000000713600000|  0%| F|  |TAMS 0x0000000713500000, 0x0000000713500000| Untracked 
| 276|0x0000000713600000, 0x0000000713600000, 0x0000000713700000|  0%| F|  |TAMS 0x0000000713600000, 0x0000000713600000| Untracked 
| 277|0x0000000713700000, 0x0000000713700000, 0x0000000713800000|  0%| F|  |TAMS 0x0000000713700000, 0x0000000713700000| Untracked 
| 278|0x0000000713800000, 0x0000000713800000, 0x0000000713900000|  0%| F|  |TAMS 0x0000000713800000, 0x0000000713800000| Untracked 
| 279|0x0000000713900000, 0x0000000713900000, 0x0000000713a00000|  0%| F|  |TAMS 0x0000000713900000, 0x0000000713900000| Untracked 
| 280|0x0000000713a00000, 0x0000000713a00000, 0x0000000713b00000|  0%| F|  |TAMS 0x0000000713a00000, 0x0000000713a00000| Untracked 
| 281|0x0000000713b00000, 0x0000000713b00000, 0x0000000713c00000|  0%| F|  |TAMS 0x0000000713b00000, 0x0000000713b00000| Untracked 
| 282|0x0000000713c00000, 0x0000000713c00000, 0x0000000713d00000|  0%| F|  |TAMS 0x0000000713c00000, 0x0000000713c00000| Untracked 
| 283|0x0000000713d00000, 0x0000000713d00000, 0x0000000713e00000|  0%| F|  |TAMS 0x0000000713d00000, 0x0000000713d00000| Untracked 
| 284|0x0000000713e00000, 0x0000000713e00000, 0x0000000713f00000|  0%| F|  |TAMS 0x0000000713e00000, 0x0000000713e00000| Untracked 
| 285|0x0000000713f00000, 0x0000000713f00000, 0x0000000714000000|  0%| F|  |TAMS 0x0000000713f00000, 0x0000000713f00000| Untracked 
| 286|0x0000000714000000, 0x0000000714000000, 0x0000000714100000|  0%| F|  |TAMS 0x0000000714000000, 0x0000000714000000| Untracked 
| 287|0x0000000714100000, 0x0000000714100000, 0x0000000714200000|  0%| F|  |TAMS 0x0000000714100000, 0x0000000714100000| Untracked 
| 288|0x0000000714200000, 0x0000000714200000, 0x0000000714300000|  0%| F|  |TAMS 0x0000000714200000, 0x0000000714200000| Untracked 
| 289|0x0000000714300000, 0x0000000714300000, 0x0000000714400000|  0%| F|  |TAMS 0x0000000714300000, 0x0000000714300000| Untracked 
| 290|0x0000000714400000, 0x0000000714400000, 0x0000000714500000|  0%| F|  |TAMS 0x0000000714400000, 0x0000000714400000| Untracked 
| 291|0x0000000714500000, 0x0000000714500000, 0x0000000714600000|  0%| F|  |TAMS 0x0000000714500000, 0x0000000714500000| Untracked 
| 292|0x0000000714600000, 0x0000000714600000, 0x0000000714700000|  0%| F|  |TAMS 0x0000000714600000, 0x0000000714600000| Untracked 
| 293|0x0000000714700000, 0x0000000714700000, 0x0000000714800000|  0%| F|  |TAMS 0x0000000714700000, 0x0000000714700000| Untracked 
| 294|0x0000000714800000, 0x0000000714800000, 0x0000000714900000|  0%| F|  |TAMS 0x0000000714800000, 0x0000000714800000| Untracked 
| 295|0x0000000714900000, 0x0000000714900000, 0x0000000714a00000|  0%| F|  |TAMS 0x0000000714900000, 0x0000000714900000| Untracked 
| 296|0x0000000714a00000, 0x0000000714a00000, 0x0000000714b00000|  0%| F|  |TAMS 0x0000000714a00000, 0x0000000714a00000| Untracked 
| 297|0x0000000714b00000, 0x0000000714b00000, 0x0000000714c00000|  0%| F|  |TAMS 0x0000000714b00000, 0x0000000714b00000| Untracked 
| 298|0x0000000714c00000, 0x0000000714c00000, 0x0000000714d00000|  0%| F|  |TAMS 0x0000000714c00000, 0x0000000714c00000| Untracked 
| 299|0x0000000714d00000, 0x0000000714d00000, 0x0000000714e00000|  0%| F|  |TAMS 0x0000000714d00000, 0x0000000714d00000| Untracked 
| 300|0x0000000714e00000, 0x0000000714e00000, 0x0000000714f00000|  0%| F|  |TAMS 0x0000000714e00000, 0x0000000714e00000| Untracked 
| 301|0x0000000714f00000, 0x0000000714f00000, 0x0000000715000000|  0%| F|  |TAMS 0x0000000714f00000, 0x0000000714f00000| Untracked 
| 302|0x0000000715000000, 0x0000000715000000, 0x0000000715100000|  0%| F|  |TAMS 0x0000000715000000, 0x0000000715000000| Untracked 
| 303|0x0000000715100000, 0x0000000715100000, 0x0000000715200000|  0%| F|  |TAMS 0x0000000715100000, 0x0000000715100000| Untracked 
| 304|0x0000000715200000, 0x0000000715200000, 0x0000000715300000|  0%| F|  |TAMS 0x0000000715200000, 0x0000000715200000| Untracked 

Card table byte_map: [0x000001464fd10000,0x0000014650500000] _byte_map_base: 0x000001464c4ff000

Marking Bits (Prev, Next): (CMBitMap*) 0x000001463895f500, (CMBitMap*) 0x000001463895f4c8
 Prev Bits: [0x0000014654c70000, 0x0000014658be8000)
 Next Bits: [0x0000014650cf0000, 0x0000014654c68000)

Polling page: 0x00000146380d0000

Metaspace:

Usage:
  Non-class:     62.61 MB capacity,    61.51 MB ( 98%) used,   881.72 KB (  1%) free+waste,   244.69 KB ( <1%) overhead. 
      Class:      8.85 MB capacity,     8.10 MB ( 92%) used,   646.02 KB (  7%) free+waste,   117.38 KB (  1%) overhead. 
       Both:     71.46 MB capacity,    69.62 MB ( 97%) used,     1.49 MB (  2%) free+waste,   362.06 KB ( <1%) overhead. 

Virtual space:
  Non-class space:       64.00 MB reserved,      62.75 MB ( 98%) committed 
      Class space:        1.00 GB reserved,       8.88 MB ( <1%) committed 
             Both:        1.06 GB reserved,      71.62 MB (  7%) committed 

Chunk freelists:
   Non-Class:  1.50 KB
       Class:  3.25 KB
        Both:  4.75 KB

CodeHeap 'non-profiled nmethods': size=120000Kb used=5718Kb max_used=5718Kb free=114281Kb
 bounds [0x0000014647aa0000, 0x0000014648040000, 0x000001464efd0000]
CodeHeap 'profiled nmethods': size=120000Kb used=19026Kb max_used=19026Kb free=100973Kb
 bounds [0x0000014640570000, 0x0000014641810000, 0x0000014647aa0000]
CodeHeap 'non-nmethods': size=5760Kb used=1215Kb max_used=1276Kb free=4545Kb
 bounds [0x000001463ffd0000, 0x0000014640240000, 0x0000014640570000]
 total_blobs=8139 nmethods=7570 adapters=479
 compilation: enabled
              stopped_count=0, restarted_count=0
 full_count=0

Compilation events (10 events):
Event: 10.244 Thread 0x000001465c2bc800 7651       2       java.util.stream.StreamSpliterators$WrappingSpliterator::forEachRemaining (63 bytes)
Event: 10.244 Thread 0x000001465c2bc800 nmethod 7651 0x0000014641802d10 code [0x0000014641802f00, 0x00000146418034e8]
Event: 10.245 Thread 0x000001465c2bc800 7652   !   2       com.sun.proxy.$Proxy7::annotationType (29 bytes)
Event: 10.245 Thread 0x000001465c2bc800 nmethod 7652 0x0000014641803710 code [0x00000146418038c0, 0x0000014641803b38]
Event: 10.245 Thread 0x000001465c2bc800 7653       2       java.util.stream.AbstractPipeline$$Lambda$159/0x000000080015d440::get (8 bytes)
Event: 10.245 Thread 0x000001465c2bc800 nmethod 7653 0x0000014641803c90 code [0x0000014641803e20, 0x0000014641803f48]
Event: 10.245 Thread 0x000001465c2bc800 7654       2       java.util.stream.AbstractPipeline::lambda$spliterator$0 (6 bytes)
Event: 10.245 Thread 0x000001465c2bc800 nmethod 7654 0x0000014641804010 code [0x00000146418041a0, 0x00000146418042a8]
Event: 10.246 Thread 0x000001465c2bc800 7655       2       java.util.ArrayList$ArrayListSpliterator::tryAdvance (79 bytes)
Event: 10.246 Thread 0x000001465c2bc800 nmethod 7655 0x0000014641804390 code [0x0000014641804560, 0x00000146418048c8]

GC Heap History (10 events):
Event: 3.561 GC heap after
{Heap after GC invocations=6 (full 0):
 garbage-first heap   total 260096K, used 13471K [0x0000000702200000, 0x0000000800000000)
  region size 1024K, 9 young (9216K), 9 survivors (9216K)
 Metaspace       used 34380K, capacity 35435K, committed 35584K, reserved 1081344K
  class space    used 3664K, capacity 4086K, committed 4096K, reserved 1048576K
}
Event: 4.750 GC heap before
{Heap before GC invocations=7 (full 0):
 garbage-first heap   total 260096K, used 158879K [0x0000000702200000, 0x0000000800000000)
  region size 1024K, 152 young (155648K), 9 survivors (9216K)
 Metaspace       used 41137K, capacity 42355K, committed 42624K, reserved 1087488K
  class space    used 4458K, capacity 4978K, committed 4992K, reserved 1048576K
}
Event: 4.764 GC heap after
{Heap after GC invocations=8 (full 0):
 garbage-first heap   total 312320K, used 17058K [0x0000000702200000, 0x0000000800000000)
  region size 1024K, 13 young (13312K), 13 survivors (13312K)
 Metaspace       used 41137K, capacity 42355K, committed 42624K, reserved 1087488K
  class space    used 4458K, capacity 4978K, committed 4992K, reserved 1048576K
}
Event: 6.403 GC heap before
{Heap before GC invocations=8 (full 0):
 garbage-first heap   total 312320K, used 191138K [0x0000000702200000, 0x0000000800000000)
  region size 1024K, 183 young (187392K), 13 survivors (13312K)
 Metaspace       used 50689K, capacity 51997K, committed 52096K, reserved 1095680K
  class space    used 5681K, capacity 6206K, committed 6272K, reserved 1048576K
}
Event: 6.416 GC heap after
{Heap after GC invocations=9 (full 0):
 garbage-first heap   total 312320K, used 20156K [0x0000000702200000, 0x0000000800000000)
  region size 1024K, 13 young (13312K), 13 survivors (13312K)
 Metaspace       used 50689K, capacity 51997K, committed 52096K, reserved 1095680K
  class space    used 5681K, capacity 6206K, committed 6272K, reserved 1048576K
}
Event: 7.478 GC heap before
{Heap before GC invocations=9 (full 0):
 garbage-first heap   total 312320K, used 166588K [0x0000000702200000, 0x0000000800000000)
  region size 1024K, 157 young (160768K), 13 survivors (13312K)
 Metaspace       used 58170K, capacity 59436K, committed 59520K, reserved 1101824K
  class space    used 6616K, capacity 7126K, committed 7168K, reserved 1048576K
}
Event: 7.492 GC heap after
{Heap after GC invocations=10 (full 0):
 garbage-first heap   total 312320K, used 21776K [0x0000000702200000, 0x0000000800000000)
  region size 1024K, 13 young (13312K), 13 survivors (13312K)
 Metaspace       used 58170K, capacity 59436K, committed 59520K, reserved 1101824K
  class space    used 6616K, capacity 7126K, committed 7168K, reserved 1048576K
}
Event: 8.884 GC heap before
{Heap before GC invocations=11 (full 0):
 garbage-first heap   total 312320K, used 195856K [0x0000000702200000, 0x0000000800000000)
  region size 1024K, 183 young (187392K), 13 survivors (13312K)
 Metaspace       used 65283K, capacity 66995K, committed 67072K, reserved 1107968K
  class space    used 7504K, capacity 8176K, committed 8192K, reserved 1048576K
}
Event: 8.897 GC heap after
{Heap after GC invocations=12 (full 0):
 garbage-first heap   total 312320K, used 26186K [0x0000000702200000, 0x0000000800000000)
  region size 1024K, 17 young (17408K), 17 survivors (17408K)
 Metaspace       used 65283K, capacity 66995K, committed 67072K, reserved 1107968K
  class space    used 7504K, capacity 8176K, committed 8192K, reserved 1048576K
}
Event: 10.255 GC heap before
{Heap before GC invocations=12 (full 0):
 garbage-first heap   total 312320K, used 196170K [0x0000000702200000, 0x0000000800000000)
  region size 1024K, 183 young (187392K), 17 survivors (17408K)
 Metaspace       used 71288K, capacity 73178K, committed 73344K, reserved 1114112K
  class space    used 8298K, capacity 9062K, committed 9088K, reserved 1048576K
}

Deoptimization events (10 events):
Event: 9.666 Thread 0x00000146388fc800 Uncommon trap: reason=intrinsic_or_type_checked_inlining action=make_not_entrant pc=0x000001464800b83c method=java.util.ArrayList.toArray([Ljava/lang/Object;)[Ljava/lang/Object; @ 36 c2
Event: 9.666 Thread 0x00000146388fc800 Uncommon trap: reason=unstable_if action=reinterpret pc=0x0000014647fac890 method=java.lang.Class.getTypeName()Ljava/lang/String; @ 23 c2
Event: 9.675 Thread 0x00000146388fc800 Uncommon trap: reason=class_check action=make_not_entrant pc=0x000001464800d43c method=java.util.ArrayList.toArray([Ljava/lang/Object;)[Ljava/lang/Object; @ 21 c2
Event: 9.738 Thread 0x00000146388fc800 Uncommon trap: reason=unstable_if action=reinterpret pc=0x0000014647fc8a30 method=org.springframework.core.annotation.AnnotationsScanner.isWithoutHierarchy(Ljava/lang/reflect/AnnotatedElement;Lorg/springframework/core/annotation/MergedAnnotations$SearchSt
Event: 9.767 Thread 0x00000146388fc800 Uncommon trap: reason=unstable_if action=reinterpret pc=0x0000014647d3b62c method=org.springframework.util.ConcurrentReferenceHashMap$Segment.clear()V @ 11 c2
Event: 9.776 Thread 0x00000146388fc800 Uncommon trap: reason=unstable_if action=reinterpret pc=0x0000014647fa96b0 method=java.util.StringJoiner.add(Ljava/lang/CharSequence;)Ljava/util/StringJoiner; @ 33 c2
Event: 9.800 Thread 0x00000146388fc800 Uncommon trap: reason=unstable_if action=reinterpret pc=0x0000014647c8ea18 method=java.util.LinkedHashMap.get(Ljava/lang/Object;)Ljava/lang/Object; @ 20 c2
Event: 9.810 Thread 0x00000146388fc800 Uncommon trap: reason=class_check action=maybe_recompile pc=0x0000014647f93158 method=org.springframework.core.annotation.AnnotationsScanner.processMethodInheritedAnnotations(Ljava/lang/Object;Ljava/lang/reflect/Method;Lorg/springframework/core/annotation
Event: 9.971 Thread 0x00000146388fc800 Uncommon trap: reason=unstable_if action=reinterpret pc=0x0000014647ab0244 method=java.lang.CharacterData.of(I)Ljava/lang/CharacterData; @ 4 c2
Event: 9.986 Thread 0x00000146388fc800 Uncommon trap: reason=class_check action=maybe_recompile pc=0x0000014647f93158 method=org.springframework.core.annotation.AnnotationsScanner.processMethodInheritedAnnotations(Ljava/lang/Object;Ljava/lang/reflect/Method;Lorg/springframework/core/annotation

Classes redefined (0 events):
No events

Internal exceptions (10 events):
Event: 9.731 Thread 0x00000146388fc800 Exception <a 'java/lang/ClassNotFoundException'{0x000000070e3dcc50}: org/springframework/beans/factory/DisposableBeanCustomizer> (0x000000070e3dcc50) thrown at [./open/src/hotspot/share/classfile/systemDictionary.cpp, line 226]
Event: 9.734 Thread 0x00000146388fc800 Exception <a 'java/lang/ClassNotFoundException'{0x000000070e215978}: java/lang/ObjectCustomizer> (0x000000070e215978) thrown at [./open/src/hotspot/share/classfile/systemDictionary.cpp, line 226]
Event: 9.735 Thread 0x00000146388fc800 Exception <a 'java/lang/ClassNotFoundException'{0x000000070e22e3b0}: org/springframework/web/multipart/support/StandardServletMultipartResolverCustomizer> (0x000000070e22e3b0) thrown at [./open/src/hotspot/share/classfile/systemDictionary.cpp, line 226]
Event: 9.735 Thread 0x00000146388fc800 Exception <a 'java/lang/ClassNotFoundException'{0x000000070e246a58}: org/springframework/web/multipart/MultipartResolverCustomizer> (0x000000070e246a58) thrown at [./open/src/hotspot/share/classfile/systemDictionary.cpp, line 226]
Event: 9.800 Thread 0x00000146388fc800 Exception <a 'java/lang/ClassNotFoundException'{0x000000070db7dd20}: java/lang/ObjectCustomizer> (0x000000070db7dd20) thrown at [./open/src/hotspot/share/classfile/systemDictionary.cpp, line 226]
Event: 9.801 Thread 0x00000146388fc800 Exception <a 'java/lang/ClassNotFoundException'{0x000000070db99220}: com/PracticaExperto/Practica_Experto_Junior_Salinas/PracticaExpertoJuniorSalinasApplicationTestsCustomizer> (0x000000070db99220) thrown at [./open/src/hotspot/share/classfile/systemDicti
Event: 9.811 Thread 0x00000146388fc800 Exception <a 'java/lang/NoSuchMethodError'{0x000000070da6abe0}: java.lang.invoke.DirectMethodHandle$Holder.invokeSpecial(Ljava/lang/Object;Ljava/lang/Object;Ljava/lang/Object;Ljava/lang/Object;Ljava/lang/Object;I)Ljava/lang/Object;> (0x000000070da6abe0) t
Event: 9.811 Thread 0x00000146388fc800 Exception <a 'java/lang/NoSuchMethodError'{0x000000070da6e2d0}: java.lang.invoke.Invokers$Holder.linkToTargetMethod(Ljava/lang/Object;Ljava/lang/Object;Ljava/lang/Object;ILjava/lang/Object;)Ljava/lang/Object;> (0x000000070da6e2d0) thrown at [./open/src/ho
Event: 9.925 Thread 0x00000146388fc800 Exception <a 'java/lang/ClassNotFoundException'{0x000000070cd7fb20}: java/lang/ClassLoader$ByteBuddyAccessor$WYPoqLrb> (0x000000070cd7fb20) thrown at [./open/src/hotspot/share/classfile/systemDictionary.cpp, line 226]
Event: 10.002 Thread 0x00000146388fc800 Exception <a 'java/lang/IncompatibleClassChangeError'{0x000000070c5bb408}: Found class java.lang.Object, but interface was expected> (0x000000070c5bb408) thrown at [./open/src/hotspot/share/interpreter/linkResolver.cpp, line 838]

Events (10 events):
Event: 10.252 loading class org/mockito/internal/debugging/Localized done
Event: 10.252 loading class org/mockito/internal/verification/VerificationDataImpl
Event: 10.253 loading class org/mockito/internal/verification/VerificationDataImpl done
Event: 10.253 loading class org/mockito/internal/verification/DefaultRegisteredInvocations$RemoveToString
Event: 10.253 loading class org/mockito/internal/verification/DefaultRegisteredInvocations$RemoveToString done
Event: 10.254 loading class org/mockito/internal/util/collections/ListUtil
Event: 10.254 loading class org/mockito/internal/util/collections/ListUtil done
Event: 10.255 loading class org/mockito/internal/verification/checkers/MissingInvocationChecker
Event: 10.255 loading class org/mockito/internal/verification/checkers/MissingInvocationChecker done
Event: 10.255 Executing VM operation: G1CollectForAllocation


Dynamic libraries:
0x00007ff7ebb50000 - 0x00007ff7ebb60000 	C:\Program Files\Java\jdk-11\bin\java.exe
0x00007ffafcf70000 - 0x00007ffafd184000 	C:\WINDOWS\SYSTEM32\ntdll.dll
0x00007ffafba10000 - 0x00007ffafbad2000 	C:\WINDOWS\System32\KERNEL32.DLL
0x00007ffafa4d0000 - 0x00007ffafa873000 	C:\WINDOWS\System32\KERNELBASE.dll
0x00007ffafa880000 - 0x00007ffafa991000 	C:\WINDOWS\System32\ucrtbase.dll
0x00007ffae2040000 - 0x00007ffae205b000 	C:\Program Files\Java\jdk-11\bin\VCRUNTIME140.dll
0x00007ffae2060000 - 0x00007ffae2079000 	C:\Program Files\Java\jdk-11\bin\jli.dll
0x00007ffafbd80000 - 0x00007ffafbe2e000 	C:\WINDOWS\System32\ADVAPI32.dll
0x00007ffafc940000 - 0x00007ffafc9e7000 	C:\WINDOWS\System32\msvcrt.dll
0x00007ffafcaf0000 - 0x00007ffafcb94000 	C:\WINDOWS\System32\sechost.dll
0x00007ffafc6e0000 - 0x00007ffafc7f7000 	C:\WINDOWS\System32\RPCRT4.dll
0x00007ffafad50000 - 0x00007ffafaefb000 	C:\WINDOWS\System32\USER32.dll
0x00007ffafa430000 - 0x00007ffafa456000 	C:\WINDOWS\System32\win32u.dll
0x00007ffad7e80000 - 0x00007ffad810e000 	C:\WINDOWS\WinSxS\amd64_microsoft.windows.common-controls_6595b64144ccf1df_6.0.22621.1635_none_270f70857386168e\COMCTL32.dll
0x00007ffafb5a0000 - 0x00007ffafb5c9000 	C:\WINDOWS\System32\GDI32.dll
0x00007ffafa9a0000 - 0x00007ffafaab9000 	C:\WINDOWS\System32\gdi32full.dll
0x00007ffafac30000 - 0x00007ffafacca000 	C:\WINDOWS\System32\msvcp_win.dll
0x00007ffaf2860000 - 0x00007ffaf286a000 	C:\WINDOWS\SYSTEM32\VERSION.dll
0x00007ffafc800000 - 0x00007ffafc831000 	C:\WINDOWS\System32\IMM32.DLL
0x00007ffaf3470000 - 0x00007ffaf347c000 	C:\Program Files\Java\jdk-11\bin\vcruntime140_1.dll
0x00007ffac6030000 - 0x00007ffac60be000 	C:\Program Files\Java\jdk-11\bin\msvcp140.dll
0x00007ffa6f4d0000 - 0x00007ffa7003c000 	C:\Program Files\Java\jdk-11\bin\server\jvm.dll
0x00007ffafbb60000 - 0x00007ffafbb68000 	C:\WINDOWS\System32\PSAPI.DLL
0x00007ffadc020000 - 0x00007ffadc029000 	C:\WINDOWS\SYSTEM32\WSOCK32.dll
0x00007ffaf2770000 - 0x00007ffaf27a4000 	C:\WINDOWS\SYSTEM32\WINMM.dll
0x00007ffafbae0000 - 0x00007ffafbb51000 	C:\WINDOWS\System32\WS2_32.dll
0x00007ffaf93c0000 - 0x00007ffaf93d8000 	C:\WINDOWS\SYSTEM32\kernel.appcore.dll
0x00007ffae7ba0000 - 0x00007ffae7bb0000 	C:\Program Files\Java\jdk-11\bin\verify.dll
0x00007ffaf7db0000 - 0x00007ffaf7fde000 	C:\WINDOWS\SYSTEM32\DBGHELP.DLL
0x00007ffafcba0000 - 0x00007ffafcf29000 	C:\WINDOWS\System32\combase.dll
0x00007ffafb8b0000 - 0x00007ffafb987000 	C:\WINDOWS\System32\OLEAUT32.dll
0x00007ffadab30000 - 0x00007ffadab62000 	C:\WINDOWS\SYSTEM32\dbgcore.DLL
0x00007ffafacd0000 - 0x00007ffafad4b000 	C:\WINDOWS\System32\bcryptPrimitives.dll
0x00007ffae2010000 - 0x00007ffae2038000 	C:\Program Files\Java\jdk-11\bin\java.dll
0x00007ffae7440000 - 0x00007ffae744a000 	C:\Program Files\Java\jdk-11\bin\jimage.dll
0x00007ffae4a70000 - 0x00007ffae4a7e000 	C:\Program Files\Java\jdk-11\bin\instrument.dll
0x00007ffadac80000 - 0x00007ffadac97000 	C:\Program Files\Java\jdk-11\bin\zip.dll
0x00007ffafbe30000 - 0x00007ffafc62a000 	C:\WINDOWS\System32\SHELL32.dll
0x00007ffaf8370000 - 0x00007ffaf8c3e000 	C:\WINDOWS\SYSTEM32\windows.storage.dll
0x00007ffaf8230000 - 0x00007ffaf836e000 	C:\WINDOWS\SYSTEM32\wintypes.dll
0x00007ffafc840000 - 0x00007ffafc931000 	C:\WINDOWS\System32\SHCORE.dll
0x00007ffafb540000 - 0x00007ffafb59e000 	C:\WINDOWS\System32\shlwapi.dll
0x00007ffafa2a0000 - 0x00007ffafa2c1000 	C:\WINDOWS\SYSTEM32\profapi.dll
0x00007ffada470000 - 0x00007ffada489000 	C:\Program Files\Java\jdk-11\bin\net.dll
0x00007ffaf2220000 - 0x00007ffaf2357000 	C:\WINDOWS\SYSTEM32\WINHTTP.dll
0x00007ffaf9830000 - 0x00007ffaf9899000 	C:\WINDOWS\system32\mswsock.dll
0x00007ffad4db0000 - 0x00007ffad4dc2000 	C:\Program Files\Java\jdk-11\bin\nio.dll
0x00007ffa69ba0000 - 0x00007ffa69bb7000 	C:\WINDOWS\system32\napinsp.dll
0x00007ffa5bca0000 - 0x00007ffa5bcbb000 	C:\WINDOWS\system32\pnrpnsp.dll
0x00007ffaf8f10000 - 0x00007ffaf9003000 	C:\WINDOWS\SYSTEM32\DNSAPI.dll
0x00007ffaf8ea0000 - 0x00007ffaf8ecd000 	C:\WINDOWS\SYSTEM32\IPHLPAPI.DLL
0x00007ffafb480000 - 0x00007ffafb489000 	C:\WINDOWS\System32\NSI.dll
0x00007ffa5bc80000 - 0x00007ffa5bc91000 	C:\WINDOWS\System32\winrnr.dll
0x00007ffac7d20000 - 0x00007ffac7d35000 	C:\WINDOWS\system32\wshbth.dll
0x00007ffa93ab0000 - 0x00007ffa93ad1000 	C:\WINDOWS\system32\nlansp_c.dll
0x00007ffaefca0000 - 0x00007ffaefcaa000 	C:\Windows\System32\rasadhlp.dll
0x00007ffaf17d0000 - 0x00007ffaf1854000 	C:\WINDOWS\System32\fwpuclnt.dll
0x00007ffae3040000 - 0x00007ffae3049000 	C:\Program Files\Java\jdk-11\bin\management.dll
0x00007ffadc950000 - 0x00007ffadc95b000 	C:\Program Files\Java\jdk-11\bin\management_ext.dll
0x00007ffaf9a90000 - 0x00007ffaf9aab000 	C:\WINDOWS\SYSTEM32\CRYPTSP.dll
0x00007ffaf9330000 - 0x00007ffaf9365000 	C:\WINDOWS\system32\rsaenh.dll
0x00007ffaf9930000 - 0x00007ffaf9958000 	C:\WINDOWS\SYSTEM32\USERENV.dll
0x00007ffaf9c30000 - 0x00007ffaf9c58000 	C:\WINDOWS\SYSTEM32\bcrypt.dll
0x00007ffaf9ab0000 - 0x00007ffaf9abc000 	C:\WINDOWS\SYSTEM32\CRYPTBASE.dll
0x00007ffaf2870000 - 0x00007ffaf2889000 	C:\WINDOWS\SYSTEM32\dhcpcsvc6.DLL
0x00007ffaf26a0000 - 0x00007ffaf26bf000 	C:\WINDOWS\SYSTEM32\dhcpcsvc.DLL
0x00007ffacb780000 - 0x00007ffacb7a7000 	C:\Program Files\Java\jdk-11\bin\sunec.dll

dbghelp: loaded successfully - version: 4.0.5 - missing functions: none
symbol engine: initialized successfully - sym options: 0x614 - pdb path: .;C:\Program Files\Java\jdk-11\bin;C:\WINDOWS\SYSTEM32;C:\WINDOWS\WinSxS\amd64_microsoft.windows.common-controls_6595b64144ccf1df_6.0.22621.1635_none_270f70857386168e;C:\Program Files\Java\jdk-11\bin\server

VM Arguments:
jvm_args: -javaagent:C:\\Users\\JUNIOR\\.m2\\repository\\org\\jacoco\\org.jacoco.agent\\0.8.7\\org.jacoco.agent-0.8.7-runtime.jar=destfile=D:\\JAVA_PROYECTOS\\Practica_Experto_Junior_Salinas\\target\\jacoco.exec,excludes=com/PracticaExperto/Practica_Experto_Junior_Salinas/controller/**:com/PracticaExperto/Practica_Experto_Junior_Salinas/model/**:com/PracticaExperto/Practica_Experto_Junior_Salinas/repository/**:com/PracticaExperto/Practica_Experto_Junior_Salinas/service/AutorService.class:com/PracticaExperto/Practica_Experto_Junior_Salinas/service/DireccionService.class:com/PracticaExperto/Practica_Experto_Junior_Salinas/PracticaExpertoJuniorSalinasApplication.class 
java_command: C:\Users\JUNIOR\AppData\Local\Temp\surefire17849248591211654730\surefirebooter8014842243124271275.jar C:\Users\JUNIOR\AppData\Local\Temp\surefire17849248591211654730 2023-09-26T00-44-18_815-jvmRun1 surefire14868048805337434954tmp surefire_05990014839721636843tmp
java_class_path (initial): C:\Users\JUNIOR\AppData\Local\Temp\surefire17849248591211654730\surefirebooter8014842243124271275.jar
Launcher Type: SUN_STANDARD

[Global flags]
     intx CICompilerCount                          = 4                                         {product} {ergonomic}
     uint ConcGCThreads                            = 3                                         {product} {ergonomic}
     uint G1ConcRefinementThreads                  = 10                                        {product} {ergonomic}
   size_t G1HeapRegionSize                         = 1048576                                   {product} {ergonomic}
    uintx GCDrainStackTargetSize                   = 64                                        {product} {ergonomic}
   size_t InitialHeapSize                          = 266338304                                 {product} {ergonomic}
   size_t MarkStackSize                            = 4194304                                   {product} {ergonomic}
   size_t MaxHeapSize                              = 4259315712                                {product} {ergonomic}
   size_t MaxNewSize                               = 2555379712                                {product} {ergonomic}
   size_t MinHeapDeltaBytes                        = 1048576                                   {product} {ergonomic}
    uintx NonNMethodCodeHeapSize                   = 5836300                                {pd product} {ergonomic}
    uintx NonProfiledCodeHeapSize                  = 122910970                              {pd product} {ergonomic}
    uintx ProfiledCodeHeapSize                     = 122910970                              {pd product} {ergonomic}
    uintx ReservedCodeCacheSize                    = 251658240                              {pd product} {ergonomic}
     bool SegmentedCodeCache                       = true                                      {product} {ergonomic}
     bool UseCompressedClassPointers               = true                                 {lp64_product} {ergonomic}
     bool UseCompressedOops                        = true                                 {lp64_product} {ergonomic}
     bool UseG1GC                                  = true                                      {product} {ergonomic}
     bool UseLargePagesIndividualAllocation        = false                                  {pd product} {ergonomic}

Logging:
Log output configuration:
 #0: stdout all=warning uptime,level,tags
 #1: stderr all=off uptime,level,tags

Environment Variables:
JAVA_HOME=C:\Program Files\Java\jdk-11
PATH=C:\Program Files\Java\jdk-11\bin;D:\MAVEN_TECSUP\apache-maven-3.8.8\bin;C:\Program Files (x86)\Common Files\Oracle\Java\javapath;C:\WINDOWS\system32;C:\WINDOWS;C:\WINDOWS\System32\Wbem;C:\WINDOWS\System32\WindowsPowerShell\v1.0\;C:\WINDOWS\System32\OpenSSH\;C:\Program Files\Azure Data Studio\bin;C:\Program Files (x86)\Microsoft SQL Server\140\DTS\Binn\;C:\Program Files\Microsoft SQL Server\Client SDK\ODBC\170\Tools\Binn\;C:\Program Files (x86)\Microsoft SQL Server\150\Tools\Binn\;C:\Program Files\Microsoft SQL Server\150\Tools\Binn\;C:\Program Files\Microsoft SQL Server\150\DTS\Binn\;C:\Program Files (x86)\Microsoft SQL Server\150\DTS\Binn\;C:\Program Files (x86)\Microsoft SQL Server\160\DTS\Binn\;C:\Program Files\Microsoft SQL Server\130\Tools\Binn\;C:\Program Files (x86)\Microsoft SQL Server\110\DTS\Binn\;C:\Program Files (x86)\Microsoft SQL Server\120\DTS\Binn\;C:\Program Files (x86)\Microsoft SQL Server\130\DTS\Binn\;D:\CURSOSPRING\jdk-20.0.1\bin;D:\Git\cmd;C:\xampp\mysql\bin;C:\Program Files\Java\jdk-11\bin;D:\MAVEN_TECSUP\apache-maven-3.8.8\bin;C:\Users\JUNIOR\AppData\Local\Microsoft\WindowsApps;C:\Program Files\Azure Data Studio\bin;D:\CURSOSPRING\jdk-20.0.1\bin;D:\Microsoft VS Code\bin;D:\INTELLIJ IDEA\IntelliJ IDEA Community Edition 2023.2\bin;;
USERNAME=JUNIOR
OS=Windows_NT
PROCESSOR_IDENTIFIER=Intel64 Family 6 Model 158 Stepping 10, GenuineIntel



---------------  S Y S T E M  ---------------

OS: Windows 11 , 64 bit Build 22621 (10.0.22621.1778)

CPU:total 12 (initial active 12) (6 cores per cpu, 2 threads per core) family 6 model 158 stepping 10 microcode 0xf0, cmov, cx8, fxsr, mmx, sse, sse2, sse3, ssse3, sse4.1, sse4.2, popcnt, avx, avx2, aes, clmul, erms, 3dnowpref, lzcnt, ht, tsc, tscinvbit, bmi1, bmi2, adx, fma

Memory: 4k page, system-wide physical 16242M (3093M free)
TotalPageFile size 22685M (AvailPageFile size 7M)
current process WorkingSet (physical memory assigned to process): 493M, peak: 493M
current process commit charge ("private bytes"): 612M, peak: 671M

vm_info: Java HotSpot(TM) 64-Bit Server VM (11.0.19+9-LTS-224) for windows-amd64 JRE (11.0.19+9-LTS-224), built on Mar 27 2023 08:48:55 by "mach5one" with MS VC++ 17.1 (VS2022)

END.
