#
# There is insufficient memory for the Java Runtime Environment to continue.
# Native memory allocation (malloc) failed to allocate 1044896 bytes for Chunk::new
# Possible reasons:
#   The system is out of physical RAM or swap space
#   The process is running with CompressedOops enabled, and the Java Heap may be blocking the growth of the native heap
# Possible solutions:
#   Reduce memory load on the system
#   Increase physical memory or swap space
#   Check if swap backing store is full
#   Decrease Java heap size (-Xmx/-Xms)
#   Decrease number of Java threads
#   Decrease Java thread stack sizes (-Xss)
#   Set larger code cache with -XX:ReservedCodeCacheSize=
#   JVM is running with Zero Based Compressed Oops mode in which the Java heap is
#     placed in the first 32GB address space. The Java Heap base address is the
#     maximum limit for the native heap growth. Please use -XX:HeapBaseMinAddress
#     to set the Java Heap base and to place the Java Heap above 32GB virtual address.
# This output file may be truncated or incomplete.
#
#  Out of Memory Error (./open/src/hotspot/share/memory/arena.cpp:197), pid=16728, tid=16412
#
# JRE version: Java(TM) SE Runtime Environment 18.9 (11.0.19+9) (build 11.0.19+9-LTS-224)
# Java VM: Java HotSpot(TM) 64-Bit Server VM 18.9 (11.0.19+9-LTS-224, mixed mode, tiered, compressed oops, g1 gc, windows-amd64)
# No core dump will be written. Minidumps are not enabled by default on client versions of Windows
#

---------------  S U M M A R Y ------------

Command Line: -javaagent:C:\\Users\\JUNIOR\\.m2\\repository\\org\\jacoco\\org.jacoco.agent\\0.8.7\\org.jacoco.agent-0.8.7-runtime.jar=destfile=D:\\JAVA_PROYECTOS\\Practica_Experto_Junior_Salinas\\target\\jacoco.exec,excludes=com/PracticaExperto/Practica_Experto_Junior_Salinas/controller/**:com/PracticaExperto/Practica_Experto_Junior_Salinas/model/**:com/PracticaExperto/Practica_Experto_Junior_Salinas/repository/**:com/PracticaExperto/Practica_Experto_Junior_Salinas/service/AutorService.class:com/PracticaExperto/Practica_Experto_Junior_Salinas/service/DireccionService.class:com/PracticaExperto/Practica_Experto_Junior_Salinas/PracticaExpertoJuniorSalinasApplication.class C:\Users\JUNIOR\AppData\Local\Temp\surefire4676005308844778160\surefirebooter2474346850107834695.jar C:\Users\JUNIOR\AppData\Local\Temp\surefire4676005308844778160 2023-09-26T00-58-13_278-jvmRun1 surefire16185478465069363492tmp surefire_014641664452160840768tmp

Host: Intel(R) Core(TM) i7-8750H CPU @ 2.20GHz, 12 cores, 15G,  Windows 11 , 64 bit Build 22621 (10.0.22621.1778)
Time: Tue Sep 26 00:58:15 2023 Hora est. Pacífico, Sudamérica elapsed time: 1.893038 seconds (0d 0h 0m 1s)

---------------  T H R E A D  ---------------

Current thread (0x0000020eb0d69800):  JavaThread "C2 CompilerThread0" daemon [_thread_in_native, id=16412, stack(0x000000f984700000,0x000000f984800000)]


Current CompileTask:
C2:   1893 2309       4       org.jacoco.agent.rt.internal_3570298.asm.SymbolTable::<init> (536 bytes)

Stack: [0x000000f984700000,0x000000f984800000]
Native frames: (J=compiled Java code, j=interpreted, Vv=VM code, C=native code)
V  [jvm.dll+0x65fe1a]
V  [jvm.dll+0x7a2bbf]
V  [jvm.dll+0x7a4289]
V  [jvm.dll+0x7a4923]
V  [jvm.dll+0x258a25]
V  [jvm.dll+0xb29cc]
V  [jvm.dll+0xb2f8c]
V  [jvm.dll+0x2ca132]
V  [jvm.dll+0x56f1dc]
V  [jvm.dll+0x21a5d1]
V  [jvm.dll+0x213db5]
V  [jvm.dll+0x2105e4]
V  [jvm.dll+0x18c841]
V  [jvm.dll+0x220989]
V  [jvm.dll+0x21ecac]
V  [jvm.dll+0x766921]
V  [jvm.dll+0x75f2e4]
V  [jvm.dll+0x65ecc5]
C  [ucrtbase.dll+0x29363]
C  [KERNEL32.DLL+0x126ad]
C  [ntdll.dll+0x5a9f8]


---------------  P R O C E S S  ---------------

Threads class SMR info:
_java_thread_list=0x0000020eb1809a10, length=14, elements={
0x0000020e8d3ae000, 0x0000020eb044a800, 0x0000020eb0454000, 0x0000020eb0d65000,
0x0000020eb0d67800, 0x0000020eb0d68800, 0x0000020eb0d69800, 0x0000020eb0d1a000,
0x0000020eb0d6e800, 0x0000020eb0ce0800, 0x0000020eb0eff000, 0x0000020eb1e30000,
0x0000020eb1908800, 0x0000020eb2276800
}

Java Threads: ( => current thread )
  0x0000020e8d3ae000 JavaThread "main" [_thread_in_vm, id=20400, stack(0x000000f983b00000,0x000000f983c00000)]
  0x0000020eb044a800 JavaThread "Reference Handler" daemon [_thread_blocked, id=21608, stack(0x000000f984200000,0x000000f984300000)]
  0x0000020eb0454000 JavaThread "Finalizer" daemon [_thread_blocked, id=25896, stack(0x000000f984300000,0x000000f984400000)]
  0x0000020eb0d65000 JavaThread "Signal Dispatcher" daemon [_thread_blocked, id=9300, stack(0x000000f984400000,0x000000f984500000)]
  0x0000020eb0d67800 JavaThread "Attach Listener" daemon [_thread_blocked, id=8024, stack(0x000000f984500000,0x000000f984600000)]
  0x0000020eb0d68800 JavaThread "Service Thread" daemon [_thread_blocked, id=7164, stack(0x000000f984600000,0x000000f984700000)]
=>0x0000020eb0d69800 JavaThread "C2 CompilerThread0" daemon [_thread_in_native, id=16412, stack(0x000000f984700000,0x000000f984800000)]
  0x0000020eb0d1a000 JavaThread "C1 CompilerThread0" daemon [_thread_in_native, id=22204, stack(0x000000f984800000,0x000000f984900000)]
  0x0000020eb0d6e800 JavaThread "Sweeper thread" daemon [_thread_blocked, id=17244, stack(0x000000f984900000,0x000000f984a00000)]
  0x0000020eb0ce0800 JavaThread "Common-Cleaner" daemon [_thread_blocked, id=9816, stack(0x000000f984a00000,0x000000f984b00000)]
  0x0000020eb0eff000 JavaThread "C2 CompilerThread1" daemon [_thread_in_native, id=15312, stack(0x000000f984b00000,0x000000f984c00000)]
  0x0000020eb1e30000 JavaThread "surefire-forkedjvm-command-thread" daemon [_thread_in_native, id=22572, stack(0x000000f984d00000,0x000000f984e00000)]
  0x0000020eb1908800 JavaThread "surefire-forkedjvm-ping-30s" daemon [_thread_blocked, id=14748, stack(0x000000f984e00000,0x000000f984f00000)]
  0x0000020eb2276800 JavaThread "C2 CompilerThread2" daemon [_thread_in_native, id=17416, stack(0x000000f984f00000,0x000000f985000000)]

Other Threads:
  0x0000020eb0446800 VMThread "VM Thread" [stack: 0x000000f984100000,0x000000f984200000] [id=4196]
  0x0000020eb16f1000 WatcherThread [stack: 0x000000f984c00000,0x000000f984d00000] [id=28036]
  0x0000020e8d3c3000 GCTaskThread "GC Thread#0" [stack: 0x000000f983c00000,0x000000f983d00000] [id=26384]
  0x0000020eb17e5800 GCTaskThread "GC Thread#1" [stack: 0x000000f985000000,0x000000f985100000] [id=15696]
  0x0000020eb16e6000 GCTaskThread "GC Thread#2" [stack: 0x000000f985100000,0x000000f985200000] [id=1880]
  0x0000020eb21de800 GCTaskThread "GC Thread#3" [stack: 0x000000f985200000,0x000000f985300000] [id=12716]
  0x0000020eb21df800 GCTaskThread "GC Thread#4" [stack: 0x000000f985300000,0x000000f985400000] [id=13236]
  0x0000020eb1740800 GCTaskThread "GC Thread#5" [stack: 0x000000f985400000,0x000000f985500000] [id=20868]
  0x0000020e8d41e800 ConcurrentGCThread "G1 Main Marker" [stack: 0x000000f983d00000,0x000000f983e00000] [id=4184]
  0x0000020e8d420800 ConcurrentGCThread "G1 Conc#0" [stack: 0x000000f983e00000,0x000000f983f00000] [id=20968]
  0x0000020eb4388000 ConcurrentGCThread "G1 Conc#1" [stack: 0x000000f985500000,0x000000f985600000] [id=14104]
  0x0000020eb4388800 ConcurrentGCThread "G1 Conc#2" [stack: 0x000000f985600000,0x000000f985700000] [id=11280]
  0x0000020eb032d000 ConcurrentGCThread "G1 Refine#0" [stack: 0x000000f983f00000,0x000000f984000000] [id=6964]
  0x0000020eb0331000 ConcurrentGCThread "G1 Young RemSet Sampling" [stack: 0x000000f984000000,0x000000f984100000] [id=25888]

Threads with active compile tasks:
C2 CompilerThread0     1926 2309       4       org.jacoco.agent.rt.internal_3570298.asm.SymbolTable::<init> (536 bytes)
C1 CompilerThread0     1926 2403       3       java.util.Arrays$ArrayItr::hasNext (18 bytes)
C2 CompilerThread1     1926 2254       4       org.jacoco.agent.rt.internal_3570298.asm.AnnotationWriter::putAnnotations (67 bytes)
C2 CompilerThread2     1926 2237       4       org.jacoco.agent.rt.internal_3570298.asm.Attribute::computeAttributesSize (62 bytes)

VM state:not at safepoint (normal execution)

VM Mutex/Monitor currently owned by a thread: None

Heap address: 0x0000000702200000, size: 4062 MB, Compressed Oops mode: Zero based, Oop shift amount: 3
Narrow klass base: 0x0000000800000000, Narrow klass shift: 0
Compressed class space size: 1073741824 Address: 0x0000000800000000

Heap:
 garbage-first heap   total 260096K, used 29984K [0x0000000702200000, 0x0000000800000000)
  region size 1024K, 27 young (27648K), 6 survivors (6144K)
 Metaspace       used 21569K, capacity 22228K, committed 22528K, reserved 1069056K
  class space    used 2198K, capacity 2434K, committed 2560K, reserved 1048576K
Heap Regions: E=young(eden), S=young(survivor), O=old, HS=humongous(starts), HC=humongous(continues), CS=collection set, F=free, A=archive, TAMS=top-at-mark-start (previous, next)
|   0|0x0000000702200000, 0x0000000702300000, 0x0000000702300000|100%|HS|  |TAMS 0x0000000702300000, 0x0000000702200000| Complete 
|   1|0x0000000702300000, 0x0000000702400000, 0x0000000702400000|100%| O|  |TAMS 0x0000000702400000, 0x0000000702300000| Untracked 
|   2|0x0000000702400000, 0x0000000702500000, 0x0000000702500000|100%| O|  |TAMS 0x0000000702500000, 0x0000000702400000| Untracked 
|   3|0x0000000702500000, 0x0000000702600000, 0x0000000702600000|100%| O|  |TAMS 0x0000000702600000, 0x0000000702500000| Untracked 
|   4|0x0000000702600000, 0x000000070260c800, 0x0000000702700000|  4%| O|  |TAMS 0x000000070260c800, 0x0000000702600000| Untracked 
|   5|0x0000000702700000, 0x0000000702700000, 0x0000000702800000|  0%| F|  |TAMS 0x0000000702700000, 0x0000000702700000| Untracked 
|   6|0x0000000702800000, 0x0000000702800000, 0x0000000702900000|  0%| F|  |TAMS 0x0000000702800000, 0x0000000702800000| Untracked 
|   7|0x0000000702900000, 0x0000000702900000, 0x0000000702a00000|  0%| F|  |TAMS 0x0000000702900000, 0x0000000702900000| Untracked 
|   8|0x0000000702a00000, 0x0000000702a00000, 0x0000000702b00000|  0%| F|  |TAMS 0x0000000702a00000, 0x0000000702a00000| Untracked 
|   9|0x0000000702b00000, 0x0000000702b00000, 0x0000000702c00000|  0%| F|  |TAMS 0x0000000702b00000, 0x0000000702b00000| Untracked 
|  10|0x0000000702c00000, 0x0000000702c00000, 0x0000000702d00000|  0%| F|  |TAMS 0x0000000702c00000, 0x0000000702c00000| Untracked 
|  11|0x0000000702d00000, 0x0000000702d00000, 0x0000000702e00000|  0%| F|  |TAMS 0x0000000702d00000, 0x0000000702d00000| Untracked 
|  12|0x0000000702e00000, 0x0000000702e00000, 0x0000000702f00000|  0%| F|  |TAMS 0x0000000702e00000, 0x0000000702e00000| Untracked 
|  13|0x0000000702f00000, 0x0000000702f00000, 0x0000000703000000|  0%| F|  |TAMS 0x0000000702f00000, 0x0000000702f00000| Untracked 
|  14|0x0000000703000000, 0x0000000703000000, 0x0000000703100000|  0%| F|  |TAMS 0x0000000703000000, 0x0000000703000000| Untracked 
|  15|0x0000000703100000, 0x0000000703100000, 0x0000000703200000|  0%| F|  |TAMS 0x0000000703100000, 0x0000000703100000| Untracked 
|  16|0x0000000703200000, 0x0000000703200000, 0x0000000703300000|  0%| F|  |TAMS 0x0000000703200000, 0x0000000703200000| Untracked 
|  17|0x0000000703300000, 0x0000000703300000, 0x0000000703400000|  0%| F|  |TAMS 0x0000000703300000, 0x0000000703300000| Untracked 
|  18|0x0000000703400000, 0x0000000703400000, 0x0000000703500000|  0%| F|  |TAMS 0x0000000703400000, 0x0000000703400000| Untracked 
|  19|0x0000000703500000, 0x0000000703500000, 0x0000000703600000|  0%| F|  |TAMS 0x0000000703500000, 0x0000000703500000| Untracked 
|  20|0x0000000703600000, 0x0000000703600000, 0x0000000703700000|  0%| F|  |TAMS 0x0000000703600000, 0x0000000703600000| Untracked 
|  21|0x0000000703700000, 0x0000000703700000, 0x0000000703800000|  0%| F|  |TAMS 0x0000000703700000, 0x0000000703700000| Untracked 
|  22|0x0000000703800000, 0x0000000703800000, 0x0000000703900000|  0%| F|  |TAMS 0x0000000703800000, 0x0000000703800000| Untracked 
|  23|0x0000000703900000, 0x0000000703900000, 0x0000000703a00000|  0%| F|  |TAMS 0x0000000703900000, 0x0000000703900000| Untracked 
|  24|0x0000000703a00000, 0x0000000703a00000, 0x0000000703b00000|  0%| F|  |TAMS 0x0000000703a00000, 0x0000000703a00000| Untracked 
|  25|0x0000000703b00000, 0x0000000703b00000, 0x0000000703c00000|  0%| F|  |TAMS 0x0000000703b00000, 0x0000000703b00000| Untracked 
|  26|0x0000000703c00000, 0x0000000703c00000, 0x0000000703d00000|  0%| F|  |TAMS 0x0000000703c00000, 0x0000000703c00000| Untracked 
|  27|0x0000000703d00000, 0x0000000703d00000, 0x0000000703e00000|  0%| F|  |TAMS 0x0000000703d00000, 0x0000000703d00000| Untracked 
|  28|0x0000000703e00000, 0x0000000703e00000, 0x0000000703f00000|  0%| F|  |TAMS 0x0000000703e00000, 0x0000000703e00000| Untracked 
|  29|0x0000000703f00000, 0x0000000703f00000, 0x0000000704000000|  0%| F|  |TAMS 0x0000000703f00000, 0x0000000703f00000| Untracked 
|  30|0x0000000704000000, 0x0000000704000000, 0x0000000704100000|  0%| F|  |TAMS 0x0000000704000000, 0x0000000704000000| Untracked 
|  31|0x0000000704100000, 0x0000000704100000, 0x0000000704200000|  0%| F|  |TAMS 0x0000000704100000, 0x0000000704100000| Untracked 
|  32|0x0000000704200000, 0x0000000704200000, 0x0000000704300000|  0%| F|  |TAMS 0x0000000704200000, 0x0000000704200000| Untracked 
|  33|0x0000000704300000, 0x0000000704300000, 0x0000000704400000|  0%| F|  |TAMS 0x0000000704300000, 0x0000000704300000| Untracked 
|  34|0x0000000704400000, 0x0000000704400000, 0x0000000704500000|  0%| F|  |TAMS 0x0000000704400000, 0x0000000704400000| Untracked 
|  35|0x0000000704500000, 0x0000000704500000, 0x0000000704600000|  0%| F|  |TAMS 0x0000000704500000, 0x0000000704500000| Untracked 
|  36|0x0000000704600000, 0x0000000704600000, 0x0000000704700000|  0%| F|  |TAMS 0x0000000704600000, 0x0000000704600000| Untracked 
|  37|0x0000000704700000, 0x0000000704700000, 0x0000000704800000|  0%| F|  |TAMS 0x0000000704700000, 0x0000000704700000| Untracked 
|  38|0x0000000704800000, 0x0000000704800000, 0x0000000704900000|  0%| F|  |TAMS 0x0000000704800000, 0x0000000704800000| Untracked 
|  39|0x0000000704900000, 0x0000000704900000, 0x0000000704a00000|  0%| F|  |TAMS 0x0000000704900000, 0x0000000704900000| Untracked 
|  40|0x0000000704a00000, 0x0000000704a00000, 0x0000000704b00000|  0%| F|  |TAMS 0x0000000704a00000, 0x0000000704a00000| Untracked 
|  41|0x0000000704b00000, 0x0000000704b00000, 0x0000000704c00000|  0%| F|  |TAMS 0x0000000704b00000, 0x0000000704b00000| Untracked 
|  42|0x0000000704c00000, 0x0000000704c00000, 0x0000000704d00000|  0%| F|  |TAMS 0x0000000704c00000, 0x0000000704c00000| Untracked 
|  43|0x0000000704d00000, 0x0000000704d00000, 0x0000000704e00000|  0%| F|  |TAMS 0x0000000704d00000, 0x0000000704d00000| Untracked 
|  44|0x0000000704e00000, 0x0000000704e00000, 0x0000000704f00000|  0%| F|  |TAMS 0x0000000704e00000, 0x0000000704e00000| Untracked 
|  45|0x0000000704f00000, 0x0000000704f00000, 0x0000000705000000|  0%| F|  |TAMS 0x0000000704f00000, 0x0000000704f00000| Untracked 
|  46|0x0000000705000000, 0x0000000705000000, 0x0000000705100000|  0%| F|  |TAMS 0x0000000705000000, 0x0000000705000000| Untracked 
|  47|0x0000000705100000, 0x0000000705100000, 0x0000000705200000|  0%| F|  |TAMS 0x0000000705100000, 0x0000000705100000| Untracked 
|  48|0x0000000705200000, 0x0000000705200000, 0x0000000705300000|  0%| F|  |TAMS 0x0000000705200000, 0x0000000705200000| Untracked 
|  49|0x0000000705300000, 0x0000000705300000, 0x0000000705400000|  0%| F|  |TAMS 0x0000000705300000, 0x0000000705300000| Untracked 
|  50|0x0000000705400000, 0x0000000705400000, 0x0000000705500000|  0%| F|  |TAMS 0x0000000705400000, 0x0000000705400000| Untracked 
|  51|0x0000000705500000, 0x0000000705500000, 0x0000000705600000|  0%| F|  |TAMS 0x0000000705500000, 0x0000000705500000| Untracked 
|  52|0x0000000705600000, 0x0000000705600000, 0x0000000705700000|  0%| F|  |TAMS 0x0000000705600000, 0x0000000705600000| Untracked 
|  53|0x0000000705700000, 0x0000000705700000, 0x0000000705800000|  0%| F|  |TAMS 0x0000000705700000, 0x0000000705700000| Untracked 
|  54|0x0000000705800000, 0x0000000705800000, 0x0000000705900000|  0%| F|  |TAMS 0x0000000705800000, 0x0000000705800000| Untracked 
|  55|0x0000000705900000, 0x0000000705900000, 0x0000000705a00000|  0%| F|  |TAMS 0x0000000705900000, 0x0000000705900000| Untracked 
|  56|0x0000000705a00000, 0x0000000705a00000, 0x0000000705b00000|  0%| F|  |TAMS 0x0000000705a00000, 0x0000000705a00000| Untracked 
|  57|0x0000000705b00000, 0x0000000705b00000, 0x0000000705c00000|  0%| F|  |TAMS 0x0000000705b00000, 0x0000000705b00000| Untracked 
|  58|0x0000000705c00000, 0x0000000705c00000, 0x0000000705d00000|  0%| F|  |TAMS 0x0000000705c00000, 0x0000000705c00000| Untracked 
|  59|0x0000000705d00000, 0x0000000705d00000, 0x0000000705e00000|  0%| F|  |TAMS 0x0000000705d00000, 0x0000000705d00000| Untracked 
|  60|0x0000000705e00000, 0x0000000705e00000, 0x0000000705f00000|  0%| F|  |TAMS 0x0000000705e00000, 0x0000000705e00000| Untracked 
|  61|0x0000000705f00000, 0x0000000705f00000, 0x0000000706000000|  0%| F|  |TAMS 0x0000000705f00000, 0x0000000705f00000| Untracked 
|  62|0x0000000706000000, 0x0000000706000000, 0x0000000706100000|  0%| F|  |TAMS 0x0000000706000000, 0x0000000706000000| Untracked 
|  63|0x0000000706100000, 0x0000000706100000, 0x0000000706200000|  0%| F|  |TAMS 0x0000000706100000, 0x0000000706100000| Untracked 
|  64|0x0000000706200000, 0x0000000706200000, 0x0000000706300000|  0%| F|  |TAMS 0x0000000706200000, 0x0000000706200000| Untracked 
|  65|0x0000000706300000, 0x0000000706300000, 0x0000000706400000|  0%| F|  |TAMS 0x0000000706300000, 0x0000000706300000| Untracked 
|  66|0x0000000706400000, 0x0000000706400000, 0x0000000706500000|  0%| F|  |TAMS 0x0000000706400000, 0x0000000706400000| Untracked 
|  67|0x0000000706500000, 0x0000000706500000, 0x0000000706600000|  0%| F|  |TAMS 0x0000000706500000, 0x0000000706500000| Untracked 
|  68|0x0000000706600000, 0x0000000706600000, 0x0000000706700000|  0%| F|  |TAMS 0x0000000706600000, 0x0000000706600000| Untracked 
|  69|0x0000000706700000, 0x0000000706700000, 0x0000000706800000|  0%| F|  |TAMS 0x0000000706700000, 0x0000000706700000| Untracked 
|  70|0x0000000706800000, 0x0000000706800000, 0x0000000706900000|  0%| F|  |TAMS 0x0000000706800000, 0x0000000706800000| Untracked 
|  71|0x0000000706900000, 0x0000000706900000, 0x0000000706a00000|  0%| F|  |TAMS 0x0000000706900000, 0x0000000706900000| Untracked 
|  72|0x0000000706a00000, 0x0000000706a00000, 0x0000000706b00000|  0%| F|  |TAMS 0x0000000706a00000, 0x0000000706a00000| Untracked 
|  73|0x0000000706b00000, 0x0000000706b00000, 0x0000000706c00000|  0%| F|  |TAMS 0x0000000706b00000, 0x0000000706b00000| Untracked 
|  74|0x0000000706c00000, 0x0000000706c00000, 0x0000000706d00000|  0%| F|  |TAMS 0x0000000706c00000, 0x0000000706c00000| Untracked 
|  75|0x0000000706d00000, 0x0000000706d00000, 0x0000000706e00000|  0%| F|  |TAMS 0x0000000706d00000, 0x0000000706d00000| Untracked 
|  76|0x0000000706e00000, 0x0000000706e00000, 0x0000000706f00000|  0%| F|  |TAMS 0x0000000706e00000, 0x0000000706e00000| Untracked 
|  77|0x0000000706f00000, 0x0000000706f00000, 0x0000000707000000|  0%| F|  |TAMS 0x0000000706f00000, 0x0000000706f00000| Untracked 
|  78|0x0000000707000000, 0x0000000707000000, 0x0000000707100000|  0%| F|  |TAMS 0x0000000707000000, 0x0000000707000000| Untracked 
|  79|0x0000000707100000, 0x0000000707100000, 0x0000000707200000|  0%| F|  |TAMS 0x0000000707100000, 0x0000000707100000| Untracked 
|  80|0x0000000707200000, 0x0000000707200000, 0x0000000707300000|  0%| F|  |TAMS 0x0000000707200000, 0x0000000707200000| Untracked 
|  81|0x0000000707300000, 0x0000000707300000, 0x0000000707400000|  0%| F|  |TAMS 0x0000000707300000, 0x0000000707300000| Untracked 
|  82|0x0000000707400000, 0x0000000707400000, 0x0000000707500000|  0%| F|  |TAMS 0x0000000707400000, 0x0000000707400000| Untracked 
|  83|0x0000000707500000, 0x0000000707500000, 0x0000000707600000|  0%| F|  |TAMS 0x0000000707500000, 0x0000000707500000| Untracked 
|  84|0x0000000707600000, 0x0000000707600000, 0x0000000707700000|  0%| F|  |TAMS 0x0000000707600000, 0x0000000707600000| Untracked 
|  85|0x0000000707700000, 0x0000000707700000, 0x0000000707800000|  0%| F|  |TAMS 0x0000000707700000, 0x0000000707700000| Untracked 
|  86|0x0000000707800000, 0x0000000707800000, 0x0000000707900000|  0%| F|  |TAMS 0x0000000707800000, 0x0000000707800000| Untracked 
|  87|0x0000000707900000, 0x0000000707900000, 0x0000000707a00000|  0%| F|  |TAMS 0x0000000707900000, 0x0000000707900000| Untracked 
|  88|0x0000000707a00000, 0x0000000707a00000, 0x0000000707b00000|  0%| F|  |TAMS 0x0000000707a00000, 0x0000000707a00000| Untracked 
|  89|0x0000000707b00000, 0x0000000707b00000, 0x0000000707c00000|  0%| F|  |TAMS 0x0000000707b00000, 0x0000000707b00000| Untracked 
|  90|0x0000000707c00000, 0x0000000707c00000, 0x0000000707d00000|  0%| F|  |TAMS 0x0000000707c00000, 0x0000000707c00000| Untracked 
|  91|0x0000000707d00000, 0x0000000707d00000, 0x0000000707e00000|  0%| F|  |TAMS 0x0000000707d00000, 0x0000000707d00000| Untracked 
|  92|0x0000000707e00000, 0x0000000707e00000, 0x0000000707f00000|  0%| F|  |TAMS 0x0000000707e00000, 0x0000000707e00000| Untracked 
|  93|0x0000000707f00000, 0x0000000707f00000, 0x0000000708000000|  0%| F|  |TAMS 0x0000000707f00000, 0x0000000707f00000| Untracked 
|  94|0x0000000708000000, 0x0000000708000000, 0x0000000708100000|  0%| F|  |TAMS 0x0000000708000000, 0x0000000708000000| Untracked 
|  95|0x0000000708100000, 0x0000000708100000, 0x0000000708200000|  0%| F|  |TAMS 0x0000000708100000, 0x0000000708100000| Untracked 
|  96|0x0000000708200000, 0x0000000708200000, 0x0000000708300000|  0%| F|  |TAMS 0x0000000708200000, 0x0000000708200000| Untracked 
|  97|0x0000000708300000, 0x0000000708300000, 0x0000000708400000|  0%| F|  |TAMS 0x0000000708300000, 0x0000000708300000| Untracked 
|  98|0x0000000708400000, 0x0000000708400000, 0x0000000708500000|  0%| F|  |TAMS 0x0000000708400000, 0x0000000708400000| Untracked 
|  99|0x0000000708500000, 0x0000000708500000, 0x0000000708600000|  0%| F|  |TAMS 0x0000000708500000, 0x0000000708500000| Untracked 
| 100|0x0000000708600000, 0x0000000708600000, 0x0000000708700000|  0%| F|  |TAMS 0x0000000708600000, 0x0000000708600000| Untracked 
| 101|0x0000000708700000, 0x0000000708700000, 0x0000000708800000|  0%| F|  |TAMS 0x0000000708700000, 0x0000000708700000| Untracked 
| 102|0x0000000708800000, 0x0000000708800000, 0x0000000708900000|  0%| F|  |TAMS 0x0000000708800000, 0x0000000708800000| Untracked 
| 103|0x0000000708900000, 0x000000070893b8f8, 0x0000000708a00000| 23%| S|CS|TAMS 0x0000000708900000, 0x0000000708900000| Complete 
| 104|0x0000000708a00000, 0x0000000708b00000, 0x0000000708b00000|100%| S|CS|TAMS 0x0000000708a00000, 0x0000000708a00000| Complete 
| 105|0x0000000708b00000, 0x0000000708c00000, 0x0000000708c00000|100%| S|CS|TAMS 0x0000000708b00000, 0x0000000708b00000| Complete 
| 106|0x0000000708c00000, 0x0000000708d00000, 0x0000000708d00000|100%| S|CS|TAMS 0x0000000708c00000, 0x0000000708c00000| Complete 
| 107|0x0000000708d00000, 0x0000000708e00000, 0x0000000708e00000|100%| S|CS|TAMS 0x0000000708d00000, 0x0000000708d00000| Complete 
| 108|0x0000000708e00000, 0x0000000708f00000, 0x0000000708f00000|100%| S|CS|TAMS 0x0000000708e00000, 0x0000000708e00000| Complete 
| 109|0x0000000708f00000, 0x0000000708f00000, 0x0000000709000000|  0%| F|  |TAMS 0x0000000708f00000, 0x0000000708f00000| Untracked 
| 110|0x0000000709000000, 0x0000000709000000, 0x0000000709100000|  0%| F|  |TAMS 0x0000000709000000, 0x0000000709000000| Untracked 
| 111|0x0000000709100000, 0x0000000709100000, 0x0000000709200000|  0%| F|  |TAMS 0x0000000709100000, 0x0000000709100000| Untracked 
| 112|0x0000000709200000, 0x0000000709200000, 0x0000000709300000|  0%| F|  |TAMS 0x0000000709200000, 0x0000000709200000| Untracked 
| 113|0x0000000709300000, 0x0000000709300000, 0x0000000709400000|  0%| F|  |TAMS 0x0000000709300000, 0x0000000709300000| Untracked 
| 114|0x0000000709400000, 0x0000000709400000, 0x0000000709500000|  0%| F|  |TAMS 0x0000000709400000, 0x0000000709400000| Untracked 
| 115|0x0000000709500000, 0x0000000709500000, 0x0000000709600000|  0%| F|  |TAMS 0x0000000709500000, 0x0000000709500000| Untracked 
| 116|0x0000000709600000, 0x0000000709600000, 0x0000000709700000|  0%| F|  |TAMS 0x0000000709600000, 0x0000000709600000| Untracked 
| 117|0x0000000709700000, 0x0000000709700000, 0x0000000709800000|  0%| F|  |TAMS 0x0000000709700000, 0x0000000709700000| Untracked 
| 118|0x0000000709800000, 0x0000000709800000, 0x0000000709900000|  0%| F|  |TAMS 0x0000000709800000, 0x0000000709800000| Untracked 
| 119|0x0000000709900000, 0x0000000709900000, 0x0000000709a00000|  0%| F|  |TAMS 0x0000000709900000, 0x0000000709900000| Untracked 
| 120|0x0000000709a00000, 0x0000000709a00000, 0x0000000709b00000|  0%| F|  |TAMS 0x0000000709a00000, 0x0000000709a00000| Untracked 
| 121|0x0000000709b00000, 0x0000000709b00000, 0x0000000709c00000|  0%| F|  |TAMS 0x0000000709b00000, 0x0000000709b00000| Untracked 
| 122|0x0000000709c00000, 0x0000000709c00000, 0x0000000709d00000|  0%| F|  |TAMS 0x0000000709c00000, 0x0000000709c00000| Untracked 
| 123|0x0000000709d00000, 0x0000000709d00000, 0x0000000709e00000|  0%| F|  |TAMS 0x0000000709d00000, 0x0000000709d00000| Untracked 
| 124|0x0000000709e00000, 0x0000000709e00000, 0x0000000709f00000|  0%| F|  |TAMS 0x0000000709e00000, 0x0000000709e00000| Untracked 
| 125|0x0000000709f00000, 0x0000000709f00000, 0x000000070a000000|  0%| F|  |TAMS 0x0000000709f00000, 0x0000000709f00000| Untracked 
| 126|0x000000070a000000, 0x000000070a000000, 0x000000070a100000|  0%| F|  |TAMS 0x000000070a000000, 0x000000070a000000| Untracked 
| 127|0x000000070a100000, 0x000000070a100000, 0x000000070a200000|  0%| F|  |TAMS 0x000000070a100000, 0x000000070a100000| Untracked 
| 128|0x000000070a200000, 0x000000070a200000, 0x000000070a300000|  0%| F|  |TAMS 0x000000070a200000, 0x000000070a200000| Untracked 
| 129|0x000000070a300000, 0x000000070a300000, 0x000000070a400000|  0%| F|  |TAMS 0x000000070a300000, 0x000000070a300000| Untracked 
| 130|0x000000070a400000, 0x000000070a400000, 0x000000070a500000|  0%| F|  |TAMS 0x000000070a400000, 0x000000070a400000| Untracked 
| 131|0x000000070a500000, 0x000000070a500000, 0x000000070a600000|  0%| F|  |TAMS 0x000000070a500000, 0x000000070a500000| Untracked 
| 132|0x000000070a600000, 0x000000070a600000, 0x000000070a700000|  0%| F|  |TAMS 0x000000070a600000, 0x000000070a600000| Untracked 
| 133|0x000000070a700000, 0x000000070a700000, 0x000000070a800000|  0%| F|  |TAMS 0x000000070a700000, 0x000000070a700000| Untracked 
| 134|0x000000070a800000, 0x000000070a800000, 0x000000070a900000|  0%| F|  |TAMS 0x000000070a800000, 0x000000070a800000| Untracked 
| 135|0x000000070a900000, 0x000000070a900000, 0x000000070aa00000|  0%| F|  |TAMS 0x000000070a900000, 0x000000070a900000| Untracked 
| 136|0x000000070aa00000, 0x000000070aa00000, 0x000000070ab00000|  0%| F|  |TAMS 0x000000070aa00000, 0x000000070aa00000| Untracked 
| 137|0x000000070ab00000, 0x000000070ab00000, 0x000000070ac00000|  0%| F|  |TAMS 0x000000070ab00000, 0x000000070ab00000| Untracked 
| 138|0x000000070ac00000, 0x000000070ac00000, 0x000000070ad00000|  0%| F|  |TAMS 0x000000070ac00000, 0x000000070ac00000| Untracked 
| 139|0x000000070ad00000, 0x000000070ad00000, 0x000000070ae00000|  0%| F|  |TAMS 0x000000070ad00000, 0x000000070ad00000| Untracked 
| 140|0x000000070ae00000, 0x000000070ae00000, 0x000000070af00000|  0%| F|  |TAMS 0x000000070ae00000, 0x000000070ae00000| Untracked 
| 141|0x000000070af00000, 0x000000070af00000, 0x000000070b000000|  0%| F|  |TAMS 0x000000070af00000, 0x000000070af00000| Untracked 
| 142|0x000000070b000000, 0x000000070b000000, 0x000000070b100000|  0%| F|  |TAMS 0x000000070b000000, 0x000000070b000000| Untracked 
| 143|0x000000070b100000, 0x000000070b100000, 0x000000070b200000|  0%| F|  |TAMS 0x000000070b100000, 0x000000070b100000| Untracked 
| 144|0x000000070b200000, 0x000000070b200000, 0x000000070b300000|  0%| F|  |TAMS 0x000000070b200000, 0x000000070b200000| Untracked 
| 145|0x000000070b300000, 0x000000070b300000, 0x000000070b400000|  0%| F|  |TAMS 0x000000070b300000, 0x000000070b300000| Untracked 
| 146|0x000000070b400000, 0x000000070b400000, 0x000000070b500000|  0%| F|  |TAMS 0x000000070b400000, 0x000000070b400000| Untracked 
| 147|0x000000070b500000, 0x000000070b500000, 0x000000070b600000|  0%| F|  |TAMS 0x000000070b500000, 0x000000070b500000| Untracked 
| 148|0x000000070b600000, 0x000000070b600000, 0x000000070b700000|  0%| F|  |TAMS 0x000000070b600000, 0x000000070b600000| Untracked 
| 149|0x000000070b700000, 0x000000070b700000, 0x000000070b800000|  0%| F|  |TAMS 0x000000070b700000, 0x000000070b700000| Untracked 
| 150|0x000000070b800000, 0x000000070b800000, 0x000000070b900000|  0%| F|  |TAMS 0x000000070b800000, 0x000000070b800000| Untracked 
| 151|0x000000070b900000, 0x000000070b900000, 0x000000070ba00000|  0%| F|  |TAMS 0x000000070b900000, 0x000000070b900000| Untracked 
| 152|0x000000070ba00000, 0x000000070ba00000, 0x000000070bb00000|  0%| F|  |TAMS 0x000000070ba00000, 0x000000070ba00000| Untracked 
| 153|0x000000070bb00000, 0x000000070bb00000, 0x000000070bc00000|  0%| F|  |TAMS 0x000000070bb00000, 0x000000070bb00000| Untracked 
| 154|0x000000070bc00000, 0x000000070bc00000, 0x000000070bd00000|  0%| F|  |TAMS 0x000000070bc00000, 0x000000070bc00000| Untracked 
| 155|0x000000070bd00000, 0x000000070bd00000, 0x000000070be00000|  0%| F|  |TAMS 0x000000070bd00000, 0x000000070bd00000| Untracked 
| 156|0x000000070be00000, 0x000000070be00000, 0x000000070bf00000|  0%| F|  |TAMS 0x000000070be00000, 0x000000070be00000| Untracked 
| 157|0x000000070bf00000, 0x000000070bf00000, 0x000000070c000000|  0%| F|  |TAMS 0x000000070bf00000, 0x000000070bf00000| Untracked 
| 158|0x000000070c000000, 0x000000070c000000, 0x000000070c100000|  0%| F|  |TAMS 0x000000070c000000, 0x000000070c000000| Untracked 
| 159|0x000000070c100000, 0x000000070c100000, 0x000000070c200000|  0%| F|  |TAMS 0x000000070c100000, 0x000000070c100000| Untracked 
| 160|0x000000070c200000, 0x000000070c200000, 0x000000070c300000|  0%| F|  |TAMS 0x000000070c200000, 0x000000070c200000| Untracked 
| 161|0x000000070c300000, 0x000000070c300000, 0x000000070c400000|  0%| F|  |TAMS 0x000000070c300000, 0x000000070c300000| Untracked 
| 162|0x000000070c400000, 0x000000070c400000, 0x000000070c500000|  0%| F|  |TAMS 0x000000070c400000, 0x000000070c400000| Untracked 
| 163|0x000000070c500000, 0x000000070c500000, 0x000000070c600000|  0%| F|  |TAMS 0x000000070c500000, 0x000000070c500000| Untracked 
| 164|0x000000070c600000, 0x000000070c600000, 0x000000070c700000|  0%| F|  |TAMS 0x000000070c600000, 0x000000070c600000| Untracked 
| 165|0x000000070c700000, 0x000000070c700000, 0x000000070c800000|  0%| F|  |TAMS 0x000000070c700000, 0x000000070c700000| Untracked 
| 166|0x000000070c800000, 0x000000070c800000, 0x000000070c900000|  0%| F|  |TAMS 0x000000070c800000, 0x000000070c800000| Untracked 
| 167|0x000000070c900000, 0x000000070c900000, 0x000000070ca00000|  0%| F|  |TAMS 0x000000070c900000, 0x000000070c900000| Untracked 
| 168|0x000000070ca00000, 0x000000070ca00000, 0x000000070cb00000|  0%| F|  |TAMS 0x000000070ca00000, 0x000000070ca00000| Untracked 
| 169|0x000000070cb00000, 0x000000070cb00000, 0x000000070cc00000|  0%| F|  |TAMS 0x000000070cb00000, 0x000000070cb00000| Untracked 
| 170|0x000000070cc00000, 0x000000070cc00000, 0x000000070cd00000|  0%| F|  |TAMS 0x000000070cc00000, 0x000000070cc00000| Untracked 
| 171|0x000000070cd00000, 0x000000070cd00000, 0x000000070ce00000|  0%| F|  |TAMS 0x000000070cd00000, 0x000000070cd00000| Untracked 
| 172|0x000000070ce00000, 0x000000070ce00000, 0x000000070cf00000|  0%| F|  |TAMS 0x000000070ce00000, 0x000000070ce00000| Untracked 
| 173|0x000000070cf00000, 0x000000070cf00000, 0x000000070d000000|  0%| F|  |TAMS 0x000000070cf00000, 0x000000070cf00000| Untracked 
| 174|0x000000070d000000, 0x000000070d000000, 0x000000070d100000|  0%| F|  |TAMS 0x000000070d000000, 0x000000070d000000| Untracked 
| 175|0x000000070d100000, 0x000000070d100000, 0x000000070d200000|  0%| F|  |TAMS 0x000000070d100000, 0x000000070d100000| Untracked 
| 176|0x000000070d200000, 0x000000070d200000, 0x000000070d300000|  0%| F|  |TAMS 0x000000070d200000, 0x000000070d200000| Untracked 
| 177|0x000000070d300000, 0x000000070d300000, 0x000000070d400000|  0%| F|  |TAMS 0x000000070d300000, 0x000000070d300000| Untracked 
| 178|0x000000070d400000, 0x000000070d400000, 0x000000070d500000|  0%| F|  |TAMS 0x000000070d400000, 0x000000070d400000| Untracked 
| 179|0x000000070d500000, 0x000000070d500000, 0x000000070d600000|  0%| F|  |TAMS 0x000000070d500000, 0x000000070d500000| Untracked 
| 180|0x000000070d600000, 0x000000070d600000, 0x000000070d700000|  0%| F|  |TAMS 0x000000070d600000, 0x000000070d600000| Untracked 
| 181|0x000000070d700000, 0x000000070d700000, 0x000000070d800000|  0%| F|  |TAMS 0x000000070d700000, 0x000000070d700000| Untracked 
| 182|0x000000070d800000, 0x000000070d800000, 0x000000070d900000|  0%| F|  |TAMS 0x000000070d800000, 0x000000070d800000| Untracked 
| 183|0x000000070d900000, 0x000000070d900000, 0x000000070da00000|  0%| F|  |TAMS 0x000000070d900000, 0x000000070d900000| Untracked 
| 184|0x000000070da00000, 0x000000070da00000, 0x000000070db00000|  0%| F|  |TAMS 0x000000070da00000, 0x000000070da00000| Untracked 
| 185|0x000000070db00000, 0x000000070db00000, 0x000000070dc00000|  0%| F|  |TAMS 0x000000070db00000, 0x000000070db00000| Untracked 
| 186|0x000000070dc00000, 0x000000070dc00000, 0x000000070dd00000|  0%| F|  |TAMS 0x000000070dc00000, 0x000000070dc00000| Untracked 
| 187|0x000000070dd00000, 0x000000070dd00000, 0x000000070de00000|  0%| F|  |TAMS 0x000000070dd00000, 0x000000070dd00000| Untracked 
| 188|0x000000070de00000, 0x000000070de00000, 0x000000070df00000|  0%| F|  |TAMS 0x000000070de00000, 0x000000070de00000| Untracked 
| 189|0x000000070df00000, 0x000000070df00000, 0x000000070e000000|  0%| F|  |TAMS 0x000000070df00000, 0x000000070df00000| Untracked 
| 190|0x000000070e000000, 0x000000070e000000, 0x000000070e100000|  0%| F|  |TAMS 0x000000070e000000, 0x000000070e000000| Untracked 
| 191|0x000000070e100000, 0x000000070e100000, 0x000000070e200000|  0%| F|  |TAMS 0x000000070e100000, 0x000000070e100000| Untracked 
| 192|0x000000070e200000, 0x000000070e200000, 0x000000070e300000|  0%| F|  |TAMS 0x000000070e200000, 0x000000070e200000| Untracked 
| 193|0x000000070e300000, 0x000000070e300000, 0x000000070e400000|  0%| F|  |TAMS 0x000000070e300000, 0x000000070e300000| Untracked 
| 194|0x000000070e400000, 0x000000070e400000, 0x000000070e500000|  0%| F|  |TAMS 0x000000070e400000, 0x000000070e400000| Untracked 
| 195|0x000000070e500000, 0x000000070e500000, 0x000000070e600000|  0%| F|  |TAMS 0x000000070e500000, 0x000000070e500000| Untracked 
| 196|0x000000070e600000, 0x000000070e600000, 0x000000070e700000|  0%| F|  |TAMS 0x000000070e600000, 0x000000070e600000| Untracked 
| 197|0x000000070e700000, 0x000000070e700000, 0x000000070e800000|  0%| F|  |TAMS 0x000000070e700000, 0x000000070e700000| Untracked 
| 198|0x000000070e800000, 0x000000070e800000, 0x000000070e900000|  0%| F|  |TAMS 0x000000070e800000, 0x000000070e800000| Untracked 
| 199|0x000000070e900000, 0x000000070e900000, 0x000000070ea00000|  0%| F|  |TAMS 0x000000070e900000, 0x000000070e900000| Untracked 
| 200|0x000000070ea00000, 0x000000070ea00000, 0x000000070eb00000|  0%| F|  |TAMS 0x000000070ea00000, 0x000000070ea00000| Untracked 
| 201|0x000000070eb00000, 0x000000070eb00000, 0x000000070ec00000|  0%| F|  |TAMS 0x000000070eb00000, 0x000000070eb00000| Untracked 
| 202|0x000000070ec00000, 0x000000070ec00000, 0x000000070ed00000|  0%| F|  |TAMS 0x000000070ec00000, 0x000000070ec00000| Untracked 
| 203|0x000000070ed00000, 0x000000070ed00000, 0x000000070ee00000|  0%| F|  |TAMS 0x000000070ed00000, 0x000000070ed00000| Untracked 
| 204|0x000000070ee00000, 0x000000070ee00000, 0x000000070ef00000|  0%| F|  |TAMS 0x000000070ee00000, 0x000000070ee00000| Untracked 
| 205|0x000000070ef00000, 0x000000070ef00000, 0x000000070f000000|  0%| F|  |TAMS 0x000000070ef00000, 0x000000070ef00000| Untracked 
| 206|0x000000070f000000, 0x000000070f000000, 0x000000070f100000|  0%| F|  |TAMS 0x000000070f000000, 0x000000070f000000| Untracked 
| 207|0x000000070f100000, 0x000000070f100000, 0x000000070f200000|  0%| F|  |TAMS 0x000000070f100000, 0x000000070f100000| Untracked 
| 208|0x000000070f200000, 0x000000070f200000, 0x000000070f300000|  0%| F|  |TAMS 0x000000070f200000, 0x000000070f200000| Untracked 
| 209|0x000000070f300000, 0x000000070f300000, 0x000000070f400000|  0%| F|  |TAMS 0x000000070f300000, 0x000000070f300000| Untracked 
| 210|0x000000070f400000, 0x000000070f400000, 0x000000070f500000|  0%| F|  |TAMS 0x000000070f400000, 0x000000070f400000| Untracked 
| 211|0x000000070f500000, 0x000000070f500000, 0x000000070f600000|  0%| F|  |TAMS 0x000000070f500000, 0x000000070f500000| Untracked 
| 212|0x000000070f600000, 0x000000070f600000, 0x000000070f700000|  0%| F|  |TAMS 0x000000070f600000, 0x000000070f600000| Untracked 
| 213|0x000000070f700000, 0x000000070f700000, 0x000000070f800000|  0%| F|  |TAMS 0x000000070f700000, 0x000000070f700000| Untracked 
| 214|0x000000070f800000, 0x000000070f800000, 0x000000070f900000|  0%| F|  |TAMS 0x000000070f800000, 0x000000070f800000| Untracked 
| 215|0x000000070f900000, 0x000000070f900000, 0x000000070fa00000|  0%| F|  |TAMS 0x000000070f900000, 0x000000070f900000| Untracked 
| 216|0x000000070fa00000, 0x000000070fa00000, 0x000000070fb00000|  0%| F|  |TAMS 0x000000070fa00000, 0x000000070fa00000| Untracked 
| 217|0x000000070fb00000, 0x000000070fb00000, 0x000000070fc00000|  0%| F|  |TAMS 0x000000070fb00000, 0x000000070fb00000| Untracked 
| 218|0x000000070fc00000, 0x000000070fc00000, 0x000000070fd00000|  0%| F|  |TAMS 0x000000070fc00000, 0x000000070fc00000| Untracked 
| 219|0x000000070fd00000, 0x000000070fd00000, 0x000000070fe00000|  0%| F|  |TAMS 0x000000070fd00000, 0x000000070fd00000| Untracked 
| 220|0x000000070fe00000, 0x000000070fe00000, 0x000000070ff00000|  0%| F|  |TAMS 0x000000070fe00000, 0x000000070fe00000| Untracked 
| 221|0x000000070ff00000, 0x000000070ff00000, 0x0000000710000000|  0%| F|  |TAMS 0x000000070ff00000, 0x000000070ff00000| Untracked 
| 222|0x0000000710000000, 0x0000000710000000, 0x0000000710100000|  0%| F|  |TAMS 0x0000000710000000, 0x0000000710000000| Untracked 
| 223|0x0000000710100000, 0x0000000710100000, 0x0000000710200000|  0%| F|  |TAMS 0x0000000710100000, 0x0000000710100000| Untracked 
| 224|0x0000000710200000, 0x0000000710200000, 0x0000000710300000|  0%| F|  |TAMS 0x0000000710200000, 0x0000000710200000| Untracked 
| 225|0x0000000710300000, 0x0000000710300000, 0x0000000710400000|  0%| F|  |TAMS 0x0000000710300000, 0x0000000710300000| Untracked 
| 226|0x0000000710400000, 0x0000000710400000, 0x0000000710500000|  0%| F|  |TAMS 0x0000000710400000, 0x0000000710400000| Untracked 
| 227|0x0000000710500000, 0x0000000710500000, 0x0000000710600000|  0%| F|  |TAMS 0x0000000710500000, 0x0000000710500000| Untracked 
| 228|0x0000000710600000, 0x0000000710600000, 0x0000000710700000|  0%| F|  |TAMS 0x0000000710600000, 0x0000000710600000| Untracked 
| 229|0x0000000710700000, 0x0000000710700000, 0x0000000710800000|  0%| F|  |TAMS 0x0000000710700000, 0x0000000710700000| Untracked 
| 230|0x0000000710800000, 0x0000000710800000, 0x0000000710900000|  0%| F|  |TAMS 0x0000000710800000, 0x0000000710800000| Untracked 
| 231|0x0000000710900000, 0x0000000710900000, 0x0000000710a00000|  0%| F|  |TAMS 0x0000000710900000, 0x0000000710900000| Untracked 
| 232|0x0000000710a00000, 0x0000000710a80800, 0x0000000710b00000| 50%| E|  |TAMS 0x0000000710a00000, 0x0000000710a00000| Complete 
| 233|0x0000000710b00000, 0x0000000710c00000, 0x0000000710c00000|100%| E|CS|TAMS 0x0000000710b00000, 0x0000000710b00000| Complete 
| 234|0x0000000710c00000, 0x0000000710d00000, 0x0000000710d00000|100%| E|CS|TAMS 0x0000000710c00000, 0x0000000710c00000| Complete 
| 235|0x0000000710d00000, 0x0000000710e00000, 0x0000000710e00000|100%| E|CS|TAMS 0x0000000710d00000, 0x0000000710d00000| Complete 
| 236|0x0000000710e00000, 0x0000000710f00000, 0x0000000710f00000|100%| E|CS|TAMS 0x0000000710e00000, 0x0000000710e00000| Complete 
| 237|0x0000000710f00000, 0x0000000711000000, 0x0000000711000000|100%| E|CS|TAMS 0x0000000710f00000, 0x0000000710f00000| Complete 
| 238|0x0000000711000000, 0x0000000711100000, 0x0000000711100000|100%| E|CS|TAMS 0x0000000711000000, 0x0000000711000000| Complete 
| 239|0x0000000711100000, 0x0000000711200000, 0x0000000711200000|100%| E|CS|TAMS 0x0000000711100000, 0x0000000711100000| Complete 
| 240|0x0000000711200000, 0x0000000711300000, 0x0000000711300000|100%| E|CS|TAMS 0x0000000711200000, 0x0000000711200000| Complete 
| 241|0x0000000711300000, 0x0000000711400000, 0x0000000711400000|100%| E|CS|TAMS 0x0000000711300000, 0x0000000711300000| Complete 
| 242|0x0000000711400000, 0x0000000711500000, 0x0000000711500000|100%| E|CS|TAMS 0x0000000711400000, 0x0000000711400000| Complete 
| 243|0x0000000711500000, 0x0000000711600000, 0x0000000711600000|100%| E|CS|TAMS 0x0000000711500000, 0x0000000711500000| Complete 
| 244|0x0000000711600000, 0x0000000711700000, 0x0000000711700000|100%| E|CS|TAMS 0x0000000711600000, 0x0000000711600000| Complete 
| 245|0x0000000711700000, 0x0000000711800000, 0x0000000711800000|100%| E|CS|TAMS 0x0000000711700000, 0x0000000711700000| Complete 
| 246|0x0000000711800000, 0x0000000711900000, 0x0000000711900000|100%| E|CS|TAMS 0x0000000711800000, 0x0000000711800000| Complete 
| 247|0x0000000711900000, 0x0000000711a00000, 0x0000000711a00000|100%| E|CS|TAMS 0x0000000711900000, 0x0000000711900000| Complete 
| 248|0x0000000711a00000, 0x0000000711b00000, 0x0000000711b00000|100%| E|CS|TAMS 0x0000000711a00000, 0x0000000711a00000| Complete 
| 249|0x0000000711b00000, 0x0000000711c00000, 0x0000000711c00000|100%| E|CS|TAMS 0x0000000711b00000, 0x0000000711b00000| Complete 
| 250|0x0000000711c00000, 0x0000000711d00000, 0x0000000711d00000|100%| E|CS|TAMS 0x0000000711c00000, 0x0000000711c00000| Complete 
| 251|0x0000000711d00000, 0x0000000711e00000, 0x0000000711e00000|100%| E|CS|TAMS 0x0000000711d00000, 0x0000000711d00000| Complete 
| 252|0x0000000711e00000, 0x0000000711f00000, 0x0000000711f00000|100%| E|CS|TAMS 0x0000000711e00000, 0x0000000711e00000| Complete 
| 253|0x0000000711f00000, 0x0000000712000000, 0x0000000712000000|100%| E|CS|TAMS 0x0000000711f00000, 0x0000000711f00000| Complete 

Card table byte_map: [0x0000020ea47c0000,0x0000020ea4fb0000] _byte_map_base: 0x0000020ea0faf000

Marking Bits (Prev, Next): (CMBitMap*) 0x0000020e8d40dd20, (CMBitMap*) 0x0000020e8d40dce8
 Prev Bits: [0x0000020ea9720000, 0x0000020ead698000)
 Next Bits: [0x0000020ea57a0000, 0x0000020ea9718000)

Polling page: 0x0000020e8b0a0000

Metaspace:

Usage:
  Non-class:     19.33 MB capacity,    18.94 MB ( 98%) used,   336.44 KB (  2%) free+waste,    64.69 KB ( <1%) overhead. 
      Class:      2.38 MB capacity,     2.15 MB ( 90%) used,   200.20 KB (  8%) free+waste,    32.69 KB (  1%) overhead. 
       Both:     21.71 MB capacity,    21.09 MB ( 97%) used,   536.64 KB (  2%) free+waste,    97.38 KB ( <1%) overhead. 

Virtual space:
  Non-class space:       20.00 MB reserved,      19.50 MB ( 98%) committed 
      Class space:        1.00 GB reserved,       2.50 MB ( <1%) committed 
             Both:        1.02 GB reserved,      22.00 MB (  2%) committed 

Chunk freelists:
   Non-Class:  5.75 KB
       Class:  0 bytes
        Both:  5.75 KB

CodeHeap 'non-profiled nmethods': size=120000Kb used=1382Kb max_used=1382Kb free=118617Kb
 bounds [0x0000020e9c550000, 0x0000020e9c7c0000, 0x0000020ea3a80000]
CodeHeap 'profiled nmethods': size=120000Kb used=5511Kb max_used=5511Kb free=114488Kb
 bounds [0x0000020e95020000, 0x0000020e95590000, 0x0000020e9c550000]
CodeHeap 'non-nmethods': size=5760Kb used=1117Kb max_used=1175Kb free=4642Kb
 bounds [0x0000020e94a80000, 0x0000020e94cf0000, 0x0000020e95020000]
 total_blobs=2826 nmethods=2393 adapters=344
 compilation: enabled
              stopped_count=0, restarted_count=0
 full_count=0

Compilation events (10 events):
Event: 1.832 Thread 0x0000020eb0d1a000 2377       2       org.springframework.core.annotation.RepeatableContainers::standardRepeatables (13 bytes)
Event: 1.832 Thread 0x0000020eb0d1a000 nmethod 2377 0x0000020e95571090 code [0x0000020e95571240, 0x0000020e955713b8]
Event: 1.832 Thread 0x0000020eb0d1a000 2378       2       org.springframework.core.annotation.RepeatableContainers$StandardRepeatableContainers::access$000 (13 bytes)
Event: 1.832 Thread 0x0000020eb0d1a000 nmethod 2378 0x0000020e95571510 code [0x0000020e955716c0, 0x0000020e955717e8]
Event: 1.842 Thread 0x0000020eb0d1a000 2379       2       java.lang.reflect.Constructor::setAccessible (21 bytes)
Event: 1.842 Thread 0x0000020eb0d1a000 nmethod 2379 0x0000020e95571910 code [0x0000020e95571ae0, 0x0000020e95571d78]
Event: 1.842 Thread 0x0000020eb0d1a000 2380       2       java.lang.reflect.Constructor::checkCanSetAccessible (29 bytes)
Event: 1.842 Thread 0x0000020eb0d1a000 nmethod 2380 0x0000020e95571f10 code [0x0000020e955720c0, 0x0000020e955722d8]
Event: 1.861 Thread 0x0000020eb0d1a000 2381       2       org.springframework.util.ConcurrentReferenceHashMap$ReferenceManager::<init> (33 bytes)
Event: 1.862 Thread 0x0000020eb0d1a000 nmethod 2381 0x0000020e95572410 code [0x0000020e955725c0, 0x0000020e95572948]

GC Heap History (4 events):
Event: 0.421 GC heap before
{Heap before GC invocations=0 (full 0):
 garbage-first heap   total 260096K, used 24576K [0x0000000702200000, 0x0000000800000000)
  region size 1024K, 24 young (24576K), 0 survivors (0K)
 Metaspace       used 10643K, capacity 10828K, committed 11008K, reserved 1058816K
  class space    used 961K, capacity 1012K, committed 1024K, reserved 1048576K
}
Event: 0.424 GC heap after
{Heap after GC invocations=1 (full 0):
 garbage-first heap   total 260096K, used 7218K [0x0000000702200000, 0x0000000800000000)
  region size 1024K, 3 young (3072K), 3 survivors (3072K)
 Metaspace       used 10643K, capacity 10828K, committed 11008K, reserved 1058816K
  class space    used 961K, capacity 1012K, committed 1024K, reserved 1048576K
}
Event: 1.719 GC heap before
{Heap before GC invocations=1 (full 0):
 garbage-first heap   total 260096K, used 151602K [0x0000000702200000, 0x0000000800000000)
  region size 1024K, 145 young (148480K), 3 survivors (3072K)
 Metaspace       used 20517K, capacity 21121K, committed 21248K, reserved 1069056K
  class space    used 2056K, capacity 2275K, committed 2304K, reserved 1048576K
}
Event: 1.726 GC heap after
{Heap after GC invocations=2 (full 0):
 garbage-first heap   total 260096K, used 9504K [0x0000000702200000, 0x0000000800000000)
  region size 1024K, 6 young (6144K), 6 survivors (6144K)
 Metaspace       used 20517K, capacity 21121K, committed 21248K, reserved 1069056K
  class space    used 2056K, capacity 2275K, committed 2304K, reserved 1048576K
}

Deoptimization events (10 events):
Event: 1.319 Thread 0x0000020e8d3ae000 Uncommon trap: reason=bimorphic_or_optimized_type_check action=maybe_recompile pc=0x0000020e9c5f34a4 method=java.util.HashMap.getNode(ILjava/lang/Object;)Ljava/util/HashMap$Node; @ 126 c2
Event: 1.383 Thread 0x0000020e8d3ae000 Uncommon trap: reason=profile_predicate action=maybe_recompile pc=0x0000020e9c658c2c method=org.jacoco.agent.rt.internal_3570298.asm.MethodWriter.putFrame()V @ 253 c2
Event: 1.385 Thread 0x0000020e8d3ae000 Uncommon trap: reason=profile_predicate action=maybe_recompile pc=0x0000020e9c658c2c method=org.jacoco.agent.rt.internal_3570298.asm.MethodWriter.putFrame()V @ 253 c2
Event: 1.385 Thread 0x0000020e8d3ae000 Uncommon trap: reason=profile_predicate action=maybe_recompile pc=0x0000020e9c658c2c method=org.jacoco.agent.rt.internal_3570298.asm.MethodWriter.putFrame()V @ 253 c2
Event: 1.386 Thread 0x0000020e8d3ae000 Uncommon trap: reason=profile_predicate action=maybe_recompile pc=0x0000020e9c658c2c method=org.jacoco.agent.rt.internal_3570298.asm.MethodWriter.putFrame()V @ 253 c2
Event: 1.421 Thread 0x0000020e8d3ae000 Uncommon trap: reason=unstable_if action=reinterpret pc=0x0000020e9c572028 method=java.util.zip.ZipFile$Source.getEntryPos([BZ)I @ 156 c2
Event: 1.421 Thread 0x0000020e8d3ae000 Uncommon trap: reason=unstable_if action=reinterpret pc=0x0000020e9c6423d0 method=java.io.WinNTFileSystem.normalize(Ljava/lang/String;)Ljava/lang/String; @ 128 c2
Event: 1.440 Thread 0x0000020e8d3ae000 Uncommon trap: reason=unstable_if action=reinterpret pc=0x0000020e9c64f520 method=org.jacoco.agent.rt.internal_3570298.asm.commons.AnalyzerAdapter.execute(IILjava/lang/String;)V @ 1753 c2
Event: 1.487 Thread 0x0000020e8d3ae000 Uncommon trap: reason=class_check action=maybe_recompile pc=0x0000020e9c5ff764 method=java.util.HashMap.putVal(ILjava/lang/Object;Ljava/lang/Object;ZZ)Ljava/lang/Object; @ 203 c2
Event: 1.582 Thread 0x0000020e8d3ae000 Uncommon trap: reason=unstable_if action=reinterpret pc=0x0000020e9c663334 method=sun.reflect.generics.parser.SignatureParser.current()C @ 39 c2

Classes redefined (0 events):
No events

Internal exceptions (10 events):
Event: 1.154 Thread 0x0000020e8d3ae000 Exception <a 'java/lang/NoSuchMethodError'{0x000000070dcdd8c8}: org.slf4j.impl.StaticMDCBinder.getSingleton()Lorg/slf4j/impl/StaticMDCBinder;> (0x000000070dcdd8c8) thrown at [./open/src/hotspot/share/interpreter/linkResolver.cpp, line 772]
Event: 1.233 Thread 0x0000020e8d3ae000 Exception <a 'java/lang/NoSuchMethodError'{0x000000070d16bc40}: java.lang.invoke.DirectMethodHandle$Holder.invokeVirtual(Ljava/lang/Object;Ljava/lang/Object;Ljava/lang/Object;)Ljava/lang/Object;> (0x000000070d16bc40) thrown at [./open/src/hotspot/share/in
Event: 1.255 Thread 0x0000020e8d3ae000 Exception <a 'java/lang/NoSuchMethodError'{0x000000070ce8f648}: java.lang.invoke.DirectMethodHandle$Holder.invokeInterface(Ljava/lang/Object;Ljava/lang/Object;)I> (0x000000070ce8f648) thrown at [./open/src/hotspot/share/interpreter/linkResolver.cpp, line 
Event: 1.367 Thread 0x0000020e8d3ae000 Exception <a 'java/lang/NoSuchMethodError'{0x000000070c14a250}: java.lang.invoke.DirectMethodHandle$Holder.invokeStatic(Ljava/lang/Object;Ljava/lang/Object;Ljava/lang/Object;Ljava/lang/Object;Ljava/lang/Object;)V> (0x000000070c14a250) thrown at [./open/sr
Event: 1.538 Thread 0x0000020e8d3ae000 Exception <a 'java/lang/NoSuchMethodError'{0x000000070aa9a2c8}: java.lang.invoke.DirectMethodHandle$Holder.invokeVirtual(Ljava/lang/Object;Ljava/lang/Object;Ljava/lang/Object;Ljava/lang/Object;)V> (0x000000070aa9a2c8) thrown at [./open/src/hotspot/share/i
Event: 1.766 Thread 0x0000020e8d3ae000 Exception <a 'java/lang/NoSuchMethodError'{0x0000000711bc1df8}: java.lang.invoke.Invokers$Holder.linkToTargetMethod(Ljava/lang/Object;Ljava/lang/Object;Ljava/lang/Object;Ljava/lang/Object;Ljava/lang/Object;Ljava/lang/Object;Ljava/lang/Object;)Ljava/lang/O
Event: 1.767 Thread 0x0000020e8d3ae000 Exception <a 'java/lang/NoSuchMethodError'{0x0000000711bcc800}: java.lang.invoke.DirectMethodHandle$Holder.invokeInterface(Ljava/lang/Object;Ljava/lang/Object;Ljava/lang/Object;Ljava/lang/Object;Ljava/lang/Object;)Ljava/lang/Object;> (0x0000000711bcc800) 
Event: 1.768 Thread 0x0000020e8d3ae000 Exception <a 'java/lang/IncompatibleClassChangeError'{0x0000000711bcff58}: Found class java.lang.Object, but interface was expected> (0x0000000711bcff58) thrown at [./open/src/hotspot/share/interpreter/linkResolver.cpp, line 838]
Event: 1.775 Thread 0x0000020e8d3ae000 Exception <a 'java/lang/NoSuchMethodError'{0x0000000711a5dac8}: java.lang.invoke.DirectMethodHandle$Holder.invokeSpecial(Ljava/lang/Object;Ljava/lang/Object;Ljava/lang/Object;Ljava/lang/Object;Ljava/lang/Object;Ljava/lang/Object;)V> (0x0000000711a5dac8) t
Event: 1.800 Thread 0x0000020e8d3ae000 Exception <a 'java/lang/NoSuchMethodError'{0x00000007117441c8}: java.lang.invoke.DirectMethodHandle$Holder.invokeVirtual(Ljava/lang/Object;Ljava/lang/Object;Ljava/lang/Object;)I> (0x00000007117441c8) thrown at [./open/src/hotspot/share/interpreter/linkRes

Events (10 events):
Event: 1.858 loading class org/springframework/core/ResolvableTypeProvider
Event: 1.858 loading class org/springframework/core/ResolvableTypeProvider done
Event: 1.859 loading class org/springframework/context/event/AbstractApplicationEventMulticaster$ListenerCacheKey
Event: 1.859 loading class org/springframework/context/event/AbstractApplicationEventMulticaster$ListenerCacheKey done
Event: 1.859 loading class org/springframework/context/event/AbstractApplicationEventMulticaster$CachedListenerRetriever
Event: 1.859 loading class org/springframework/context/event/AbstractApplicationEventMulticaster$CachedListenerRetriever done
Event: 1.860 loading class org/springframework/context/event/GenericApplicationListenerAdapter
Event: 1.860 loading class org/springframework/context/event/GenericApplicationListenerAdapter done
Event: 1.862 loading class org/springframework/core/ResolvableType$WildcardBounds
Event: 1.862 loading class org/springframework/core/ResolvableType$WildcardBounds done


Dynamic libraries:
0x00007ff7ebb50000 - 0x00007ff7ebb60000 	C:\Program Files\Java\jdk-11\bin\java.exe
0x00007ffafcf70000 - 0x00007ffafd184000 	C:\WINDOWS\SYSTEM32\ntdll.dll
0x00007ffafba10000 - 0x00007ffafbad2000 	C:\WINDOWS\System32\KERNEL32.DLL
0x00007ffafa4d0000 - 0x00007ffafa873000 	C:\WINDOWS\System32\KERNELBASE.dll
0x00007ffafa880000 - 0x00007ffafa991000 	C:\WINDOWS\System32\ucrtbase.dll
0x00007ffae2040000 - 0x00007ffae205b000 	C:\Program Files\Java\jdk-11\bin\VCRUNTIME140.dll
0x00007ffae2060000 - 0x00007ffae2079000 	C:\Program Files\Java\jdk-11\bin\jli.dll
0x00007ffafbd80000 - 0x00007ffafbe2e000 	C:\WINDOWS\System32\ADVAPI32.dll
0x00007ffafc940000 - 0x00007ffafc9e7000 	C:\WINDOWS\System32\msvcrt.dll
0x00007ffafcaf0000 - 0x00007ffafcb94000 	C:\WINDOWS\System32\sechost.dll
0x00007ffafc6e0000 - 0x00007ffafc7f7000 	C:\WINDOWS\System32\RPCRT4.dll
0x00007ffafad50000 - 0x00007ffafaefb000 	C:\WINDOWS\System32\USER32.dll
0x00007ffad7e80000 - 0x00007ffad810e000 	C:\WINDOWS\WinSxS\amd64_microsoft.windows.common-controls_6595b64144ccf1df_6.0.22621.1635_none_270f70857386168e\COMCTL32.dll
0x00007ffafa430000 - 0x00007ffafa456000 	C:\WINDOWS\System32\win32u.dll
0x00007ffafb5a0000 - 0x00007ffafb5c9000 	C:\WINDOWS\System32\GDI32.dll
0x00007ffafa9a0000 - 0x00007ffafaab9000 	C:\WINDOWS\System32\gdi32full.dll
0x00007ffafac30000 - 0x00007ffafacca000 	C:\WINDOWS\System32\msvcp_win.dll
0x00007ffaf2860000 - 0x00007ffaf286a000 	C:\WINDOWS\SYSTEM32\VERSION.dll
0x00007ffafc800000 - 0x00007ffafc831000 	C:\WINDOWS\System32\IMM32.DLL
0x00007ffaf3470000 - 0x00007ffaf347c000 	C:\Program Files\Java\jdk-11\bin\vcruntime140_1.dll
0x00007ffac6030000 - 0x00007ffac60be000 	C:\Program Files\Java\jdk-11\bin\msvcp140.dll
0x00007ffa6f4d0000 - 0x00007ffa7003c000 	C:\Program Files\Java\jdk-11\bin\server\jvm.dll
0x00007ffafbb60000 - 0x00007ffafbb68000 	C:\WINDOWS\System32\PSAPI.DLL
0x00007ffadc020000 - 0x00007ffadc029000 	C:\WINDOWS\SYSTEM32\WSOCK32.dll
0x00007ffaf2770000 - 0x00007ffaf27a4000 	C:\WINDOWS\SYSTEM32\WINMM.dll
0x00007ffafbae0000 - 0x00007ffafbb51000 	C:\WINDOWS\System32\WS2_32.dll
0x00007ffaf93c0000 - 0x00007ffaf93d8000 	C:\WINDOWS\SYSTEM32\kernel.appcore.dll
0x00007ffae7ba0000 - 0x00007ffae7bb0000 	C:\Program Files\Java\jdk-11\bin\verify.dll
0x00007ffaf7db0000 - 0x00007ffaf7fde000 	C:\WINDOWS\SYSTEM32\DBGHELP.DLL
0x00007ffafcba0000 - 0x00007ffafcf29000 	C:\WINDOWS\System32\combase.dll
0x00007ffafb8b0000 - 0x00007ffafb987000 	C:\WINDOWS\System32\OLEAUT32.dll
0x00007ffadab30000 - 0x00007ffadab62000 	C:\WINDOWS\SYSTEM32\dbgcore.DLL
0x00007ffafacd0000 - 0x00007ffafad4b000 	C:\WINDOWS\System32\bcryptPrimitives.dll
0x00007ffae2010000 - 0x00007ffae2038000 	C:\Program Files\Java\jdk-11\bin\java.dll
0x00007ffae7440000 - 0x00007ffae744a000 	C:\Program Files\Java\jdk-11\bin\jimage.dll
0x00007ffadc950000 - 0x00007ffadc95e000 	C:\Program Files\Java\jdk-11\bin\instrument.dll
0x00007ffadac80000 - 0x00007ffadac97000 	C:\Program Files\Java\jdk-11\bin\zip.dll
0x00007ffafbe30000 - 0x00007ffafc62a000 	C:\WINDOWS\System32\SHELL32.dll
0x00007ffaf8370000 - 0x00007ffaf8c3e000 	C:\WINDOWS\SYSTEM32\windows.storage.dll
0x00007ffaf8230000 - 0x00007ffaf836e000 	C:\WINDOWS\SYSTEM32\wintypes.dll
0x00007ffafc840000 - 0x00007ffafc931000 	C:\WINDOWS\System32\SHCORE.dll
0x00007ffafb540000 - 0x00007ffafb59e000 	C:\WINDOWS\System32\shlwapi.dll
0x00007ffafa2a0000 - 0x00007ffafa2c1000 	C:\WINDOWS\SYSTEM32\profapi.dll
0x00007ffada470000 - 0x00007ffada489000 	C:\Program Files\Java\jdk-11\bin\net.dll
0x00007ffaf2220000 - 0x00007ffaf2357000 	C:\WINDOWS\SYSTEM32\WINHTTP.dll
0x00007ffaf9830000 - 0x00007ffaf9899000 	C:\WINDOWS\system32\mswsock.dll
0x00007ffad4db0000 - 0x00007ffad4dc2000 	C:\Program Files\Java\jdk-11\bin\nio.dll
0x00007ffa69ba0000 - 0x00007ffa69bb7000 	C:\WINDOWS\system32\napinsp.dll
0x00007ffa5bca0000 - 0x00007ffa5bcbb000 	C:\WINDOWS\system32\pnrpnsp.dll
0x00007ffaf8f10000 - 0x00007ffaf9003000 	C:\WINDOWS\SYSTEM32\DNSAPI.dll
0x00007ffaf8ea0000 - 0x00007ffaf8ecd000 	C:\WINDOWS\SYSTEM32\IPHLPAPI.DLL
0x00007ffafb480000 - 0x00007ffafb489000 	C:\WINDOWS\System32\NSI.dll
0x00007ffa5bc80000 - 0x00007ffa5bc91000 	C:\WINDOWS\System32\winrnr.dll
0x00007ffac7d20000 - 0x00007ffac7d35000 	C:\WINDOWS\system32\wshbth.dll
0x00007ffa93ab0000 - 0x00007ffa93ad1000 	C:\WINDOWS\system32\nlansp_c.dll
0x00007ffaefca0000 - 0x00007ffaefcaa000 	C:\Windows\System32\rasadhlp.dll
0x00007ffaf17d0000 - 0x00007ffaf1854000 	C:\WINDOWS\System32\fwpuclnt.dll
0x00007ffaf3520000 - 0x00007ffaf3529000 	C:\Program Files\Java\jdk-11\bin\management.dll
0x00007ffae4a70000 - 0x00007ffae4a7b000 	C:\Program Files\Java\jdk-11\bin\management_ext.dll

dbghelp: loaded successfully - version: 4.0.5 - missing functions: none
symbol engine: initialized successfully - sym options: 0x614 - pdb path: .;C:\Program Files\Java\jdk-11\bin;C:\WINDOWS\SYSTEM32;C:\WINDOWS\WinSxS\amd64_microsoft.windows.common-controls_6595b64144ccf1df_6.0.22621.1635_none_270f70857386168e;C:\Program Files\Java\jdk-11\bin\server

VM Arguments:
jvm_args: -javaagent:C:\\Users\\JUNIOR\\.m2\\repository\\org\\jacoco\\org.jacoco.agent\\0.8.7\\org.jacoco.agent-0.8.7-runtime.jar=destfile=D:\\JAVA_PROYECTOS\\Practica_Experto_Junior_Salinas\\target\\jacoco.exec,excludes=com/PracticaExperto/Practica_Experto_Junior_Salinas/controller/**:com/PracticaExperto/Practica_Experto_Junior_Salinas/model/**:com/PracticaExperto/Practica_Experto_Junior_Salinas/repository/**:com/PracticaExperto/Practica_Experto_Junior_Salinas/service/AutorService.class:com/PracticaExperto/Practica_Experto_Junior_Salinas/service/DireccionService.class:com/PracticaExperto/Practica_Experto_Junior_Salinas/PracticaExpertoJuniorSalinasApplication.class 
java_command: C:\Users\JUNIOR\AppData\Local\Temp\surefire4676005308844778160\surefirebooter2474346850107834695.jar C:\Users\JUNIOR\AppData\Local\Temp\surefire4676005308844778160 2023-09-26T00-58-13_278-jvmRun1 surefire16185478465069363492tmp surefire_014641664452160840768tmp
java_class_path (initial): C:\Users\JUNIOR\AppData\Local\Temp\surefire4676005308844778160\surefirebooter2474346850107834695.jar
Launcher Type: SUN_STANDARD

[Global flags]
     intx CICompilerCount                          = 4                                         {product} {ergonomic}
     uint ConcGCThreads                            = 3                                         {product} {ergonomic}
     uint G1ConcRefinementThreads                  = 10                                        {product} {ergonomic}
   size_t G1HeapRegionSize                         = 1048576                                   {product} {ergonomic}
    uintx GCDrainStackTargetSize                   = 64                                        {product} {ergonomic}
   size_t InitialHeapSize                          = 266338304                                 {product} {ergonomic}
   size_t MarkStackSize                            = 4194304                                   {product} {ergonomic}
   size_t MaxHeapSize                              = 4259315712                                {product} {ergonomic}
   size_t MaxNewSize                               = 2555379712                                {product} {ergonomic}
   size_t MinHeapDeltaBytes                        = 1048576                                   {product} {ergonomic}
    uintx NonNMethodCodeHeapSize                   = 5836300                                {pd product} {ergonomic}
    uintx NonProfiledCodeHeapSize                  = 122910970                              {pd product} {ergonomic}
    uintx ProfiledCodeHeapSize                     = 122910970                              {pd product} {ergonomic}
    uintx ReservedCodeCacheSize                    = 251658240                              {pd product} {ergonomic}
     bool SegmentedCodeCache                       = true                                      {product} {ergonomic}
     bool UseCompressedClassPointers               = true                                 {lp64_product} {ergonomic}
     bool UseCompressedOops                        = true                                 {lp64_product} {ergonomic}
     bool UseG1GC                                  = true                                      {product} {ergonomic}
     bool UseLargePagesIndividualAllocation        = false                                  {pd product} {ergonomic}

Logging:
Log output configuration:
 #0: stdout all=warning uptime,level,tags
 #1: stderr all=off uptime,level,tags

Environment Variables:
JAVA_HOME=C:\Program Files\Java\jdk-11
PATH=C:\Program Files\Java\jdk-11\bin;D:\MAVEN_TECSUP\apache-maven-3.8.8\bin;C:\Program Files (x86)\Common Files\Oracle\Java\javapath;C:\WINDOWS\system32;C:\WINDOWS;C:\WINDOWS\System32\Wbem;C:\WINDOWS\System32\WindowsPowerShell\v1.0\;C:\WINDOWS\System32\OpenSSH\;C:\Program Files\Azure Data Studio\bin;C:\Program Files (x86)\Microsoft SQL Server\140\DTS\Binn\;C:\Program Files\Microsoft SQL Server\Client SDK\ODBC\170\Tools\Binn\;C:\Program Files (x86)\Microsoft SQL Server\150\Tools\Binn\;C:\Program Files\Microsoft SQL Server\150\Tools\Binn\;C:\Program Files\Microsoft SQL Server\150\DTS\Binn\;C:\Program Files (x86)\Microsoft SQL Server\150\DTS\Binn\;C:\Program Files (x86)\Microsoft SQL Server\160\DTS\Binn\;C:\Program Files\Microsoft SQL Server\130\Tools\Binn\;C:\Program Files (x86)\Microsoft SQL Server\110\DTS\Binn\;C:\Program Files (x86)\Microsoft SQL Server\120\DTS\Binn\;C:\Program Files (x86)\Microsoft SQL Server\130\DTS\Binn\;D:\CURSOSPRING\jdk-20.0.1\bin;D:\Git\cmd;C:\xampp\mysql\bin;C:\Program Files\Java\jdk-11\bin;D:\MAVEN_TECSUP\apache-maven-3.8.8\bin;C:\Users\JUNIOR\AppData\Local\Microsoft\WindowsApps;C:\Program Files\Azure Data Studio\bin;D:\CURSOSPRING\jdk-20.0.1\bin;D:\Microsoft VS Code\bin;D:\INTELLIJ IDEA\IntelliJ IDEA Community Edition 2023.2\bin;;
USERNAME=JUNIOR
OS=Windows_NT
PROCESSOR_IDENTIFIER=Intel64 Family 6 Model 158 Stepping 10, GenuineIntel



---------------  S Y S T E M  ---------------

OS: Windows 11 , 64 bit Build 22621 (10.0.22621.1778)

CPU:total 12 (initial active 12) (6 cores per cpu, 2 threads per core) family 6 model 158 stepping 10 microcode 0xf0, cmov, cx8, fxsr, mmx, sse, sse2, sse3, ssse3, sse4.1, sse4.2, popcnt, avx, avx2, aes, clmul, erms, 3dnowpref, lzcnt, ht, tsc, tscinvbit, bmi1, bmi2, adx, fma

Memory: 4k page, system-wide physical 16242M (3821M free)
TotalPageFile size 22685M (AvailPageFile size 20M)
current process WorkingSet (physical memory assigned to process): 276M, peak: 284M
current process commit charge ("private bytes"): 422M, peak: 431M

vm_info: Java HotSpot(TM) 64-Bit Server VM (11.0.19+9-LTS-224) for windows-amd64 JRE (11.0.19+9-LTS-224), built on Mar 27 2023 08:48:55 by "mach5one" with MS VC++ 17.1 (VS2022)

END.
